Split RegFile enabled
Loading memory image file: tests/example20.img
Resetting core...
Running simulation for 80 cycles
Simulation on cycle 0. The state is:
PC = 0x0
Register file:
	R0 = 0x0	R1 = 0x0	R2 = 0x0	R3 = 0x0	R4 = 0x0	R5 = 0x0	R6 = 0x0	R7 = 0x0	R8 = 0x0	R9 = 0x0	R10 = 0x0	R11 = 0x0	R12 = 0x0	R13 = 0x0	R14 = 0x0	R15 = 0x0	R16 = 0x0	R17 = 0x0	R18 = 0x0	R19 = 0x0	R20 = 0x0	R21 = 0x0	R22 = 0x0	R23 = 0x0	R24 = 0x0	R25 = 0x0	R26 = 0x0	R27 = 0x0	R28 = 0x0	R29 = 0x0	R30 = 0x0	R31 = 0x0
Command at each pipe stage:
	IF : LOAD $11 , $0(=0x0) , 4096(=0x0)
	ID : NOP $0 , $0(=0x0) , $0(=0x0)
	EXE : NOP $0 , $0(=0x0) , $0(=0x0)
	MEM : NOP $0 , $0(=0x0) , $0(=0x0)
	WB : NOP $0 , $0(=0x0) , $0(=0x0)


Simulation on cycle 1. The state is:
PC = 0x4
Register file:
	R0 = 0x0	R1 = 0x0	R2 = 0x0	R3 = 0x0	R4 = 0x0	R5 = 0x0	R6 = 0x0	R7 = 0x0	R8 = 0x0	R9 = 0x0	R10 = 0x0	R11 = 0x0	R12 = 0x0	R13 = 0x0	R14 = 0x0	R15 = 0x0	R16 = 0x0	R17 = 0x0	R18 = 0x0	R19 = 0x0	R20 = 0x0	R21 = 0x0	R22 = 0x0	R23 = 0x0	R24 = 0x0	R25 = 0x0	R26 = 0x0	R27 = 0x0	R28 = 0x0	R29 = 0x0	R30 = 0x0	R31 = 0x0
Command at each pipe stage:
	IF : ADD $12 , $0(=0x0) , $11(=0x0)
	ID : LOAD $11 , $0(=0x0) , 4096(=0x1000)
	EXE : NOP $0 , $0(=0x0) , $0(=0x0)
	MEM : NOP $0 , $0(=0x0) , $0(=0x0)
	WB : NOP $0 , $0(=0x0) , $0(=0x0)


Simulation on cycle 2. The state is:
PC = 0x8
Register file:
	R0 = 0x0	R1 = 0x0	R2 = 0x0	R3 = 0x0	R4 = 0x0	R5 = 0x0	R6 = 0x0	R7 = 0x0	R8 = 0x0	R9 = 0x0	R10 = 0x0	R11 = 0x0	R12 = 0x0	R13 = 0x0	R14 = 0x0	R15 = 0x0	R16 = 0x0	R17 = 0x0	R18 = 0x0	R19 = 0x0	R20 = 0x0	R21 = 0x0	R22 = 0x0	R23 = 0x0	R24 = 0x0	R25 = 0x0	R26 = 0x0	R27 = 0x0	R28 = 0x0	R29 = 0x0	R30 = 0x0	R31 = 0x0
Command at each pipe stage:
	IF : SUB $16 , $12(=0x0) , $0(=0x0)
	ID : ADD $12 , $0(=0x0) , $11(=0x0)
	EXE : LOAD $11 , $0(=0x0) , 4096(=0x1000)
	MEM : NOP $0 , $0(=0x0) , $0(=0x0)
	WB : NOP $0 , $0(=0x0) , $0(=0x0)


Simulation on cycle 3. The state is:
PC = 0x8
Register file:
	R0 = 0x0	R1 = 0x0	R2 = 0x0	R3 = 0x0	R4 = 0x0	R5 = 0x0	R6 = 0x0	R7 = 0x0	R8 = 0x0	R9 = 0x0	R10 = 0x0	R11 = 0x0	R12 = 0x0	R13 = 0x0	R14 = 0x0	R15 = 0x0	R16 = 0x0	R17 = 0x0	R18 = 0x0	R19 = 0x0	R20 = 0x0	R21 = 0x0	R22 = 0x0	R23 = 0x0	R24 = 0x0	R25 = 0x0	R26 = 0x0	R27 = 0x0	R28 = 0x0	R29 = 0x0	R30 = 0x0	R31 = 0x0
Command at each pipe stage:
	IF : SUB $16 , $12(=0x0) , $0(=0x0)
	ID : ADD $12 , $0(=0x0) , $11(=0x0)
	EXE : NOP $0 , $0(=0x0) , $0(=0x0)
	MEM : LOAD $11 , $0(=0x0) , 4096(=0x1000)
	WB : NOP $0 , $0(=0x0) , $0(=0x0)


Simulation on cycle 4. The state is:
PC = 0x8
Register file:
	R0 = 0x0	R1 = 0x0	R2 = 0x0	R3 = 0x0	R4 = 0x0	R5 = 0x0	R6 = 0x0	R7 = 0x0	R8 = 0x0	R9 = 0x0	R10 = 0x0	R11 = 0x0	R12 = 0x0	R13 = 0x0	R14 = 0x0	R15 = 0x0	R16 = 0x0	R17 = 0x0	R18 = 0x0	R19 = 0x0	R20 = 0x0	R21 = 0x0	R22 = 0x0	R23 = 0x0	R24 = 0x0	R25 = 0x0	R26 = 0x0	R27 = 0x0	R28 = 0x0	R29 = 0x0	R30 = 0x0	R31 = 0x0
Command at each pipe stage:
	IF : SUB $16 , $12(=0x0) , $0(=0x0)
	ID : ADD $12 , $0(=0x0) , $11(=0x0)
	EXE : NOP $0 , $0(=0x0) , $0(=0x0)
	MEM : LOAD $11 , $0(=0x0) , 4096(=0x1000)
	WB : NOP $0 , $0(=0x0) , $0(=0x0)


Simulation on cycle 5. The state is:
PC = 0x8
Register file:
	R0 = 0x0	R1 = 0x0	R2 = 0x0	R3 = 0x0	R4 = 0x0	R5 = 0x0	R6 = 0x0	R7 = 0x0	R8 = 0x0	R9 = 0x0	R10 = 0x0	R11 = 0x0	R12 = 0x0	R13 = 0x0	R14 = 0x0	R15 = 0x0	R16 = 0x0	R17 = 0x0	R18 = 0x0	R19 = 0x0	R20 = 0x0	R21 = 0x0	R22 = 0x0	R23 = 0x0	R24 = 0x0	R25 = 0x0	R26 = 0x0	R27 = 0x0	R28 = 0x0	R29 = 0x0	R30 = 0x0	R31 = 0x0
Command at each pipe stage:
	IF : SUB $16 , $12(=0x0) , $0(=0x0)
	ID : ADD $12 , $0(=0x0) , $11(=0x0)
	EXE : NOP $0 , $0(=0x0) , $0(=0x0)
	MEM : LOAD $11 , $0(=0x0) , 4096(=0x1000)
	WB : NOP $0 , $0(=0x0) , $0(=0x0)


Simulation on cycle 6. The state is:
PC = 0x8
Register file:
	R0 = 0x0	R1 = 0x0	R2 = 0x0	R3 = 0x0	R4 = 0x0	R5 = 0x0	R6 = 0x0	R7 = 0x0	R8 = 0x0	R9 = 0x0	R10 = 0x0	R11 = 0x0	R12 = 0x0	R13 = 0x0	R14 = 0x0	R15 = 0x0	R16 = 0x0	R17 = 0x0	R18 = 0x0	R19 = 0x0	R20 = 0x0	R21 = 0x0	R22 = 0x0	R23 = 0x0	R24 = 0x0	R25 = 0x0	R26 = 0x0	R27 = 0x0	R28 = 0x0	R29 = 0x0	R30 = 0x0	R31 = 0x0
Command at each pipe stage:
	IF : SUB $16 , $12(=0x0) , $0(=0x0)
	ID : ADD $12 , $0(=0x0) , $11(=0x0)
	EXE : NOP $0 , $0(=0x0) , $0(=0x0)
	MEM : LOAD $11 , $0(=0x0) , 4096(=0x1000)
	WB : NOP $0 , $0(=0x0) , $0(=0x0)


Simulation on cycle 7. The state is:
PC = 0x8
Register file:
	R0 = 0x0	R1 = 0x0	R2 = 0x0	R3 = 0x0	R4 = 0x0	R5 = 0x0	R6 = 0x0	R7 = 0x0	R8 = 0x0	R9 = 0x0	R10 = 0x0	R11 = 0x1	R12 = 0x0	R13 = 0x0	R14 = 0x0	R15 = 0x0	R16 = 0x0	R17 = 0x0	R18 = 0x0	R19 = 0x0	R20 = 0x0	R21 = 0x0	R22 = 0x0	R23 = 0x0	R24 = 0x0	R25 = 0x0	R26 = 0x0	R27 = 0x0	R28 = 0x0	R29 = 0x0	R30 = 0x0	R31 = 0x0
Command at each pipe stage:
	IF : SUB $16 , $12(=0x0) , $0(=0x0)
	ID : ADD $12 , $0(=0x0) , $11(=0x1)
	EXE : NOP $0 , $0(=0x0) , $0(=0x0)
	MEM : NOP $0 , $0(=0x0) , $0(=0x0)
	WB : LOAD $11 , $0(=0x0) , 4096(=0x1000)


Simulation on cycle 8. The state is:
PC = 0xC
Register file:
	R0 = 0x0	R1 = 0x0	R2 = 0x0	R3 = 0x0	R4 = 0x0	R5 = 0x0	R6 = 0x0	R7 = 0x0	R8 = 0x0	R9 = 0x0	R10 = 0x0	R11 = 0x1	R12 = 0x0	R13 = 0x0	R14 = 0x0	R15 = 0x0	R16 = 0x0	R17 = 0x0	R18 = 0x0	R19 = 0x0	R20 = 0x0	R21 = 0x0	R22 = 0x0	R23 = 0x0	R24 = 0x0	R25 = 0x0	R26 = 0x0	R27 = 0x0	R28 = 0x0	R29 = 0x0	R30 = 0x0	R31 = 0x0
Command at each pipe stage:
	IF : ADD $12 , $0(=0x0) , $16(=0x0)
	ID : SUB $16 , $12(=0x0) , $0(=0x0)
	EXE : ADD $12 , $0(=0x0) , $11(=0x1)
	MEM : NOP $0 , $0(=0x0) , $0(=0x0)
	WB : NOP $0 , $0(=0x0) , $0(=0x0)


Simulation on cycle 9. The state is:
PC = 0xC
Register file:
	R0 = 0x0	R1 = 0x0	R2 = 0x0	R3 = 0x0	R4 = 0x0	R5 = 0x0	R6 = 0x0	R7 = 0x0	R8 = 0x0	R9 = 0x0	R10 = 0x0	R11 = 0x1	R12 = 0x0	R13 = 0x0	R14 = 0x0	R15 = 0x0	R16 = 0x0	R17 = 0x0	R18 = 0x0	R19 = 0x0	R20 = 0x0	R21 = 0x0	R22 = 0x0	R23 = 0x0	R24 = 0x0	R25 = 0x0	R26 = 0x0	R27 = 0x0	R28 = 0x0	R29 = 0x0	R30 = 0x0	R31 = 0x0
Command at each pipe stage:
	IF : ADD $12 , $0(=0x0) , $16(=0x0)
	ID : SUB $16 , $12(=0x0) , $0(=0x0)
	EXE : NOP $0 , $0(=0x0) , $0(=0x0)
	MEM : ADD $12 , $0(=0x0) , $11(=0x1)
	WB : NOP $0 , $0(=0x0) , $0(=0x0)


Simulation on cycle 10. The state is:
PC = 0xC
Register file:
	R0 = 0x0	R1 = 0x0	R2 = 0x0	R3 = 0x0	R4 = 0x0	R5 = 0x0	R6 = 0x0	R7 = 0x0	R8 = 0x0	R9 = 0x0	R10 = 0x0	R11 = 0x1	R12 = 0x1	R13 = 0x0	R14 = 0x0	R15 = 0x0	R16 = 0x0	R17 = 0x0	R18 = 0x0	R19 = 0x0	R20 = 0x0	R21 = 0x0	R22 = 0x0	R23 = 0x0	R24 = 0x0	R25 = 0x0	R26 = 0x0	R27 = 0x0	R28 = 0x0	R29 = 0x0	R30 = 0x0	R31 = 0x0
Command at each pipe stage:
	IF : ADD $12 , $0(=0x0) , $16(=0x0)
	ID : SUB $16 , $12(=0x1) , $0(=0x0)
	EXE : NOP $0 , $0(=0x0) , $0(=0x0)
	MEM : NOP $0 , $0(=0x0) , $0(=0x0)
	WB : ADD $12 , $0(=0x0) , $11(=0x1)


Simulation on cycle 11. The state is:
PC = 0x10
Register file:
	R0 = 0x0	R1 = 0x0	R2 = 0x0	R3 = 0x0	R4 = 0x0	R5 = 0x0	R6 = 0x0	R7 = 0x0	R8 = 0x0	R9 = 0x0	R10 = 0x0	R11 = 0x1	R12 = 0x1	R13 = 0x0	R14 = 0x0	R15 = 0x0	R16 = 0x0	R17 = 0x0	R18 = 0x0	R19 = 0x0	R20 = 0x0	R21 = 0x0	R22 = 0x0	R23 = 0x0	R24 = 0x0	R25 = 0x0	R26 = 0x0	R27 = 0x0	R28 = 0x0	R29 = 0x0	R30 = 0x0	R31 = 0x0
Command at each pipe stage:
	IF : ADD $13 , $11(=0x0) , $12(=0x0)
	ID : ADD $12 , $0(=0x0) , $16(=0x0)
	EXE : SUB $16 , $12(=0x1) , $0(=0x0)
	MEM : NOP $0 , $0(=0x0) , $0(=0x0)
	WB : NOP $0 , $0(=0x0) , $0(=0x0)


Simulation on cycle 12. The state is:
PC = 0x10
Register file:
	R0 = 0x0	R1 = 0x0	R2 = 0x0	R3 = 0x0	R4 = 0x0	R5 = 0x0	R6 = 0x0	R7 = 0x0	R8 = 0x0	R9 = 0x0	R10 = 0x0	R11 = 0x1	R12 = 0x1	R13 = 0x0	R14 = 0x0	R15 = 0x0	R16 = 0x0	R17 = 0x0	R18 = 0x0	R19 = 0x0	R20 = 0x0	R21 = 0x0	R22 = 0x0	R23 = 0x0	R24 = 0x0	R25 = 0x0	R26 = 0x0	R27 = 0x0	R28 = 0x0	R29 = 0x0	R30 = 0x0	R31 = 0x0
Command at each pipe stage:
	IF : ADD $13 , $11(=0x0) , $12(=0x0)
	ID : ADD $12 , $0(=0x0) , $16(=0x0)
	EXE : NOP $0 , $0(=0x0) , $0(=0x0)
	MEM : SUB $16 , $12(=0x1) , $0(=0x0)
	WB : NOP $0 , $0(=0x0) , $0(=0x0)


Simulation on cycle 13. The state is:
PC = 0x10
Register file:
	R0 = 0x0	R1 = 0x0	R2 = 0x0	R3 = 0x0	R4 = 0x0	R5 = 0x0	R6 = 0x0	R7 = 0x0	R8 = 0x0	R9 = 0x0	R10 = 0x0	R11 = 0x1	R12 = 0x1	R13 = 0x0	R14 = 0x0	R15 = 0x0	R16 = 0x1	R17 = 0x0	R18 = 0x0	R19 = 0x0	R20 = 0x0	R21 = 0x0	R22 = 0x0	R23 = 0x0	R24 = 0x0	R25 = 0x0	R26 = 0x0	R27 = 0x0	R28 = 0x0	R29 = 0x0	R30 = 0x0	R31 = 0x0
Command at each pipe stage:
	IF : ADD $13 , $11(=0x0) , $12(=0x0)
	ID : ADD $12 , $0(=0x0) , $16(=0x1)
	EXE : NOP $0 , $0(=0x0) , $0(=0x0)
	MEM : NOP $0 , $0(=0x0) , $0(=0x0)
	WB : SUB $16 , $12(=0x1) , $0(=0x0)


Simulation on cycle 14. The state is:
PC = 0x14
Register file:
	R0 = 0x0	R1 = 0x0	R2 = 0x0	R3 = 0x0	R4 = 0x0	R5 = 0x0	R6 = 0x0	R7 = 0x0	R8 = 0x0	R9 = 0x0	R10 = 0x0	R11 = 0x1	R12 = 0x1	R13 = 0x0	R14 = 0x0	R15 = 0x0	R16 = 0x1	R17 = 0x0	R18 = 0x0	R19 = 0x0	R20 = 0x0	R21 = 0x0	R22 = 0x0	R23 = 0x0	R24 = 0x0	R25 = 0x0	R26 = 0x0	R27 = 0x0	R28 = 0x0	R29 = 0x0	R30 = 0x0	R31 = 0x0
Command at each pipe stage:
	IF : SUB $17 , $13(=0x0) , $12(=0x0)
	ID : ADD $13 , $11(=0x1) , $12(=0x1)
	EXE : ADD $12 , $0(=0x0) , $16(=0x1)
	MEM : NOP $0 , $0(=0x0) , $0(=0x0)
	WB : NOP $0 , $0(=0x0) , $0(=0x0)


Simulation on cycle 15. The state is:
PC = 0x14
Register file:
	R0 = 0x0	R1 = 0x0	R2 = 0x0	R3 = 0x0	R4 = 0x0	R5 = 0x0	R6 = 0x0	R7 = 0x0	R8 = 0x0	R9 = 0x0	R10 = 0x0	R11 = 0x1	R12 = 0x1	R13 = 0x0	R14 = 0x0	R15 = 0x0	R16 = 0x1	R17 = 0x0	R18 = 0x0	R19 = 0x0	R20 = 0x0	R21 = 0x0	R22 = 0x0	R23 = 0x0	R24 = 0x0	R25 = 0x0	R26 = 0x0	R27 = 0x0	R28 = 0x0	R29 = 0x0	R30 = 0x0	R31 = 0x0
Command at each pipe stage:
	IF : SUB $17 , $13(=0x0) , $12(=0x0)
	ID : ADD $13 , $11(=0x1) , $12(=0x1)
	EXE : NOP $0 , $0(=0x0) , $0(=0x0)
	MEM : ADD $12 , $0(=0x0) , $16(=0x1)
	WB : NOP $0 , $0(=0x0) , $0(=0x0)


Simulation on cycle 16. The state is:
PC = 0x14
Register file:
	R0 = 0x0	R1 = 0x0	R2 = 0x0	R3 = 0x0	R4 = 0x0	R5 = 0x0	R6 = 0x0	R7 = 0x0	R8 = 0x0	R9 = 0x0	R10 = 0x0	R11 = 0x1	R12 = 0x1	R13 = 0x0	R14 = 0x0	R15 = 0x0	R16 = 0x1	R17 = 0x0	R18 = 0x0	R19 = 0x0	R20 = 0x0	R21 = 0x0	R22 = 0x0	R23 = 0x0	R24 = 0x0	R25 = 0x0	R26 = 0x0	R27 = 0x0	R28 = 0x0	R29 = 0x0	R30 = 0x0	R31 = 0x0
Command at each pipe stage:
	IF : SUB $17 , $13(=0x0) , $12(=0x0)
	ID : ADD $13 , $11(=0x1) , $12(=0x1)
	EXE : NOP $0 , $0(=0x0) , $0(=0x0)
	MEM : NOP $0 , $0(=0x0) , $0(=0x0)
	WB : ADD $12 , $0(=0x0) , $16(=0x1)


Simulation on cycle 17. The state is:
PC = 0x18
Register file:
	R0 = 0x0	R1 = 0x0	R2 = 0x0	R3 = 0x0	R4 = 0x0	R5 = 0x0	R6 = 0x0	R7 = 0x0	R8 = 0x0	R9 = 0x0	R10 = 0x0	R11 = 0x1	R12 = 0x1	R13 = 0x0	R14 = 0x0	R15 = 0x0	R16 = 0x1	R17 = 0x0	R18 = 0x0	R19 = 0x0	R20 = 0x0	R21 = 0x0	R22 = 0x0	R23 = 0x0	R24 = 0x0	R25 = 0x0	R26 = 0x0	R27 = 0x0	R28 = 0x0	R29 = 0x0	R30 = 0x0	R31 = 0x0
Command at each pipe stage:
	IF : ADD $12 , $0(=0x0) , $17(=0x0)
	ID : SUB $17 , $13(=0x0) , $12(=0x1)
	EXE : ADD $13 , $11(=0x1) , $12(=0x1)
	MEM : NOP $0 , $0(=0x0) , $0(=0x0)
	WB : NOP $0 , $0(=0x0) , $0(=0x0)


Simulation on cycle 18. The state is:
PC = 0x18
Register file:
	R0 = 0x0	R1 = 0x0	R2 = 0x0	R3 = 0x0	R4 = 0x0	R5 = 0x0	R6 = 0x0	R7 = 0x0	R8 = 0x0	R9 = 0x0	R10 = 0x0	R11 = 0x1	R12 = 0x1	R13 = 0x0	R14 = 0x0	R15 = 0x0	R16 = 0x1	R17 = 0x0	R18 = 0x0	R19 = 0x0	R20 = 0x0	R21 = 0x0	R22 = 0x0	R23 = 0x0	R24 = 0x0	R25 = 0x0	R26 = 0x0	R27 = 0x0	R28 = 0x0	R29 = 0x0	R30 = 0x0	R31 = 0x0
Command at each pipe stage:
	IF : ADD $12 , $0(=0x0) , $17(=0x0)
	ID : SUB $17 , $13(=0x0) , $12(=0x1)
	EXE : NOP $0 , $0(=0x0) , $0(=0x0)
	MEM : ADD $13 , $11(=0x1) , $12(=0x1)
	WB : NOP $0 , $0(=0x0) , $0(=0x0)


Simulation on cycle 19. The state is:
PC = 0x18
Register file:
	R0 = 0x0	R1 = 0x0	R2 = 0x0	R3 = 0x0	R4 = 0x0	R5 = 0x0	R6 = 0x0	R7 = 0x0	R8 = 0x0	R9 = 0x0	R10 = 0x0	R11 = 0x1	R12 = 0x1	R13 = 0x2	R14 = 0x0	R15 = 0x0	R16 = 0x1	R17 = 0x0	R18 = 0x0	R19 = 0x0	R20 = 0x0	R21 = 0x0	R22 = 0x0	R23 = 0x0	R24 = 0x0	R25 = 0x0	R26 = 0x0	R27 = 0x0	R28 = 0x0	R29 = 0x0	R30 = 0x0	R31 = 0x0
Command at each pipe stage:
	IF : ADD $12 , $0(=0x0) , $17(=0x0)
	ID : SUB $17 , $13(=0x2) , $12(=0x1)
	EXE : NOP $0 , $0(=0x0) , $0(=0x0)
	MEM : NOP $0 , $0(=0x0) , $0(=0x0)
	WB : ADD $13 , $11(=0x1) , $12(=0x1)


Simulation on cycle 20. The state is:
PC = 0x1C
Register file:
	R0 = 0x0	R1 = 0x0	R2 = 0x0	R3 = 0x0	R4 = 0x0	R5 = 0x0	R6 = 0x0	R7 = 0x0	R8 = 0x0	R9 = 0x0	R10 = 0x0	R11 = 0x1	R12 = 0x1	R13 = 0x2	R14 = 0x0	R15 = 0x0	R16 = 0x1	R17 = 0x0	R18 = 0x0	R19 = 0x0	R20 = 0x0	R21 = 0x0	R22 = 0x0	R23 = 0x0	R24 = 0x0	R25 = 0x0	R26 = 0x0	R27 = 0x0	R28 = 0x0	R29 = 0x0	R30 = 0x0	R31 = 0x0
Command at each pipe stage:
	IF : ADD $13 , $11(=0x0) , $12(=0x0)
	ID : ADD $12 , $0(=0x0) , $17(=0x0)
	EXE : SUB $17 , $13(=0x2) , $12(=0x1)
	MEM : NOP $0 , $0(=0x0) , $0(=0x0)
	WB : NOP $0 , $0(=0x0) , $0(=0x0)


Simulation on cycle 21. The state is:
PC = 0x1C
Register file:
	R0 = 0x0	R1 = 0x0	R2 = 0x0	R3 = 0x0	R4 = 0x0	R5 = 0x0	R6 = 0x0	R7 = 0x0	R8 = 0x0	R9 = 0x0	R10 = 0x0	R11 = 0x1	R12 = 0x1	R13 = 0x2	R14 = 0x0	R15 = 0x0	R16 = 0x1	R17 = 0x0	R18 = 0x0	R19 = 0x0	R20 = 0x0	R21 = 0x0	R22 = 0x0	R23 = 0x0	R24 = 0x0	R25 = 0x0	R26 = 0x0	R27 = 0x0	R28 = 0x0	R29 = 0x0	R30 = 0x0	R31 = 0x0
Command at each pipe stage:
	IF : ADD $13 , $11(=0x0) , $12(=0x0)
	ID : ADD $12 , $0(=0x0) , $17(=0x0)
	EXE : NOP $0 , $0(=0x0) , $0(=0x0)
	MEM : SUB $17 , $13(=0x2) , $12(=0x1)
	WB : NOP $0 , $0(=0x0) , $0(=0x0)


Simulation on cycle 22. The state is:
PC = 0x1C
Register file:
	R0 = 0x0	R1 = 0x0	R2 = 0x0	R3 = 0x0	R4 = 0x0	R5 = 0x0	R6 = 0x0	R7 = 0x0	R8 = 0x0	R9 = 0x0	R10 = 0x0	R11 = 0x1	R12 = 0x1	R13 = 0x2	R14 = 0x0	R15 = 0x0	R16 = 0x1	R17 = 0x1	R18 = 0x0	R19 = 0x0	R20 = 0x0	R21 = 0x0	R22 = 0x0	R23 = 0x0	R24 = 0x0	R25 = 0x0	R26 = 0x0	R27 = 0x0	R28 = 0x0	R29 = 0x0	R30 = 0x0	R31 = 0x0
Command at each pipe stage:
	IF : ADD $13 , $11(=0x0) , $12(=0x0)
	ID : ADD $12 , $0(=0x0) , $17(=0x1)
	EXE : NOP $0 , $0(=0x0) , $0(=0x0)
	MEM : NOP $0 , $0(=0x0) , $0(=0x0)
	WB : SUB $17 , $13(=0x2) , $12(=0x1)


Simulation on cycle 23. The state is:
PC = 0x20
Register file:
	R0 = 0x0	R1 = 0x0	R2 = 0x0	R3 = 0x0	R4 = 0x0	R5 = 0x0	R6 = 0x0	R7 = 0x0	R8 = 0x0	R9 = 0x0	R10 = 0x0	R11 = 0x1	R12 = 0x1	R13 = 0x2	R14 = 0x0	R15 = 0x0	R16 = 0x1	R17 = 0x1	R18 = 0x0	R19 = 0x0	R20 = 0x0	R21 = 0x0	R22 = 0x0	R23 = 0x0	R24 = 0x0	R25 = 0x0	R26 = 0x0	R27 = 0x0	R28 = 0x0	R29 = 0x0	R30 = 0x0	R31 = 0x0
Command at each pipe stage:
	IF : ADD $14 , $11(=0x0) , $13(=0x0)
	ID : ADD $13 , $11(=0x1) , $12(=0x1)
	EXE : ADD $12 , $0(=0x0) , $17(=0x1)
	MEM : NOP $0 , $0(=0x0) , $0(=0x0)
	WB : NOP $0 , $0(=0x0) , $0(=0x0)


Simulation on cycle 24. The state is:
PC = 0x20
Register file:
	R0 = 0x0	R1 = 0x0	R2 = 0x0	R3 = 0x0	R4 = 0x0	R5 = 0x0	R6 = 0x0	R7 = 0x0	R8 = 0x0	R9 = 0x0	R10 = 0x0	R11 = 0x1	R12 = 0x1	R13 = 0x2	R14 = 0x0	R15 = 0x0	R16 = 0x1	R17 = 0x1	R18 = 0x0	R19 = 0x0	R20 = 0x0	R21 = 0x0	R22 = 0x0	R23 = 0x0	R24 = 0x0	R25 = 0x0	R26 = 0x0	R27 = 0x0	R28 = 0x0	R29 = 0x0	R30 = 0x0	R31 = 0x0
Command at each pipe stage:
	IF : ADD $14 , $11(=0x0) , $13(=0x0)
	ID : ADD $13 , $11(=0x1) , $12(=0x1)
	EXE : NOP $0 , $0(=0x0) , $0(=0x0)
	MEM : ADD $12 , $0(=0x0) , $17(=0x1)
	WB : NOP $0 , $0(=0x0) , $0(=0x0)


Simulation on cycle 25. The state is:
PC = 0x20
Register file:
	R0 = 0x0	R1 = 0x0	R2 = 0x0	R3 = 0x0	R4 = 0x0	R5 = 0x0	R6 = 0x0	R7 = 0x0	R8 = 0x0	R9 = 0x0	R10 = 0x0	R11 = 0x1	R12 = 0x1	R13 = 0x2	R14 = 0x0	R15 = 0x0	R16 = 0x1	R17 = 0x1	R18 = 0x0	R19 = 0x0	R20 = 0x0	R21 = 0x0	R22 = 0x0	R23 = 0x0	R24 = 0x0	R25 = 0x0	R26 = 0x0	R27 = 0x0	R28 = 0x0	R29 = 0x0	R30 = 0x0	R31 = 0x0
Command at each pipe stage:
	IF : ADD $14 , $11(=0x0) , $13(=0x0)
	ID : ADD $13 , $11(=0x1) , $12(=0x1)
	EXE : NOP $0 , $0(=0x0) , $0(=0x0)
	MEM : NOP $0 , $0(=0x0) , $0(=0x0)
	WB : ADD $12 , $0(=0x0) , $17(=0x1)


Simulation on cycle 26. The state is:
PC = 0x24
Register file:
	R0 = 0x0	R1 = 0x0	R2 = 0x0	R3 = 0x0	R4 = 0x0	R5 = 0x0	R6 = 0x0	R7 = 0x0	R8 = 0x0	R9 = 0x0	R10 = 0x0	R11 = 0x1	R12 = 0x1	R13 = 0x2	R14 = 0x0	R15 = 0x0	R16 = 0x1	R17 = 0x1	R18 = 0x0	R19 = 0x0	R20 = 0x0	R21 = 0x0	R22 = 0x0	R23 = 0x0	R24 = 0x0	R25 = 0x0	R26 = 0x0	R27 = 0x0	R28 = 0x0	R29 = 0x0	R30 = 0x0	R31 = 0x0
Command at each pipe stage:
	IF : SUB $18 , $14(=0x0) , $12(=0x0)
	ID : ADD $14 , $11(=0x1) , $13(=0x2)
	EXE : ADD $13 , $11(=0x1) , $12(=0x1)
	MEM : NOP $0 , $0(=0x0) , $0(=0x0)
	WB : NOP $0 , $0(=0x0) , $0(=0x0)


Simulation on cycle 27. The state is:
PC = 0x24
Register file:
	R0 = 0x0	R1 = 0x0	R2 = 0x0	R3 = 0x0	R4 = 0x0	R5 = 0x0	R6 = 0x0	R7 = 0x0	R8 = 0x0	R9 = 0x0	R10 = 0x0	R11 = 0x1	R12 = 0x1	R13 = 0x2	R14 = 0x0	R15 = 0x0	R16 = 0x1	R17 = 0x1	R18 = 0x0	R19 = 0x0	R20 = 0x0	R21 = 0x0	R22 = 0x0	R23 = 0x0	R24 = 0x0	R25 = 0x0	R26 = 0x0	R27 = 0x0	R28 = 0x0	R29 = 0x0	R30 = 0x0	R31 = 0x0
Command at each pipe stage:
	IF : SUB $18 , $14(=0x0) , $12(=0x0)
	ID : ADD $14 , $11(=0x1) , $13(=0x2)
	EXE : NOP $0 , $0(=0x0) , $0(=0x0)
	MEM : ADD $13 , $11(=0x1) , $12(=0x1)
	WB : NOP $0 , $0(=0x0) , $0(=0x0)


Simulation on cycle 28. The state is:
PC = 0x24
Register file:
	R0 = 0x0	R1 = 0x0	R2 = 0x0	R3 = 0x0	R4 = 0x0	R5 = 0x0	R6 = 0x0	R7 = 0x0	R8 = 0x0	R9 = 0x0	R10 = 0x0	R11 = 0x1	R12 = 0x1	R13 = 0x2	R14 = 0x0	R15 = 0x0	R16 = 0x1	R17 = 0x1	R18 = 0x0	R19 = 0x0	R20 = 0x0	R21 = 0x0	R22 = 0x0	R23 = 0x0	R24 = 0x0	R25 = 0x0	R26 = 0x0	R27 = 0x0	R28 = 0x0	R29 = 0x0	R30 = 0x0	R31 = 0x0
Command at each pipe stage:
	IF : SUB $18 , $14(=0x0) , $12(=0x0)
	ID : ADD $14 , $11(=0x1) , $13(=0x2)
	EXE : NOP $0 , $0(=0x0) , $0(=0x0)
	MEM : NOP $0 , $0(=0x0) , $0(=0x0)
	WB : ADD $13 , $11(=0x1) , $12(=0x1)


Simulation on cycle 29. The state is:
PC = 0x28
Register file:
	R0 = 0x0	R1 = 0x0	R2 = 0x0	R3 = 0x0	R4 = 0x0	R5 = 0x0	R6 = 0x0	R7 = 0x0	R8 = 0x0	R9 = 0x0	R10 = 0x0	R11 = 0x1	R12 = 0x1	R13 = 0x2	R14 = 0x0	R15 = 0x0	R16 = 0x1	R17 = 0x1	R18 = 0x0	R19 = 0x0	R20 = 0x0	R21 = 0x0	R22 = 0x0	R23 = 0x0	R24 = 0x0	R25 = 0x0	R26 = 0x0	R27 = 0x0	R28 = 0x0	R29 = 0x0	R30 = 0x0	R31 = 0x0
Command at each pipe stage:
	IF : ADD $12 , $0(=0x0) , $18(=0x0)
	ID : SUB $18 , $14(=0x0) , $12(=0x1)
	EXE : ADD $14 , $11(=0x1) , $13(=0x2)
	MEM : NOP $0 , $0(=0x0) , $0(=0x0)
	WB : NOP $0 , $0(=0x0) , $0(=0x0)


Simulation on cycle 30. The state is:
PC = 0x28
Register file:
	R0 = 0x0	R1 = 0x0	R2 = 0x0	R3 = 0x0	R4 = 0x0	R5 = 0x0	R6 = 0x0	R7 = 0x0	R8 = 0x0	R9 = 0x0	R10 = 0x0	R11 = 0x1	R12 = 0x1	R13 = 0x2	R14 = 0x0	R15 = 0x0	R16 = 0x1	R17 = 0x1	R18 = 0x0	R19 = 0x0	R20 = 0x0	R21 = 0x0	R22 = 0x0	R23 = 0x0	R24 = 0x0	R25 = 0x0	R26 = 0x0	R27 = 0x0	R28 = 0x0	R29 = 0x0	R30 = 0x0	R31 = 0x0
Command at each pipe stage:
	IF : ADD $12 , $0(=0x0) , $18(=0x0)
	ID : SUB $18 , $14(=0x0) , $12(=0x1)
	EXE : NOP $0 , $0(=0x0) , $0(=0x0)
	MEM : ADD $14 , $11(=0x1) , $13(=0x2)
	WB : NOP $0 , $0(=0x0) , $0(=0x0)


Simulation on cycle 31. The state is:
PC = 0x28
Register file:
	R0 = 0x0	R1 = 0x0	R2 = 0x0	R3 = 0x0	R4 = 0x0	R5 = 0x0	R6 = 0x0	R7 = 0x0	R8 = 0x0	R9 = 0x0	R10 = 0x0	R11 = 0x1	R12 = 0x1	R13 = 0x2	R14 = 0x3	R15 = 0x0	R16 = 0x1	R17 = 0x1	R18 = 0x0	R19 = 0x0	R20 = 0x0	R21 = 0x0	R22 = 0x0	R23 = 0x0	R24 = 0x0	R25 = 0x0	R26 = 0x0	R27 = 0x0	R28 = 0x0	R29 = 0x0	R30 = 0x0	R31 = 0x0
Command at each pipe stage:
	IF : ADD $12 , $0(=0x0) , $18(=0x0)
	ID : SUB $18 , $14(=0x3) , $12(=0x1)
	EXE : NOP $0 , $0(=0x0) , $0(=0x0)
	MEM : NOP $0 , $0(=0x0) , $0(=0x0)
	WB : ADD $14 , $11(=0x1) , $13(=0x2)


Simulation on cycle 32. The state is:
PC = 0x2C
Register file:
	R0 = 0x0	R1 = 0x0	R2 = 0x0	R3 = 0x0	R4 = 0x0	R5 = 0x0	R6 = 0x0	R7 = 0x0	R8 = 0x0	R9 = 0x0	R10 = 0x0	R11 = 0x1	R12 = 0x1	R13 = 0x2	R14 = 0x3	R15 = 0x0	R16 = 0x1	R17 = 0x1	R18 = 0x0	R19 = 0x0	R20 = 0x0	R21 = 0x0	R22 = 0x0	R23 = 0x0	R24 = 0x0	R25 = 0x0	R26 = 0x0	R27 = 0x0	R28 = 0x0	R29 = 0x0	R30 = 0x0	R31 = 0x0
Command at each pipe stage:
	IF : ADD $13 , $11(=0x0) , $12(=0x0)
	ID : ADD $12 , $0(=0x0) , $18(=0x0)
	EXE : SUB $18 , $14(=0x3) , $12(=0x1)
	MEM : NOP $0 , $0(=0x0) , $0(=0x0)
	WB : NOP $0 , $0(=0x0) , $0(=0x0)


Simulation on cycle 33. The state is:
PC = 0x2C
Register file:
	R0 = 0x0	R1 = 0x0	R2 = 0x0	R3 = 0x0	R4 = 0x0	R5 = 0x0	R6 = 0x0	R7 = 0x0	R8 = 0x0	R9 = 0x0	R10 = 0x0	R11 = 0x1	R12 = 0x1	R13 = 0x2	R14 = 0x3	R15 = 0x0	R16 = 0x1	R17 = 0x1	R18 = 0x0	R19 = 0x0	R20 = 0x0	R21 = 0x0	R22 = 0x0	R23 = 0x0	R24 = 0x0	R25 = 0x0	R26 = 0x0	R27 = 0x0	R28 = 0x0	R29 = 0x0	R30 = 0x0	R31 = 0x0
Command at each pipe stage:
	IF : ADD $13 , $11(=0x0) , $12(=0x0)
	ID : ADD $12 , $0(=0x0) , $18(=0x0)
	EXE : NOP $0 , $0(=0x0) , $0(=0x0)
	MEM : SUB $18 , $14(=0x3) , $12(=0x1)
	WB : NOP $0 , $0(=0x0) , $0(=0x0)


Simulation on cycle 34. The state is:
PC = 0x2C
Register file:
	R0 = 0x0	R1 = 0x0	R2 = 0x0	R3 = 0x0	R4 = 0x0	R5 = 0x0	R6 = 0x0	R7 = 0x0	R8 = 0x0	R9 = 0x0	R10 = 0x0	R11 = 0x1	R12 = 0x1	R13 = 0x2	R14 = 0x3	R15 = 0x0	R16 = 0x1	R17 = 0x1	R18 = 0x2	R19 = 0x0	R20 = 0x0	R21 = 0x0	R22 = 0x0	R23 = 0x0	R24 = 0x0	R25 = 0x0	R26 = 0x0	R27 = 0x0	R28 = 0x0	R29 = 0x0	R30 = 0x0	R31 = 0x0
Command at each pipe stage:
	IF : ADD $13 , $11(=0x0) , $12(=0x0)
	ID : ADD $12 , $0(=0x0) , $18(=0x2)
	EXE : NOP $0 , $0(=0x0) , $0(=0x0)
	MEM : NOP $0 , $0(=0x0) , $0(=0x0)
	WB : SUB $18 , $14(=0x3) , $12(=0x1)


Simulation on cycle 35. The state is:
PC = 0x30
Register file:
	R0 = 0x0	R1 = 0x0	R2 = 0x0	R3 = 0x0	R4 = 0x0	R5 = 0x0	R6 = 0x0	R7 = 0x0	R8 = 0x0	R9 = 0x0	R10 = 0x0	R11 = 0x1	R12 = 0x1	R13 = 0x2	R14 = 0x3	R15 = 0x0	R16 = 0x1	R17 = 0x1	R18 = 0x2	R19 = 0x0	R20 = 0x0	R21 = 0x0	R22 = 0x0	R23 = 0x0	R24 = 0x0	R25 = 0x0	R26 = 0x0	R27 = 0x0	R28 = 0x0	R29 = 0x0	R30 = 0x0	R31 = 0x0
Command at each pipe stage:
	IF : ADD $14 , $11(=0x0) , $13(=0x0)
	ID : ADD $13 , $11(=0x1) , $12(=0x1)
	EXE : ADD $12 , $0(=0x0) , $18(=0x2)
	MEM : NOP $0 , $0(=0x0) , $0(=0x0)
	WB : NOP $0 , $0(=0x0) , $0(=0x0)


Simulation on cycle 36. The state is:
PC = 0x30
Register file:
	R0 = 0x0	R1 = 0x0	R2 = 0x0	R3 = 0x0	R4 = 0x0	R5 = 0x0	R6 = 0x0	R7 = 0x0	R8 = 0x0	R9 = 0x0	R10 = 0x0	R11 = 0x1	R12 = 0x1	R13 = 0x2	R14 = 0x3	R15 = 0x0	R16 = 0x1	R17 = 0x1	R18 = 0x2	R19 = 0x0	R20 = 0x0	R21 = 0x0	R22 = 0x0	R23 = 0x0	R24 = 0x0	R25 = 0x0	R26 = 0x0	R27 = 0x0	R28 = 0x0	R29 = 0x0	R30 = 0x0	R31 = 0x0
Command at each pipe stage:
	IF : ADD $14 , $11(=0x0) , $13(=0x0)
	ID : ADD $13 , $11(=0x1) , $12(=0x1)
	EXE : NOP $0 , $0(=0x0) , $0(=0x0)
	MEM : ADD $12 , $0(=0x0) , $18(=0x2)
	WB : NOP $0 , $0(=0x0) , $0(=0x0)


Simulation on cycle 37. The state is:
PC = 0x30
Register file:
	R0 = 0x0	R1 = 0x0	R2 = 0x0	R3 = 0x0	R4 = 0x0	R5 = 0x0	R6 = 0x0	R7 = 0x0	R8 = 0x0	R9 = 0x0	R10 = 0x0	R11 = 0x1	R12 = 0x2	R13 = 0x2	R14 = 0x3	R15 = 0x0	R16 = 0x1	R17 = 0x1	R18 = 0x2	R19 = 0x0	R20 = 0x0	R21 = 0x0	R22 = 0x0	R23 = 0x0	R24 = 0x0	R25 = 0x0	R26 = 0x0	R27 = 0x0	R28 = 0x0	R29 = 0x0	R30 = 0x0	R31 = 0x0
Command at each pipe stage:
	IF : ADD $14 , $11(=0x0) , $13(=0x0)
	ID : ADD $13 , $11(=0x1) , $12(=0x2)
	EXE : NOP $0 , $0(=0x0) , $0(=0x0)
	MEM : NOP $0 , $0(=0x0) , $0(=0x0)
	WB : ADD $12 , $0(=0x0) , $18(=0x2)


Simulation on cycle 38. The state is:
PC = 0x34
Register file:
	R0 = 0x0	R1 = 0x0	R2 = 0x0	R3 = 0x0	R4 = 0x0	R5 = 0x0	R6 = 0x0	R7 = 0x0	R8 = 0x0	R9 = 0x0	R10 = 0x0	R11 = 0x1	R12 = 0x2	R13 = 0x2	R14 = 0x3	R15 = 0x0	R16 = 0x1	R17 = 0x1	R18 = 0x2	R19 = 0x0	R20 = 0x0	R21 = 0x0	R22 = 0x0	R23 = 0x0	R24 = 0x0	R25 = 0x0	R26 = 0x0	R27 = 0x0	R28 = 0x0	R29 = 0x0	R30 = 0x0	R31 = 0x0
Command at each pipe stage:
	IF : ADD $15 , $11(=0x0) , $14(=0x0)
	ID : ADD $14 , $11(=0x1) , $13(=0x2)
	EXE : ADD $13 , $11(=0x1) , $12(=0x2)
	MEM : NOP $0 , $0(=0x0) , $0(=0x0)
	WB : NOP $0 , $0(=0x0) , $0(=0x0)


Simulation on cycle 39. The state is:
PC = 0x34
Register file:
	R0 = 0x0	R1 = 0x0	R2 = 0x0	R3 = 0x0	R4 = 0x0	R5 = 0x0	R6 = 0x0	R7 = 0x0	R8 = 0x0	R9 = 0x0	R10 = 0x0	R11 = 0x1	R12 = 0x2	R13 = 0x2	R14 = 0x3	R15 = 0x0	R16 = 0x1	R17 = 0x1	R18 = 0x2	R19 = 0x0	R20 = 0x0	R21 = 0x0	R22 = 0x0	R23 = 0x0	R24 = 0x0	R25 = 0x0	R26 = 0x0	R27 = 0x0	R28 = 0x0	R29 = 0x0	R30 = 0x0	R31 = 0x0
Command at each pipe stage:
	IF : ADD $15 , $11(=0x0) , $14(=0x0)
	ID : ADD $14 , $11(=0x1) , $13(=0x2)
	EXE : NOP $0 , $0(=0x0) , $0(=0x0)
	MEM : ADD $13 , $11(=0x1) , $12(=0x2)
	WB : NOP $0 , $0(=0x0) , $0(=0x0)


Simulation on cycle 40. The state is:
PC = 0x34
Register file:
	R0 = 0x0	R1 = 0x0	R2 = 0x0	R3 = 0x0	R4 = 0x0	R5 = 0x0	R6 = 0x0	R7 = 0x0	R8 = 0x0	R9 = 0x0	R10 = 0x0	R11 = 0x1	R12 = 0x2	R13 = 0x3	R14 = 0x3	R15 = 0x0	R16 = 0x1	R17 = 0x1	R18 = 0x2	R19 = 0x0	R20 = 0x0	R21 = 0x0	R22 = 0x0	R23 = 0x0	R24 = 0x0	R25 = 0x0	R26 = 0x0	R27 = 0x0	R28 = 0x0	R29 = 0x0	R30 = 0x0	R31 = 0x0
Command at each pipe stage:
	IF : ADD $15 , $11(=0x0) , $14(=0x0)
	ID : ADD $14 , $11(=0x1) , $13(=0x3)
	EXE : NOP $0 , $0(=0x0) , $0(=0x0)
	MEM : NOP $0 , $0(=0x0) , $0(=0x0)
	WB : ADD $13 , $11(=0x1) , $12(=0x2)


Simulation on cycle 41. The state is:
PC = 0x38
Register file:
	R0 = 0x0	R1 = 0x0	R2 = 0x0	R3 = 0x0	R4 = 0x0	R5 = 0x0	R6 = 0x0	R7 = 0x0	R8 = 0x0	R9 = 0x0	R10 = 0x0	R11 = 0x1	R12 = 0x2	R13 = 0x3	R14 = 0x3	R15 = 0x0	R16 = 0x1	R17 = 0x1	R18 = 0x2	R19 = 0x0	R20 = 0x0	R21 = 0x0	R22 = 0x0	R23 = 0x0	R24 = 0x0	R25 = 0x0	R26 = 0x0	R27 = 0x0	R28 = 0x0	R29 = 0x0	R30 = 0x0	R31 = 0x0
Command at each pipe stage:
	IF : SUB $19 , $15(=0x0) , $12(=0x0)
	ID : ADD $15 , $11(=0x1) , $14(=0x3)
	EXE : ADD $14 , $11(=0x1) , $13(=0x3)
	MEM : NOP $0 , $0(=0x0) , $0(=0x0)
	WB : NOP $0 , $0(=0x0) , $0(=0x0)


Simulation on cycle 42. The state is:
PC = 0x38
Register file:
	R0 = 0x0	R1 = 0x0	R2 = 0x0	R3 = 0x0	R4 = 0x0	R5 = 0x0	R6 = 0x0	R7 = 0x0	R8 = 0x0	R9 = 0x0	R10 = 0x0	R11 = 0x1	R12 = 0x2	R13 = 0x3	R14 = 0x3	R15 = 0x0	R16 = 0x1	R17 = 0x1	R18 = 0x2	R19 = 0x0	R20 = 0x0	R21 = 0x0	R22 = 0x0	R23 = 0x0	R24 = 0x0	R25 = 0x0	R26 = 0x0	R27 = 0x0	R28 = 0x0	R29 = 0x0	R30 = 0x0	R31 = 0x0
Command at each pipe stage:
	IF : SUB $19 , $15(=0x0) , $12(=0x0)
	ID : ADD $15 , $11(=0x1) , $14(=0x3)
	EXE : NOP $0 , $0(=0x0) , $0(=0x0)
	MEM : ADD $14 , $11(=0x1) , $13(=0x3)
	WB : NOP $0 , $0(=0x0) , $0(=0x0)


Simulation on cycle 43. The state is:
PC = 0x38
Register file:
	R0 = 0x0	R1 = 0x0	R2 = 0x0	R3 = 0x0	R4 = 0x0	R5 = 0x0	R6 = 0x0	R7 = 0x0	R8 = 0x0	R9 = 0x0	R10 = 0x0	R11 = 0x1	R12 = 0x2	R13 = 0x3	R14 = 0x4	R15 = 0x0	R16 = 0x1	R17 = 0x1	R18 = 0x2	R19 = 0x0	R20 = 0x0	R21 = 0x0	R22 = 0x0	R23 = 0x0	R24 = 0x0	R25 = 0x0	R26 = 0x0	R27 = 0x0	R28 = 0x0	R29 = 0x0	R30 = 0x0	R31 = 0x0
Command at each pipe stage:
	IF : SUB $19 , $15(=0x0) , $12(=0x0)
	ID : ADD $15 , $11(=0x1) , $14(=0x4)
	EXE : NOP $0 , $0(=0x0) , $0(=0x0)
	MEM : NOP $0 , $0(=0x0) , $0(=0x0)
	WB : ADD $14 , $11(=0x1) , $13(=0x3)


Simulation on cycle 44. The state is:
PC = 0x3C
Register file:
	R0 = 0x0	R1 = 0x0	R2 = 0x0	R3 = 0x0	R4 = 0x0	R5 = 0x0	R6 = 0x0	R7 = 0x0	R8 = 0x0	R9 = 0x0	R10 = 0x0	R11 = 0x1	R12 = 0x2	R13 = 0x3	R14 = 0x4	R15 = 0x0	R16 = 0x1	R17 = 0x1	R18 = 0x2	R19 = 0x0	R20 = 0x0	R21 = 0x0	R22 = 0x0	R23 = 0x0	R24 = 0x0	R25 = 0x0	R26 = 0x0	R27 = 0x0	R28 = 0x0	R29 = 0x0	R30 = 0x0	R31 = 0x0
Command at each pipe stage:
	IF : LOAD $16 , $0(=0x0) , 4100(=0x0)
	ID : SUB $19 , $15(=0x0) , $12(=0x2)
	EXE : ADD $15 , $11(=0x1) , $14(=0x4)
	MEM : NOP $0 , $0(=0x0) , $0(=0x0)
	WB : NOP $0 , $0(=0x0) , $0(=0x0)


Simulation on cycle 45. The state is:
PC = 0x3C
Register file:
	R0 = 0x0	R1 = 0x0	R2 = 0x0	R3 = 0x0	R4 = 0x0	R5 = 0x0	R6 = 0x0	R7 = 0x0	R8 = 0x0	R9 = 0x0	R10 = 0x0	R11 = 0x1	R12 = 0x2	R13 = 0x3	R14 = 0x4	R15 = 0x0	R16 = 0x1	R17 = 0x1	R18 = 0x2	R19 = 0x0	R20 = 0x0	R21 = 0x0	R22 = 0x0	R23 = 0x0	R24 = 0x0	R25 = 0x0	R26 = 0x0	R27 = 0x0	R28 = 0x0	R29 = 0x0	R30 = 0x0	R31 = 0x0
Command at each pipe stage:
	IF : LOAD $16 , $0(=0x0) , 4100(=0x0)
	ID : SUB $19 , $15(=0x0) , $12(=0x2)
	EXE : NOP $0 , $0(=0x0) , $0(=0x0)
	MEM : ADD $15 , $11(=0x1) , $14(=0x4)
	WB : NOP $0 , $0(=0x0) , $0(=0x0)


Simulation on cycle 46. The state is:
PC = 0x3C
Register file:
	R0 = 0x0	R1 = 0x0	R2 = 0x0	R3 = 0x0	R4 = 0x0	R5 = 0x0	R6 = 0x0	R7 = 0x0	R8 = 0x0	R9 = 0x0	R10 = 0x0	R11 = 0x1	R12 = 0x2	R13 = 0x3	R14 = 0x4	R15 = 0x5	R16 = 0x1	R17 = 0x1	R18 = 0x2	R19 = 0x0	R20 = 0x0	R21 = 0x0	R22 = 0x0	R23 = 0x0	R24 = 0x0	R25 = 0x0	R26 = 0x0	R27 = 0x0	R28 = 0x0	R29 = 0x0	R30 = 0x0	R31 = 0x0
Command at each pipe stage:
	IF : LOAD $16 , $0(=0x0) , 4100(=0x0)
	ID : SUB $19 , $15(=0x5) , $12(=0x2)
	EXE : NOP $0 , $0(=0x0) , $0(=0x0)
	MEM : NOP $0 , $0(=0x0) , $0(=0x0)
	WB : ADD $15 , $11(=0x1) , $14(=0x4)


Simulation on cycle 47. The state is:
PC = 0x40
Register file:
	R0 = 0x0	R1 = 0x0	R2 = 0x0	R3 = 0x0	R4 = 0x0	R5 = 0x0	R6 = 0x0	R7 = 0x0	R8 = 0x0	R9 = 0x0	R10 = 0x0	R11 = 0x1	R12 = 0x2	R13 = 0x3	R14 = 0x4	R15 = 0x5	R16 = 0x1	R17 = 0x1	R18 = 0x2	R19 = 0x0	R20 = 0x0	R21 = 0x0	R22 = 0x0	R23 = 0x0	R24 = 0x0	R25 = 0x0	R26 = 0x0	R27 = 0x0	R28 = 0x0	R29 = 0x0	R30 = 0x0	R31 = 0x0
Command at each pipe stage:
	IF : ADD $16 , $16(=0x0) , $16(=0x0)
	ID : LOAD $16 , $0(=0x0) , 4100(=0x1004)
	EXE : SUB $19 , $15(=0x5) , $12(=0x2)
	MEM : NOP $0 , $0(=0x0) , $0(=0x0)
	WB : NOP $0 , $0(=0x0) , $0(=0x0)


Simulation on cycle 48. The state is:
PC = 0x44
Register file:
	R0 = 0x0	R1 = 0x0	R2 = 0x0	R3 = 0x0	R4 = 0x0	R5 = 0x0	R6 = 0x0	R7 = 0x0	R8 = 0x0	R9 = 0x0	R10 = 0x0	R11 = 0x1	R12 = 0x2	R13 = 0x3	R14 = 0x4	R15 = 0x5	R16 = 0x1	R17 = 0x1	R18 = 0x2	R19 = 0x0	R20 = 0x0	R21 = 0x0	R22 = 0x0	R23 = 0x0	R24 = 0x0	R25 = 0x0	R26 = 0x0	R27 = 0x0	R28 = 0x0	R29 = 0x0	R30 = 0x0	R31 = 0x0
Command at each pipe stage:
	IF : STORE $16 , $16(=0x0) , 4096(=0x0)
	ID : ADD $16 , $16(=0x1) , $16(=0x1)
	EXE : LOAD $16 , $0(=0x0) , 4100(=0x1004)
	MEM : SUB $19 , $15(=0x5) , $12(=0x2)
	WB : NOP $0 , $0(=0x0) , $0(=0x0)


Simulation on cycle 49. The state is:
PC = 0x44
Register file:
	R0 = 0x0	R1 = 0x0	R2 = 0x0	R3 = 0x0	R4 = 0x0	R5 = 0x0	R6 = 0x0	R7 = 0x0	R8 = 0x0	R9 = 0x0	R10 = 0x0	R11 = 0x1	R12 = 0x2	R13 = 0x3	R14 = 0x4	R15 = 0x5	R16 = 0x1	R17 = 0x1	R18 = 0x2	R19 = 0x3	R20 = 0x0	R21 = 0x0	R22 = 0x0	R23 = 0x0	R24 = 0x0	R25 = 0x0	R26 = 0x0	R27 = 0x0	R28 = 0x0	R29 = 0x0	R30 = 0x0	R31 = 0x0
Command at each pipe stage:
	IF : STORE $16 , $16(=0x0) , 4096(=0x0)
	ID : ADD $16 , $16(=0x1) , $16(=0x1)
	EXE : NOP $0 , $0(=0x0) , $0(=0x0)
	MEM : LOAD $16 , $0(=0x0) , 4100(=0x1004)
	WB : SUB $19 , $15(=0x5) , $12(=0x2)


Simulation on cycle 50. The state is:
PC = 0x44
Register file:
	R0 = 0x0	R1 = 0x0	R2 = 0x0	R3 = 0x0	R4 = 0x0	R5 = 0x0	R6 = 0x0	R7 = 0x0	R8 = 0x0	R9 = 0x0	R10 = 0x0	R11 = 0x1	R12 = 0x2	R13 = 0x3	R14 = 0x4	R15 = 0x5	R16 = 0x1	R17 = 0x1	R18 = 0x2	R19 = 0x3	R20 = 0x0	R21 = 0x0	R22 = 0x0	R23 = 0x0	R24 = 0x0	R25 = 0x0	R26 = 0x0	R27 = 0x0	R28 = 0x0	R29 = 0x0	R30 = 0x0	R31 = 0x0
Command at each pipe stage:
	IF : STORE $16 , $16(=0x0) , 4096(=0x0)
	ID : ADD $16 , $16(=0x1) , $16(=0x1)
	EXE : NOP $0 , $0(=0x0) , $0(=0x0)
	MEM : LOAD $16 , $0(=0x0) , 4100(=0x1004)
	WB : NOP $0 , $0(=0x0) , $0(=0x0)


Simulation on cycle 51. The state is:
PC = 0x44
Register file:
	R0 = 0x0	R1 = 0x0	R2 = 0x0	R3 = 0x0	R4 = 0x0	R5 = 0x0	R6 = 0x0	R7 = 0x0	R8 = 0x0	R9 = 0x0	R10 = 0x0	R11 = 0x1	R12 = 0x2	R13 = 0x3	R14 = 0x4	R15 = 0x5	R16 = 0x1	R17 = 0x1	R18 = 0x2	R19 = 0x3	R20 = 0x0	R21 = 0x0	R22 = 0x0	R23 = 0x0	R24 = 0x0	R25 = 0x0	R26 = 0x0	R27 = 0x0	R28 = 0x0	R29 = 0x0	R30 = 0x0	R31 = 0x0
Command at each pipe stage:
	IF : STORE $16 , $16(=0x0) , 4096(=0x0)
	ID : ADD $16 , $16(=0x1) , $16(=0x1)
	EXE : NOP $0 , $0(=0x0) , $0(=0x0)
	MEM : LOAD $16 , $0(=0x0) , 4100(=0x1004)
	WB : NOP $0 , $0(=0x0) , $0(=0x0)


Simulation on cycle 52. The state is:
PC = 0x44
Register file:
	R0 = 0x0	R1 = 0x0	R2 = 0x0	R3 = 0x0	R4 = 0x0	R5 = 0x0	R6 = 0x0	R7 = 0x0	R8 = 0x0	R9 = 0x0	R10 = 0x0	R11 = 0x1	R12 = 0x2	R13 = 0x3	R14 = 0x4	R15 = 0x5	R16 = 0x1	R17 = 0x1	R18 = 0x2	R19 = 0x3	R20 = 0x0	R21 = 0x0	R22 = 0x0	R23 = 0x0	R24 = 0x0	R25 = 0x0	R26 = 0x0	R27 = 0x0	R28 = 0x0	R29 = 0x0	R30 = 0x0	R31 = 0x0
Command at each pipe stage:
	IF : STORE $16 , $16(=0x0) , 4096(=0x0)
	ID : ADD $16 , $16(=0x1) , $16(=0x1)
	EXE : NOP $0 , $0(=0x0) , $0(=0x0)
	MEM : LOAD $16 , $0(=0x0) , 4100(=0x1004)
	WB : NOP $0 , $0(=0x0) , $0(=0x0)


Simulation on cycle 53. The state is:
PC = 0x44
Register file:
	R0 = 0x0	R1 = 0x0	R2 = 0x0	R3 = 0x0	R4 = 0x0	R5 = 0x0	R6 = 0x0	R7 = 0x0	R8 = 0x0	R9 = 0x0	R10 = 0x0	R11 = 0x1	R12 = 0x2	R13 = 0x3	R14 = 0x4	R15 = 0x5	R16 = 0x2	R17 = 0x1	R18 = 0x2	R19 = 0x3	R20 = 0x0	R21 = 0x0	R22 = 0x0	R23 = 0x0	R24 = 0x0	R25 = 0x0	R26 = 0x0	R27 = 0x0	R28 = 0x0	R29 = 0x0	R30 = 0x0	R31 = 0x0
Command at each pipe stage:
	IF : STORE $16 , $16(=0x0) , 4096(=0x0)
	ID : ADD $16 , $16(=0x2) , $16(=0x2)
	EXE : NOP $0 , $0(=0x0) , $0(=0x0)
	MEM : NOP $0 , $0(=0x0) , $0(=0x0)
	WB : LOAD $16 , $0(=0x0) , 4100(=0x1004)


Simulation on cycle 54. The state is:
PC = 0x48
Register file:
	R0 = 0x0	R1 = 0x0	R2 = 0x0	R3 = 0x0	R4 = 0x0	R5 = 0x0	R6 = 0x0	R7 = 0x0	R8 = 0x0	R9 = 0x0	R10 = 0x0	R11 = 0x1	R12 = 0x2	R13 = 0x3	R14 = 0x4	R15 = 0x5	R16 = 0x2	R17 = 0x1	R18 = 0x2	R19 = 0x3	R20 = 0x0	R21 = 0x0	R22 = 0x0	R23 = 0x0	R24 = 0x0	R25 = 0x0	R26 = 0x0	R27 = 0x0	R28 = 0x0	R29 = 0x0	R30 = 0x0	R31 = 0x0
Command at each pipe stage:
	IF : LOAD $17 , $16(=0x0) , 4096(=0x0)
	ID : STORE $16 , $16(=0x2) , 4096(=0x1000)
	EXE : ADD $16 , $16(=0x2) , $16(=0x2)
	MEM : NOP $0 , $0(=0x0) , $0(=0x0)
	WB : NOP $0 , $0(=0x0) , $0(=0x0)


Simulation on cycle 55. The state is:
PC = 0x48
Register file:
	R0 = 0x0	R1 = 0x0	R2 = 0x0	R3 = 0x0	R4 = 0x0	R5 = 0x0	R6 = 0x0	R7 = 0x0	R8 = 0x0	R9 = 0x0	R10 = 0x0	R11 = 0x1	R12 = 0x2	R13 = 0x3	R14 = 0x4	R15 = 0x5	R16 = 0x2	R17 = 0x1	R18 = 0x2	R19 = 0x3	R20 = 0x0	R21 = 0x0	R22 = 0x0	R23 = 0x0	R24 = 0x0	R25 = 0x0	R26 = 0x0	R27 = 0x0	R28 = 0x0	R29 = 0x0	R30 = 0x0	R31 = 0x0
Command at each pipe stage:
	IF : LOAD $17 , $16(=0x0) , 4096(=0x0)
	ID : STORE $16 , $16(=0x2) , 4096(=0x1000)
	EXE : NOP $0 , $0(=0x0) , $0(=0x0)
	MEM : ADD $16 , $16(=0x2) , $16(=0x2)
	WB : NOP $0 , $0(=0x0) , $0(=0x0)


Simulation on cycle 56. The state is:
PC = 0x48
Register file:
	R0 = 0x0	R1 = 0x0	R2 = 0x0	R3 = 0x0	R4 = 0x0	R5 = 0x0	R6 = 0x0	R7 = 0x0	R8 = 0x0	R9 = 0x0	R10 = 0x0	R11 = 0x1	R12 = 0x2	R13 = 0x3	R14 = 0x4	R15 = 0x5	R16 = 0x4	R17 = 0x1	R18 = 0x2	R19 = 0x3	R20 = 0x0	R21 = 0x0	R22 = 0x0	R23 = 0x0	R24 = 0x0	R25 = 0x0	R26 = 0x0	R27 = 0x0	R28 = 0x0	R29 = 0x0	R30 = 0x0	R31 = 0x0
Command at each pipe stage:
	IF : LOAD $17 , $16(=0x0) , 4096(=0x0)
	ID : STORE $16 , $16(=0x4) , 4096(=0x1000)
	EXE : NOP $0 , $0(=0x0) , $0(=0x0)
	MEM : NOP $0 , $0(=0x0) , $0(=0x0)
	WB : ADD $16 , $16(=0x2) , $16(=0x2)


Simulation on cycle 57. The state is:
PC = 0x4C
Register file:
	R0 = 0x0	R1 = 0x0	R2 = 0x0	R3 = 0x0	R4 = 0x0	R5 = 0x0	R6 = 0x0	R7 = 0x0	R8 = 0x0	R9 = 0x0	R10 = 0x0	R11 = 0x1	R12 = 0x2	R13 = 0x3	R14 = 0x4	R15 = 0x5	R16 = 0x4	R17 = 0x1	R18 = 0x2	R19 = 0x3	R20 = 0x0	R21 = 0x0	R22 = 0x0	R23 = 0x0	R24 = 0x0	R25 = 0x0	R26 = 0x0	R27 = 0x0	R28 = 0x0	R29 = 0x0	R30 = 0x0	R31 = 0x0
Command at each pipe stage:
	IF : ADD $18 , $17(=0x0) , $17(=0x0)
	ID : LOAD $17 , $16(=0x4) , 4096(=0x1000)
	EXE : STORE $16 , $16(=0x4) , 4096(=0x1000)
	MEM : NOP $0 , $0(=0x0) , $0(=0x0)
	WB : NOP $0 , $0(=0x0) , $0(=0x0)


Simulation on cycle 58. The state is:
PC = 0x50
Register file:
	R0 = 0x0	R1 = 0x0	R2 = 0x0	R3 = 0x0	R4 = 0x0	R5 = 0x0	R6 = 0x0	R7 = 0x0	R8 = 0x0	R9 = 0x0	R10 = 0x0	R11 = 0x1	R12 = 0x2	R13 = 0x3	R14 = 0x4	R15 = 0x5	R16 = 0x4	R17 = 0x1	R18 = 0x2	R19 = 0x3	R20 = 0x0	R21 = 0x0	R22 = 0x0	R23 = 0x0	R24 = 0x0	R25 = 0x0	R26 = 0x0	R27 = 0x0	R28 = 0x0	R29 = 0x0	R30 = 0x0	R31 = 0x0
Command at each pipe stage:
	IF : LOAD $22 , $18(=0x0) , 4096(=0x0)
	ID : ADD $18 , $17(=0x1) , $17(=0x1)
	EXE : LOAD $17 , $16(=0x4) , 4096(=0x1000)
	MEM : STORE $16 , $16(=0x4) , 4096(=0x1000)
	WB : NOP $0 , $0(=0x0) , $0(=0x0)


Simulation on cycle 59. The state is:
PC = 0x50
Register file:
	R0 = 0x0	R1 = 0x0	R2 = 0x0	R3 = 0x0	R4 = 0x0	R5 = 0x0	R6 = 0x0	R7 = 0x0	R8 = 0x0	R9 = 0x0	R10 = 0x0	R11 = 0x1	R12 = 0x2	R13 = 0x3	R14 = 0x4	R15 = 0x5	R16 = 0x4	R17 = 0x1	R18 = 0x2	R19 = 0x3	R20 = 0x0	R21 = 0x0	R22 = 0x0	R23 = 0x0	R24 = 0x0	R25 = 0x0	R26 = 0x0	R27 = 0x0	R28 = 0x0	R29 = 0x0	R30 = 0x0	R31 = 0x0
Command at each pipe stage:
	IF : LOAD $22 , $18(=0x0) , 4096(=0x0)
	ID : ADD $18 , $17(=0x1) , $17(=0x1)
	EXE : NOP $0 , $0(=0x0) , $0(=0x0)
	MEM : LOAD $17 , $16(=0x4) , 4096(=0x1000)
	WB : STORE $16 , $16(=0x4) , 4096(=0x1000)


Simulation on cycle 60. The state is:
PC = 0x50
Register file:
	R0 = 0x0	R1 = 0x0	R2 = 0x0	R3 = 0x0	R4 = 0x0	R5 = 0x0	R6 = 0x0	R7 = 0x0	R8 = 0x0	R9 = 0x0	R10 = 0x0	R11 = 0x1	R12 = 0x2	R13 = 0x3	R14 = 0x4	R15 = 0x5	R16 = 0x4	R17 = 0x4	R18 = 0x2	R19 = 0x3	R20 = 0x0	R21 = 0x0	R22 = 0x0	R23 = 0x0	R24 = 0x0	R25 = 0x0	R26 = 0x0	R27 = 0x0	R28 = 0x0	R29 = 0x0	R30 = 0x0	R31 = 0x0
Command at each pipe stage:
	IF : LOAD $22 , $18(=0x0) , 4096(=0x0)
	ID : ADD $18 , $17(=0x4) , $17(=0x4)
	EXE : NOP $0 , $0(=0x0) , $0(=0x0)
	MEM : NOP $0 , $0(=0x0) , $0(=0x0)
	WB : LOAD $17 , $16(=0x4) , 4096(=0x1000)


Simulation on cycle 61. The state is:
PC = 0x54
Register file:
	R0 = 0x0	R1 = 0x0	R2 = 0x0	R3 = 0x0	R4 = 0x0	R5 = 0x0	R6 = 0x0	R7 = 0x0	R8 = 0x0	R9 = 0x0	R10 = 0x0	R11 = 0x1	R12 = 0x2	R13 = 0x3	R14 = 0x4	R15 = 0x5	R16 = 0x4	R17 = 0x4	R18 = 0x2	R19 = 0x3	R20 = 0x0	R21 = 0x0	R22 = 0x0	R23 = 0x0	R24 = 0x0	R25 = 0x0	R26 = 0x0	R27 = 0x0	R28 = 0x0	R29 = 0x0	R30 = 0x0	R31 = 0x0
Command at each pipe stage:
	IF : ADD $18 , $18(=0x0) , $17(=0x0)
	ID : LOAD $22 , $18(=0x2) , 4096(=0x1000)
	EXE : ADD $18 , $17(=0x4) , $17(=0x4)
	MEM : NOP $0 , $0(=0x0) , $0(=0x0)
	WB : NOP $0 , $0(=0x0) , $0(=0x0)


Simulation on cycle 62. The state is:
PC = 0x54
Register file:
	R0 = 0x0	R1 = 0x0	R2 = 0x0	R3 = 0x0	R4 = 0x0	R5 = 0x0	R6 = 0x0	R7 = 0x0	R8 = 0x0	R9 = 0x0	R10 = 0x0	R11 = 0x1	R12 = 0x2	R13 = 0x3	R14 = 0x4	R15 = 0x5	R16 = 0x4	R17 = 0x4	R18 = 0x2	R19 = 0x3	R20 = 0x0	R21 = 0x0	R22 = 0x0	R23 = 0x0	R24 = 0x0	R25 = 0x0	R26 = 0x0	R27 = 0x0	R28 = 0x0	R29 = 0x0	R30 = 0x0	R31 = 0x0
Command at each pipe stage:
	IF : ADD $18 , $18(=0x0) , $17(=0x0)
	ID : LOAD $22 , $18(=0x2) , 4096(=0x1000)
	EXE : NOP $0 , $0(=0x0) , $0(=0x0)
	MEM : ADD $18 , $17(=0x4) , $17(=0x4)
	WB : NOP $0 , $0(=0x0) , $0(=0x0)


Simulation on cycle 63. The state is:
PC = 0x54
Register file:
	R0 = 0x0	R1 = 0x0	R2 = 0x0	R3 = 0x0	R4 = 0x0	R5 = 0x0	R6 = 0x0	R7 = 0x0	R8 = 0x0	R9 = 0x0	R10 = 0x0	R11 = 0x1	R12 = 0x2	R13 = 0x3	R14 = 0x4	R15 = 0x5	R16 = 0x4	R17 = 0x4	R18 = 0x8	R19 = 0x3	R20 = 0x0	R21 = 0x0	R22 = 0x0	R23 = 0x0	R24 = 0x0	R25 = 0x0	R26 = 0x0	R27 = 0x0	R28 = 0x0	R29 = 0x0	R30 = 0x0	R31 = 0x0
Command at each pipe stage:
	IF : ADD $18 , $18(=0x0) , $17(=0x0)
	ID : LOAD $22 , $18(=0x8) , 4096(=0x1000)
	EXE : NOP $0 , $0(=0x0) , $0(=0x0)
	MEM : NOP $0 , $0(=0x0) , $0(=0x0)
	WB : ADD $18 , $17(=0x4) , $17(=0x4)


Simulation on cycle 64. The state is:
PC = 0x58
Register file:
	R0 = 0x0	R1 = 0x0	R2 = 0x0	R3 = 0x0	R4 = 0x0	R5 = 0x0	R6 = 0x0	R7 = 0x0	R8 = 0x0	R9 = 0x0	R10 = 0x0	R11 = 0x1	R12 = 0x2	R13 = 0x3	R14 = 0x4	R15 = 0x5	R16 = 0x4	R17 = 0x4	R18 = 0x8	R19 = 0x3	R20 = 0x0	R21 = 0x0	R22 = 0x0	R23 = 0x0	R24 = 0x0	R25 = 0x0	R26 = 0x0	R27 = 0x0	R28 = 0x0	R29 = 0x0	R30 = 0x0	R31 = 0x0
Command at each pipe stage:
	IF : LOAD $20 , $18(=0x0) , 4096(=0x0)
	ID : ADD $18 , $18(=0x8) , $17(=0x4)
	EXE : LOAD $22 , $18(=0x8) , 4096(=0x1000)
	MEM : NOP $0 , $0(=0x0) , $0(=0x0)
	WB : NOP $0 , $0(=0x0) , $0(=0x0)


Simulation on cycle 65. The state is:
PC = 0x5C
Register file:
	R0 = 0x0	R1 = 0x0	R2 = 0x0	R3 = 0x0	R4 = 0x0	R5 = 0x0	R6 = 0x0	R7 = 0x0	R8 = 0x0	R9 = 0x0	R10 = 0x0	R11 = 0x1	R12 = 0x2	R13 = 0x3	R14 = 0x4	R15 = 0x5	R16 = 0x4	R17 = 0x4	R18 = 0x8	R19 = 0x3	R20 = 0x0	R21 = 0x0	R22 = 0x0	R23 = 0x0	R24 = 0x0	R25 = 0x0	R26 = 0x0	R27 = 0x0	R28 = 0x0	R29 = 0x0	R30 = 0x0	R31 = 0x0
Command at each pipe stage:
	IF : SUB $20 , $20(=0x0) , $17(=0x0)
	ID : LOAD $20 , $18(=0x8) , 4096(=0x1000)
	EXE : ADD $18 , $18(=0x8) , $17(=0x4)
	MEM : LOAD $22 , $18(=0x8) , 4096(=0x1000)
	WB : NOP $0 , $0(=0x0) , $0(=0x0)


Simulation on cycle 66. The state is:
PC = 0x5C
Register file:
	R0 = 0x0	R1 = 0x0	R2 = 0x0	R3 = 0x0	R4 = 0x0	R5 = 0x0	R6 = 0x0	R7 = 0x0	R8 = 0x0	R9 = 0x0	R10 = 0x0	R11 = 0x1	R12 = 0x2	R13 = 0x3	R14 = 0x4	R15 = 0x5	R16 = 0x4	R17 = 0x4	R18 = 0x8	R19 = 0x3	R20 = 0x0	R21 = 0x0	R22 = 0x0	R23 = 0x0	R24 = 0x0	R25 = 0x0	R26 = 0x0	R27 = 0x0	R28 = 0x0	R29 = 0x0	R30 = 0x0	R31 = 0x0
Command at each pipe stage:
	IF : SUB $20 , $20(=0x0) , $17(=0x0)
	ID : LOAD $20 , $18(=0x8) , 4096(=0x1000)
	EXE : ADD $18 , $18(=0x8) , $17(=0x4)
	MEM : LOAD $22 , $18(=0x8) , 4096(=0x1000)
	WB : NOP $0 , $0(=0x0) , $0(=0x0)


Simulation on cycle 67. The state is:
PC = 0x5C
Register file:
	R0 = 0x0	R1 = 0x0	R2 = 0x0	R3 = 0x0	R4 = 0x0	R5 = 0x0	R6 = 0x0	R7 = 0x0	R8 = 0x0	R9 = 0x0	R10 = 0x0	R11 = 0x1	R12 = 0x2	R13 = 0x3	R14 = 0x4	R15 = 0x5	R16 = 0x4	R17 = 0x4	R18 = 0x8	R19 = 0x3	R20 = 0x0	R21 = 0x0	R22 = 0x0	R23 = 0x0	R24 = 0x0	R25 = 0x0	R26 = 0x0	R27 = 0x0	R28 = 0x0	R29 = 0x0	R30 = 0x0	R31 = 0x0
Command at each pipe stage:
	IF : SUB $20 , $20(=0x0) , $17(=0x0)
	ID : LOAD $20 , $18(=0x8) , 4096(=0x1000)
	EXE : ADD $18 , $18(=0x8) , $17(=0x4)
	MEM : LOAD $22 , $18(=0x8) , 4096(=0x1000)
	WB : NOP $0 , $0(=0x0) , $0(=0x0)


Simulation on cycle 68. The state is:
PC = 0x5C
Register file:
	R0 = 0x0	R1 = 0x0	R2 = 0x0	R3 = 0x0	R4 = 0x0	R5 = 0x0	R6 = 0x0	R7 = 0x0	R8 = 0x0	R9 = 0x0	R10 = 0x0	R11 = 0x1	R12 = 0x2	R13 = 0x3	R14 = 0x4	R15 = 0x5	R16 = 0x4	R17 = 0x4	R18 = 0x8	R19 = 0x3	R20 = 0x0	R21 = 0x0	R22 = 0x0	R23 = 0x0	R24 = 0x0	R25 = 0x0	R26 = 0x0	R27 = 0x0	R28 = 0x0	R29 = 0x0	R30 = 0x0	R31 = 0x0
Command at each pipe stage:
	IF : SUB $20 , $20(=0x0) , $17(=0x0)
	ID : LOAD $20 , $18(=0x8) , 4096(=0x1000)
	EXE : ADD $18 , $18(=0x8) , $17(=0x4)
	MEM : LOAD $22 , $18(=0x8) , 4096(=0x1000)
	WB : NOP $0 , $0(=0x0) , $0(=0x0)


Simulation on cycle 69. The state is:
PC = 0x5C
Register file:
	R0 = 0x0	R1 = 0x0	R2 = 0x0	R3 = 0x0	R4 = 0x0	R5 = 0x0	R6 = 0x0	R7 = 0x0	R8 = 0x0	R9 = 0x0	R10 = 0x0	R11 = 0x1	R12 = 0x2	R13 = 0x3	R14 = 0x4	R15 = 0x5	R16 = 0x4	R17 = 0x4	R18 = 0x8	R19 = 0x3	R20 = 0x0	R21 = 0x0	R22 = 0xFFFFFFEC	R23 = 0x0	R24 = 0x0	R25 = 0x0	R26 = 0x0	R27 = 0x0	R28 = 0x0	R29 = 0x0	R30 = 0x0	R31 = 0x0
Command at each pipe stage:
	IF : SUB $20 , $20(=0x0) , $17(=0x0)
	ID : LOAD $20 , $18(=0x8) , 4096(=0x1000)
	EXE : NOP $0 , $0(=0x0) , $0(=0x0)
	MEM : ADD $18 , $18(=0x8) , $17(=0x4)
	WB : LOAD $22 , $18(=0x8) , 4096(=0x1000)


Simulation on cycle 70. The state is:
PC = 0x5C
Register file:
	R0 = 0x0	R1 = 0x0	R2 = 0x0	R3 = 0x0	R4 = 0x0	R5 = 0x0	R6 = 0x0	R7 = 0x0	R8 = 0x0	R9 = 0x0	R10 = 0x0	R11 = 0x1	R12 = 0x2	R13 = 0x3	R14 = 0x4	R15 = 0x5	R16 = 0x4	R17 = 0x4	R18 = 0xC	R19 = 0x3	R20 = 0x0	R21 = 0x0	R22 = 0xFFFFFFEC	R23 = 0x0	R24 = 0x0	R25 = 0x0	R26 = 0x0	R27 = 0x0	R28 = 0x0	R29 = 0x0	R30 = 0x0	R31 = 0x0
Command at each pipe stage:
	IF : SUB $20 , $20(=0x0) , $17(=0x0)
	ID : LOAD $20 , $18(=0xC) , 4096(=0x1000)
	EXE : NOP $0 , $0(=0x0) , $0(=0x0)
	MEM : NOP $0 , $0(=0x0) , $0(=0x0)
	WB : ADD $18 , $18(=0x8) , $17(=0x4)


Simulation on cycle 71. The state is:
PC = 0x60
Register file:
	R0 = 0x0	R1 = 0x0	R2 = 0x0	R3 = 0x0	R4 = 0x0	R5 = 0x0	R6 = 0x0	R7 = 0x0	R8 = 0x0	R9 = 0x0	R10 = 0x0	R11 = 0x1	R12 = 0x2	R13 = 0x3	R14 = 0x4	R15 = 0x5	R16 = 0x4	R17 = 0x4	R18 = 0xC	R19 = 0x3	R20 = 0x0	R21 = 0x0	R22 = 0xFFFFFFEC	R23 = 0x0	R24 = 0x0	R25 = 0x0	R26 = 0x0	R27 = 0x0	R28 = 0x0	R29 = 0x0	R30 = 0x0	R31 = 0x0
Command at each pipe stage:
	IF : STORE $18 , $20(=0x0) , 4096(=0x0)
	ID : SUB $20 , $20(=0x0) , $17(=0x4)
	EXE : LOAD $20 , $18(=0xC) , 4096(=0x1000)
	MEM : NOP $0 , $0(=0x0) , $0(=0x0)
	WB : NOP $0 , $0(=0x0) , $0(=0x0)


Simulation on cycle 72. The state is:
PC = 0x60
Register file:
	R0 = 0x0	R1 = 0x0	R2 = 0x0	R3 = 0x0	R4 = 0x0	R5 = 0x0	R6 = 0x0	R7 = 0x0	R8 = 0x0	R9 = 0x0	R10 = 0x0	R11 = 0x1	R12 = 0x2	R13 = 0x3	R14 = 0x4	R15 = 0x5	R16 = 0x4	R17 = 0x4	R18 = 0xC	R19 = 0x3	R20 = 0x0	R21 = 0x0	R22 = 0xFFFFFFEC	R23 = 0x0	R24 = 0x0	R25 = 0x0	R26 = 0x0	R27 = 0x0	R28 = 0x0	R29 = 0x0	R30 = 0x0	R31 = 0x0
Command at each pipe stage:
	IF : STORE $18 , $20(=0x0) , 4096(=0x0)
	ID : SUB $20 , $20(=0x0) , $17(=0x4)
	EXE : NOP $0 , $0(=0x0) , $0(=0x0)
	MEM : LOAD $20 , $18(=0xC) , 4096(=0x1000)
	WB : NOP $0 , $0(=0x0) , $0(=0x0)


Simulation on cycle 73. The state is:
PC = 0x60
Register file:
	R0 = 0x0	R1 = 0x0	R2 = 0x0	R3 = 0x0	R4 = 0x0	R5 = 0x0	R6 = 0x0	R7 = 0x0	R8 = 0x0	R9 = 0x0	R10 = 0x0	R11 = 0x1	R12 = 0x2	R13 = 0x3	R14 = 0x4	R15 = 0x5	R16 = 0x4	R17 = 0x4	R18 = 0xC	R19 = 0x3	R20 = 0x0	R21 = 0x0	R22 = 0xFFFFFFEC	R23 = 0x0	R24 = 0x0	R25 = 0x0	R26 = 0x0	R27 = 0x0	R28 = 0x0	R29 = 0x0	R30 = 0x0	R31 = 0x0
Command at each pipe stage:
	IF : STORE $18 , $20(=0x0) , 4096(=0x0)
	ID : SUB $20 , $20(=0x0) , $17(=0x4)
	EXE : NOP $0 , $0(=0x0) , $0(=0x0)
	MEM : LOAD $20 , $18(=0xC) , 4096(=0x1000)
	WB : NOP $0 , $0(=0x0) , $0(=0x0)


Simulation on cycle 74. The state is:
PC = 0x60
Register file:
	R0 = 0x0	R1 = 0x0	R2 = 0x0	R3 = 0x0	R4 = 0x0	R5 = 0x0	R6 = 0x0	R7 = 0x0	R8 = 0x0	R9 = 0x0	R10 = 0x0	R11 = 0x1	R12 = 0x2	R13 = 0x3	R14 = 0x4	R15 = 0x5	R16 = 0x4	R17 = 0x4	R18 = 0xC	R19 = 0x3	R20 = 0x0	R21 = 0x0	R22 = 0xFFFFFFEC	R23 = 0x0	R24 = 0x0	R25 = 0x0	R26 = 0x0	R27 = 0x0	R28 = 0x0	R29 = 0x0	R30 = 0x0	R31 = 0x0
Command at each pipe stage:
	IF : STORE $18 , $20(=0x0) , 4096(=0x0)
	ID : SUB $20 , $20(=0x0) , $17(=0x4)
	EXE : NOP $0 , $0(=0x0) , $0(=0x0)
	MEM : LOAD $20 , $18(=0xC) , 4096(=0x1000)
	WB : NOP $0 , $0(=0x0) , $0(=0x0)


Simulation on cycle 75. The state is:
PC = 0x60
Register file:
	R0 = 0x0	R1 = 0x0	R2 = 0x0	R3 = 0x0	R4 = 0x0	R5 = 0x0	R6 = 0x0	R7 = 0x0	R8 = 0x0	R9 = 0x0	R10 = 0x0	R11 = 0x1	R12 = 0x2	R13 = 0x3	R14 = 0x4	R15 = 0x5	R16 = 0x4	R17 = 0x4	R18 = 0xC	R19 = 0x3	R20 = 0x0	R21 = 0x0	R22 = 0xFFFFFFEC	R23 = 0x0	R24 = 0x0	R25 = 0x0	R26 = 0x0	R27 = 0x0	R28 = 0x0	R29 = 0x0	R30 = 0x0	R31 = 0x0
Command at each pipe stage:
	IF : STORE $18 , $20(=0x0) , 4096(=0x0)
	ID : SUB $20 , $20(=0x0) , $17(=0x4)
	EXE : NOP $0 , $0(=0x0) , $0(=0x0)
	MEM : LOAD $20 , $18(=0xC) , 4096(=0x1000)
	WB : NOP $0 , $0(=0x0) , $0(=0x0)


Simulation on cycle 76. The state is:
PC = 0x60
Register file:
	R0 = 0x0	R1 = 0x0	R2 = 0x0	R3 = 0x0	R4 = 0x0	R5 = 0x0	R6 = 0x0	R7 = 0x0	R8 = 0x0	R9 = 0x0	R10 = 0x0	R11 = 0x1	R12 = 0x2	R13 = 0x3	R14 = 0x4	R15 = 0x5	R16 = 0x4	R17 = 0x4	R18 = 0xC	R19 = 0x3	R20 = 0x28	R21 = 0x0	R22 = 0xFFFFFFEC	R23 = 0x0	R24 = 0x0	R25 = 0x0	R26 = 0x0	R27 = 0x0	R28 = 0x0	R29 = 0x0	R30 = 0x0	R31 = 0x0
Command at each pipe stage:
	IF : STORE $18 , $20(=0x0) , 4096(=0x0)
	ID : SUB $20 , $20(=0x28) , $17(=0x4)
	EXE : NOP $0 , $0(=0x0) , $0(=0x0)
	MEM : NOP $0 , $0(=0x0) , $0(=0x0)
	WB : LOAD $20 , $18(=0xC) , 4096(=0x1000)


Simulation on cycle 77. The state is:
PC = 0x64
Register file:
	R0 = 0x0	R1 = 0x0	R2 = 0x0	R3 = 0x0	R4 = 0x0	R5 = 0x0	R6 = 0x0	R7 = 0x0	R8 = 0x0	R9 = 0x0	R10 = 0x0	R11 = 0x1	R12 = 0x2	R13 = 0x3	R14 = 0x4	R15 = 0x5	R16 = 0x4	R17 = 0x4	R18 = 0xC	R19 = 0x3	R20 = 0x28	R21 = 0x0	R22 = 0xFFFFFFEC	R23 = 0x0	R24 = 0x0	R25 = 0x0	R26 = 0x0	R27 = 0x0	R28 = 0x0	R29 = 0x0	R30 = 0x0	R31 = 0x0
Command at each pipe stage:
	IF : SUB $20 , $20(=0x0) , $20(=0x0)
	ID : STORE $18 , $20(=0x28) , 4096(=0x1000)
	EXE : SUB $20 , $20(=0x28) , $17(=0x4)
	MEM : NOP $0 , $0(=0x0) , $0(=0x0)
	WB : NOP $0 , $0(=0x0) , $0(=0x0)


Simulation on cycle 78. The state is:
PC = 0x64
Register file:
	R0 = 0x0	R1 = 0x0	R2 = 0x0	R3 = 0x0	R4 = 0x0	R5 = 0x0	R6 = 0x0	R7 = 0x0	R8 = 0x0	R9 = 0x0	R10 = 0x0	R11 = 0x1	R12 = 0x2	R13 = 0x3	R14 = 0x4	R15 = 0x5	R16 = 0x4	R17 = 0x4	R18 = 0xC	R19 = 0x3	R20 = 0x28	R21 = 0x0	R22 = 0xFFFFFFEC	R23 = 0x0	R24 = 0x0	R25 = 0x0	R26 = 0x0	R27 = 0x0	R28 = 0x0	R29 = 0x0	R30 = 0x0	R31 = 0x0
Command at each pipe stage:
	IF : SUB $20 , $20(=0x0) , $20(=0x0)
	ID : STORE $18 , $20(=0x28) , 4096(=0x1000)
	EXE : NOP $0 , $0(=0x0) , $0(=0x0)
	MEM : SUB $20 , $20(=0x28) , $17(=0x4)
	WB : NOP $0 , $0(=0x0) , $0(=0x0)


Simulation on cycle 79. The state is:
PC = 0x64
Register file:
	R0 = 0x0	R1 = 0x0	R2 = 0x0	R3 = 0x0	R4 = 0x0	R5 = 0x0	R6 = 0x0	R7 = 0x0	R8 = 0x0	R9 = 0x0	R10 = 0x0	R11 = 0x1	R12 = 0x2	R13 = 0x3	R14 = 0x4	R15 = 0x5	R16 = 0x4	R17 = 0x4	R18 = 0xC	R19 = 0x3	R20 = 0x24	R21 = 0x0	R22 = 0xFFFFFFEC	R23 = 0x0	R24 = 0x0	R25 = 0x0	R26 = 0x0	R27 = 0x0	R28 = 0x0	R29 = 0x0	R30 = 0x0	R31 = 0x0
Command at each pipe stage:
	IF : SUB $20 , $20(=0x0) , $20(=0x0)
	ID : STORE $18 , $20(=0x24) , 4096(=0x1000)
	EXE : NOP $0 , $0(=0x0) , $0(=0x0)
	MEM : NOP $0 , $0(=0x0) , $0(=0x0)
	WB : SUB $20 , $20(=0x28) , $17(=0x4)


Simulation on cycle 80. The state is:
PC = 0x68
Register file:
	R0 = 0x0	R1 = 0x0	R2 = 0x0	R3 = 0x0	R4 = 0x0	R5 = 0x0	R6 = 0x0	R7 = 0x0	R8 = 0x0	R9 = 0x0	R10 = 0x0	R11 = 0x1	R12 = 0x2	R13 = 0x3	R14 = 0x4	R15 = 0x5	R16 = 0x4	R17 = 0x4	R18 = 0xC	R19 = 0x3	R20 = 0x24	R21 = 0x0	R22 = 0xFFFFFFEC	R23 = 0x0	R24 = 0x0	R25 = 0x0	R26 = 0x0	R27 = 0x0	R28 = 0x0	R29 = 0x0	R30 = 0x0	R31 = 0x0
Command at each pipe stage:
	IF : BR $22 , $0(=0x0) , $0(=0x0)
	ID : SUB $20 , $20(=0x24) , $20(=0x24)
	EXE : STORE $18 , $20(=0x24) , 4096(=0x1000)
	MEM : NOP $0 , $0(=0x0) , $0(=0x0)
	WB : NOP $0 , $0(=0x0) , $0(=0x0)
