Loading memory image file: tests/example17.img
Resetting core...
Running simulation for 80 cycles
Simulation on cycle 0. The state is:
PC = 0x0
Register file:
	R0 = 0x0	R1 = 0x0	R2 = 0x0	R3 = 0x0	R4 = 0x0	R5 = 0x0	R6 = 0x0	R7 = 0x0	R8 = 0x0	R9 = 0x0	R10 = 0x0	R11 = 0x0	R12 = 0x0	R13 = 0x0	R14 = 0x0	R15 = 0x0	R16 = 0x0	R17 = 0x0	R18 = 0x0	R19 = 0x0	R20 = 0x0	R21 = 0x0	R22 = 0x0	R23 = 0x0	R24 = 0x0	R25 = 0x0	R26 = 0x0	R27 = 0x0	R28 = 0x0	R29 = 0x0	R30 = 0x0	R31 = 0x0
Command at each pipe stage:
	IF : LOAD $22 , $0(=0x0) , 4108(=0x0)
	ID : NOP $0 , $0(=0x0) , $0(=0x0)
	EXE : NOP $0 , $0(=0x0) , $0(=0x0)
	MEM : NOP $0 , $0(=0x0) , $0(=0x0)
	WB : NOP $0 , $0(=0x0) , $0(=0x0)


Simulation on cycle 1. The state is:
PC = 0x4
Register file:
	R0 = 0x0	R1 = 0x0	R2 = 0x0	R3 = 0x0	R4 = 0x0	R5 = 0x0	R6 = 0x0	R7 = 0x0	R8 = 0x0	R9 = 0x0	R10 = 0x0	R11 = 0x0	R12 = 0x0	R13 = 0x0	R14 = 0x0	R15 = 0x0	R16 = 0x0	R17 = 0x0	R18 = 0x0	R19 = 0x0	R20 = 0x0	R21 = 0x0	R22 = 0x0	R23 = 0x0	R24 = 0x0	R25 = 0x0	R26 = 0x0	R27 = 0x0	R28 = 0x0	R29 = 0x0	R30 = 0x0	R31 = 0x0
Command at each pipe stage:
	IF : LOAD $21 , $0(=0x0) , 4104(=0x0)
	ID : LOAD $22 , $0(=0x0) , 4108(=0x100C)
	EXE : NOP $0 , $0(=0x0) , $0(=0x0)
	MEM : NOP $0 , $0(=0x0) , $0(=0x0)
	WB : NOP $0 , $0(=0x0) , $0(=0x0)


Simulation on cycle 2. The state is:
PC = 0x8
Register file:
	R0 = 0x0	R1 = 0x0	R2 = 0x0	R3 = 0x0	R4 = 0x0	R5 = 0x0	R6 = 0x0	R7 = 0x0	R8 = 0x0	R9 = 0x0	R10 = 0x0	R11 = 0x0	R12 = 0x0	R13 = 0x0	R14 = 0x0	R15 = 0x0	R16 = 0x0	R17 = 0x0	R18 = 0x0	R19 = 0x0	R20 = 0x0	R21 = 0x0	R22 = 0x0	R23 = 0x0	R24 = 0x0	R25 = 0x0	R26 = 0x0	R27 = 0x0	R28 = 0x0	R29 = 0x0	R30 = 0x0	R31 = 0x0
Command at each pipe stage:
	IF : LOAD $20 , $0(=0x0) , 4100(=0x0)
	ID : LOAD $21 , $0(=0x0) , 4104(=0x1008)
	EXE : LOAD $22 , $0(=0x0) , 4108(=0x100C)
	MEM : NOP $0 , $0(=0x0) , $0(=0x0)
	WB : NOP $0 , $0(=0x0) , $0(=0x0)


Simulation on cycle 3. The state is:
PC = 0xC
Register file:
	R0 = 0x0	R1 = 0x0	R2 = 0x0	R3 = 0x0	R4 = 0x0	R5 = 0x0	R6 = 0x0	R7 = 0x0	R8 = 0x0	R9 = 0x0	R10 = 0x0	R11 = 0x0	R12 = 0x0	R13 = 0x0	R14 = 0x0	R15 = 0x0	R16 = 0x0	R17 = 0x0	R18 = 0x0	R19 = 0x0	R20 = 0x0	R21 = 0x0	R22 = 0x0	R23 = 0x0	R24 = 0x0	R25 = 0x0	R26 = 0x0	R27 = 0x0	R28 = 0x0	R29 = 0x0	R30 = 0x0	R31 = 0x0
Command at each pipe stage:
	IF : LOAD $10 , $0(=0x0) , 4096(=0x0)
	ID : LOAD $20 , $0(=0x0) , 4100(=0x1004)
	EXE : LOAD $21 , $0(=0x0) , 4104(=0x1008)
	MEM : LOAD $22 , $0(=0x0) , 4108(=0x100C)
	WB : NOP $0 , $0(=0x0) , $0(=0x0)


Simulation on cycle 4. The state is:
PC = 0xC
Register file:
	R0 = 0x0	R1 = 0x0	R2 = 0x0	R3 = 0x0	R4 = 0x0	R5 = 0x0	R6 = 0x0	R7 = 0x0	R8 = 0x0	R9 = 0x0	R10 = 0x0	R11 = 0x0	R12 = 0x0	R13 = 0x0	R14 = 0x0	R15 = 0x0	R16 = 0x0	R17 = 0x0	R18 = 0x0	R19 = 0x0	R20 = 0x0	R21 = 0x0	R22 = 0x0	R23 = 0x0	R24 = 0x0	R25 = 0x0	R26 = 0x0	R27 = 0x0	R28 = 0x0	R29 = 0x0	R30 = 0x0	R31 = 0x0
Command at each pipe stage:
	IF : LOAD $10 , $0(=0x0) , 4096(=0x0)
	ID : LOAD $20 , $0(=0x0) , 4100(=0x1004)
	EXE : LOAD $21 , $0(=0x0) , 4104(=0x1008)
	MEM : LOAD $22 , $0(=0x0) , 4108(=0x100C)
	WB : NOP $0 , $0(=0x0) , $0(=0x0)


Simulation on cycle 5. The state is:
PC = 0xC
Register file:
	R0 = 0x0	R1 = 0x0	R2 = 0x0	R3 = 0x0	R4 = 0x0	R5 = 0x0	R6 = 0x0	R7 = 0x0	R8 = 0x0	R9 = 0x0	R10 = 0x0	R11 = 0x0	R12 = 0x0	R13 = 0x0	R14 = 0x0	R15 = 0x0	R16 = 0x0	R17 = 0x0	R18 = 0x0	R19 = 0x0	R20 = 0x0	R21 = 0x0	R22 = 0x0	R23 = 0x0	R24 = 0x0	R25 = 0x0	R26 = 0x0	R27 = 0x0	R28 = 0x0	R29 = 0x0	R30 = 0x0	R31 = 0x0
Command at each pipe stage:
	IF : LOAD $10 , $0(=0x0) , 4096(=0x0)
	ID : LOAD $20 , $0(=0x0) , 4100(=0x1004)
	EXE : LOAD $21 , $0(=0x0) , 4104(=0x1008)
	MEM : LOAD $22 , $0(=0x0) , 4108(=0x100C)
	WB : NOP $0 , $0(=0x0) , $0(=0x0)


Simulation on cycle 6. The state is:
PC = 0xC
Register file:
	R0 = 0x0	R1 = 0x0	R2 = 0x0	R3 = 0x0	R4 = 0x0	R5 = 0x0	R6 = 0x0	R7 = 0x0	R8 = 0x0	R9 = 0x0	R10 = 0x0	R11 = 0x0	R12 = 0x0	R13 = 0x0	R14 = 0x0	R15 = 0x0	R16 = 0x0	R17 = 0x0	R18 = 0x0	R19 = 0x0	R20 = 0x0	R21 = 0x0	R22 = 0x0	R23 = 0x0	R24 = 0x0	R25 = 0x0	R26 = 0x0	R27 = 0x0	R28 = 0x0	R29 = 0x0	R30 = 0x0	R31 = 0x0
Command at each pipe stage:
	IF : LOAD $10 , $0(=0x0) , 4096(=0x0)
	ID : LOAD $20 , $0(=0x0) , 4100(=0x1004)
	EXE : LOAD $21 , $0(=0x0) , 4104(=0x1008)
	MEM : LOAD $22 , $0(=0x0) , 4108(=0x100C)
	WB : NOP $0 , $0(=0x0) , $0(=0x0)


Simulation on cycle 7. The state is:
PC = 0x10
Register file:
	R0 = 0x0	R1 = 0x0	R2 = 0x0	R3 = 0x0	R4 = 0x0	R5 = 0x0	R6 = 0x0	R7 = 0x0	R8 = 0x0	R9 = 0x0	R10 = 0x0	R11 = 0x0	R12 = 0x0	R13 = 0x0	R14 = 0x0	R15 = 0x0	R16 = 0x0	R17 = 0x0	R18 = 0x0	R19 = 0x0	R20 = 0x0	R21 = 0x0	R22 = 0x0	R23 = 0x0	R24 = 0x0	R25 = 0x0	R26 = 0x0	R27 = 0x0	R28 = 0x0	R29 = 0x0	R30 = 0x0	R31 = 0x0
Command at each pipe stage:
	IF : LOAD $1 , $0(=0x0) , 4096(=0x0)
	ID : LOAD $10 , $0(=0x0) , 4096(=0x1000)
	EXE : LOAD $20 , $0(=0x0) , 4100(=0x1004)
	MEM : LOAD $21 , $0(=0x0) , 4104(=0x1008)
	WB : LOAD $22 , $0(=0x0) , 4108(=0x100C)


Simulation on cycle 8. The state is:
PC = 0x10
Register file:
	R0 = 0x0	R1 = 0x0	R2 = 0x0	R3 = 0x0	R4 = 0x0	R5 = 0x0	R6 = 0x0	R7 = 0x0	R8 = 0x0	R9 = 0x0	R10 = 0x0	R11 = 0x0	R12 = 0x0	R13 = 0x0	R14 = 0x0	R15 = 0x0	R16 = 0x0	R17 = 0x0	R18 = 0x0	R19 = 0x0	R20 = 0x0	R21 = 0x0	R22 = 0x4	R23 = 0x0	R24 = 0x0	R25 = 0x0	R26 = 0x0	R27 = 0x0	R28 = 0x0	R29 = 0x0	R30 = 0x0	R31 = 0x0
Command at each pipe stage:
	IF : LOAD $1 , $0(=0x0) , 4096(=0x0)
	ID : LOAD $10 , $0(=0x0) , 4096(=0x1000)
	EXE : LOAD $20 , $0(=0x0) , 4100(=0x1004)
	MEM : LOAD $21 , $0(=0x0) , 4104(=0x1008)
	WB : NOP $0 , $0(=0x0) , $0(=0x0)


Simulation on cycle 9. The state is:
PC = 0x10
Register file:
	R0 = 0x0	R1 = 0x0	R2 = 0x0	R3 = 0x0	R4 = 0x0	R5 = 0x0	R6 = 0x0	R7 = 0x0	R8 = 0x0	R9 = 0x0	R10 = 0x0	R11 = 0x0	R12 = 0x0	R13 = 0x0	R14 = 0x0	R15 = 0x0	R16 = 0x0	R17 = 0x0	R18 = 0x0	R19 = 0x0	R20 = 0x0	R21 = 0x0	R22 = 0x4	R23 = 0x0	R24 = 0x0	R25 = 0x0	R26 = 0x0	R27 = 0x0	R28 = 0x0	R29 = 0x0	R30 = 0x0	R31 = 0x0
Command at each pipe stage:
	IF : LOAD $1 , $0(=0x0) , 4096(=0x0)
	ID : LOAD $10 , $0(=0x0) , 4096(=0x1000)
	EXE : LOAD $20 , $0(=0x0) , 4100(=0x1004)
	MEM : LOAD $21 , $0(=0x0) , 4104(=0x1008)
	WB : NOP $0 , $0(=0x0) , $0(=0x0)


Simulation on cycle 10. The state is:
PC = 0x10
Register file:
	R0 = 0x0	R1 = 0x0	R2 = 0x0	R3 = 0x0	R4 = 0x0	R5 = 0x0	R6 = 0x0	R7 = 0x0	R8 = 0x0	R9 = 0x0	R10 = 0x0	R11 = 0x0	R12 = 0x0	R13 = 0x0	R14 = 0x0	R15 = 0x0	R16 = 0x0	R17 = 0x0	R18 = 0x0	R19 = 0x0	R20 = 0x0	R21 = 0x0	R22 = 0x4	R23 = 0x0	R24 = 0x0	R25 = 0x0	R26 = 0x0	R27 = 0x0	R28 = 0x0	R29 = 0x0	R30 = 0x0	R31 = 0x0
Command at each pipe stage:
	IF : LOAD $1 , $0(=0x0) , 4096(=0x0)
	ID : LOAD $10 , $0(=0x0) , 4096(=0x1000)
	EXE : LOAD $20 , $0(=0x0) , 4100(=0x1004)
	MEM : LOAD $21 , $0(=0x0) , 4104(=0x1008)
	WB : NOP $0 , $0(=0x0) , $0(=0x0)


Simulation on cycle 11. The state is:
PC = 0x14
Register file:
	R0 = 0x0	R1 = 0x0	R2 = 0x0	R3 = 0x0	R4 = 0x0	R5 = 0x0	R6 = 0x0	R7 = 0x0	R8 = 0x0	R9 = 0x0	R10 = 0x0	R11 = 0x0	R12 = 0x0	R13 = 0x0	R14 = 0x0	R15 = 0x0	R16 = 0x0	R17 = 0x0	R18 = 0x0	R19 = 0x0	R20 = 0x0	R21 = 0x0	R22 = 0x4	R23 = 0x0	R24 = 0x0	R25 = 0x0	R26 = 0x0	R27 = 0x0	R28 = 0x0	R29 = 0x0	R30 = 0x0	R31 = 0x0
Command at each pipe stage:
	IF : ADD $2 , $1(=0x0) , $1(=0x0)
	ID : LOAD $1 , $0(=0x0) , 4096(=0x1000)
	EXE : LOAD $10 , $0(=0x0) , 4096(=0x1000)
	MEM : LOAD $20 , $0(=0x0) , 4100(=0x1004)
	WB : LOAD $21 , $0(=0x0) , 4104(=0x1008)


Simulation on cycle 12. The state is:
PC = 0x14
Register file:
	R0 = 0x0	R1 = 0x0	R2 = 0x0	R3 = 0x0	R4 = 0x0	R5 = 0x0	R6 = 0x0	R7 = 0x0	R8 = 0x0	R9 = 0x0	R10 = 0x0	R11 = 0x0	R12 = 0x0	R13 = 0x0	R14 = 0x0	R15 = 0x0	R16 = 0x0	R17 = 0x0	R18 = 0x0	R19 = 0x0	R20 = 0x0	R21 = 0x10	R22 = 0x4	R23 = 0x0	R24 = 0x0	R25 = 0x0	R26 = 0x0	R27 = 0x0	R28 = 0x0	R29 = 0x0	R30 = 0x0	R31 = 0x0
Command at each pipe stage:
	IF : ADD $2 , $1(=0x0) , $1(=0x0)
	ID : LOAD $1 , $0(=0x0) , 4096(=0x1000)
	EXE : LOAD $10 , $0(=0x0) , 4096(=0x1000)
	MEM : LOAD $20 , $0(=0x0) , 4100(=0x1004)
	WB : NOP $0 , $0(=0x0) , $0(=0x0)


Simulation on cycle 13. The state is:
PC = 0x14
Register file:
	R0 = 0x0	R1 = 0x0	R2 = 0x0	R3 = 0x0	R4 = 0x0	R5 = 0x0	R6 = 0x0	R7 = 0x0	R8 = 0x0	R9 = 0x0	R10 = 0x0	R11 = 0x0	R12 = 0x0	R13 = 0x0	R14 = 0x0	R15 = 0x0	R16 = 0x0	R17 = 0x0	R18 = 0x0	R19 = 0x0	R20 = 0x0	R21 = 0x10	R22 = 0x4	R23 = 0x0	R24 = 0x0	R25 = 0x0	R26 = 0x0	R27 = 0x0	R28 = 0x0	R29 = 0x0	R30 = 0x0	R31 = 0x0
Command at each pipe stage:
	IF : ADD $2 , $1(=0x0) , $1(=0x0)
	ID : LOAD $1 , $0(=0x0) , 4096(=0x1000)
	EXE : LOAD $10 , $0(=0x0) , 4096(=0x1000)
	MEM : LOAD $20 , $0(=0x0) , 4100(=0x1004)
	WB : NOP $0 , $0(=0x0) , $0(=0x0)


Simulation on cycle 14. The state is:
PC = 0x14
Register file:
	R0 = 0x0	R1 = 0x0	R2 = 0x0	R3 = 0x0	R4 = 0x0	R5 = 0x0	R6 = 0x0	R7 = 0x0	R8 = 0x0	R9 = 0x0	R10 = 0x0	R11 = 0x0	R12 = 0x0	R13 = 0x0	R14 = 0x0	R15 = 0x0	R16 = 0x0	R17 = 0x0	R18 = 0x0	R19 = 0x0	R20 = 0x0	R21 = 0x10	R22 = 0x4	R23 = 0x0	R24 = 0x0	R25 = 0x0	R26 = 0x0	R27 = 0x0	R28 = 0x0	R29 = 0x0	R30 = 0x0	R31 = 0x0
Command at each pipe stage:
	IF : ADD $2 , $1(=0x0) , $1(=0x0)
	ID : LOAD $1 , $0(=0x0) , 4096(=0x1000)
	EXE : LOAD $10 , $0(=0x0) , 4096(=0x1000)
	MEM : LOAD $20 , $0(=0x0) , 4100(=0x1004)
	WB : NOP $0 , $0(=0x0) , $0(=0x0)


Simulation on cycle 15. The state is:
PC = 0x18
Register file:
	R0 = 0x0	R1 = 0x0	R2 = 0x0	R3 = 0x0	R4 = 0x0	R5 = 0x0	R6 = 0x0	R7 = 0x0	R8 = 0x0	R9 = 0x0	R10 = 0x0	R11 = 0x0	R12 = 0x0	R13 = 0x0	R14 = 0x0	R15 = 0x0	R16 = 0x0	R17 = 0x0	R18 = 0x0	R19 = 0x0	R20 = 0x0	R21 = 0x10	R22 = 0x4	R23 = 0x0	R24 = 0x0	R25 = 0x0	R26 = 0x0	R27 = 0x0	R28 = 0x0	R29 = 0x0	R30 = 0x0	R31 = 0x0
Command at each pipe stage:
	IF : BRNEQ $22 , $2(=0x0) , $21(=0x0)
	ID : ADD $2 , $1(=0x0) , $1(=0x0)
	EXE : LOAD $1 , $0(=0x0) , 4096(=0x1000)
	MEM : LOAD $10 , $0(=0x0) , 4096(=0x1000)
	WB : LOAD $20 , $0(=0x0) , 4100(=0x1004)


Simulation on cycle 16. The state is:
PC = 0x18
Register file:
	R0 = 0x0	R1 = 0x0	R2 = 0x0	R3 = 0x0	R4 = 0x0	R5 = 0x0	R6 = 0x0	R7 = 0x0	R8 = 0x0	R9 = 0x0	R10 = 0x0	R11 = 0x0	R12 = 0x0	R13 = 0x0	R14 = 0x0	R15 = 0x0	R16 = 0x0	R17 = 0x0	R18 = 0x0	R19 = 0x0	R20 = 0xFFFFFFE8	R21 = 0x10	R22 = 0x4	R23 = 0x0	R24 = 0x0	R25 = 0x0	R26 = 0x0	R27 = 0x0	R28 = 0x0	R29 = 0x0	R30 = 0x0	R31 = 0x0
Command at each pipe stage:
	IF : BRNEQ $22 , $2(=0x0) , $21(=0x0)
	ID : ADD $2 , $1(=0x0) , $1(=0x0)
	EXE : LOAD $1 , $0(=0x0) , 4096(=0x1000)
	MEM : LOAD $10 , $0(=0x0) , 4096(=0x1000)
	WB : NOP $0 , $0(=0x0) , $0(=0x0)


Simulation on cycle 17. The state is:
PC = 0x18
Register file:
	R0 = 0x0	R1 = 0x0	R2 = 0x0	R3 = 0x0	R4 = 0x0	R5 = 0x0	R6 = 0x0	R7 = 0x0	R8 = 0x0	R9 = 0x0	R10 = 0x0	R11 = 0x0	R12 = 0x0	R13 = 0x0	R14 = 0x0	R15 = 0x0	R16 = 0x0	R17 = 0x0	R18 = 0x0	R19 = 0x0	R20 = 0xFFFFFFE8	R21 = 0x10	R22 = 0x4	R23 = 0x0	R24 = 0x0	R25 = 0x0	R26 = 0x0	R27 = 0x0	R28 = 0x0	R29 = 0x0	R30 = 0x0	R31 = 0x0
Command at each pipe stage:
	IF : BRNEQ $22 , $2(=0x0) , $21(=0x0)
	ID : ADD $2 , $1(=0x0) , $1(=0x0)
	EXE : LOAD $1 , $0(=0x0) , 4096(=0x1000)
	MEM : LOAD $10 , $0(=0x0) , 4096(=0x1000)
	WB : NOP $0 , $0(=0x0) , $0(=0x0)


Simulation on cycle 18. The state is:
PC = 0x18
Register file:
	R0 = 0x0	R1 = 0x0	R2 = 0x0	R3 = 0x0	R4 = 0x0	R5 = 0x0	R6 = 0x0	R7 = 0x0	R8 = 0x0	R9 = 0x0	R10 = 0x0	R11 = 0x0	R12 = 0x0	R13 = 0x0	R14 = 0x0	R15 = 0x0	R16 = 0x0	R17 = 0x0	R18 = 0x0	R19 = 0x0	R20 = 0xFFFFFFE8	R21 = 0x10	R22 = 0x4	R23 = 0x0	R24 = 0x0	R25 = 0x0	R26 = 0x0	R27 = 0x0	R28 = 0x0	R29 = 0x0	R30 = 0x0	R31 = 0x0
Command at each pipe stage:
	IF : BRNEQ $22 , $2(=0x0) , $21(=0x0)
	ID : ADD $2 , $1(=0x0) , $1(=0x0)
	EXE : LOAD $1 , $0(=0x0) , 4096(=0x1000)
	MEM : LOAD $10 , $0(=0x0) , 4096(=0x1000)
	WB : NOP $0 , $0(=0x0) , $0(=0x0)


Simulation on cycle 19. The state is:
PC = 0x18
Register file:
	R0 = 0x0	R1 = 0x0	R2 = 0x0	R3 = 0x0	R4 = 0x0	R5 = 0x0	R6 = 0x0	R7 = 0x0	R8 = 0x0	R9 = 0x0	R10 = 0x0	R11 = 0x0	R12 = 0x0	R13 = 0x0	R14 = 0x0	R15 = 0x0	R16 = 0x0	R17 = 0x0	R18 = 0x0	R19 = 0x0	R20 = 0xFFFFFFE8	R21 = 0x10	R22 = 0x4	R23 = 0x0	R24 = 0x0	R25 = 0x0	R26 = 0x0	R27 = 0x0	R28 = 0x0	R29 = 0x0	R30 = 0x0	R31 = 0x0
Command at each pipe stage:
	IF : BRNEQ $22 , $2(=0x0) , $21(=0x0)
	ID : ADD $2 , $1(=0x0) , $1(=0x0)
	EXE : NOP $0 , $0(=0x0) , $0(=0x0)
	MEM : LOAD $1 , $0(=0x0) , 4096(=0x1000)
	WB : LOAD $10 , $0(=0x0) , 4096(=0x1000)


Simulation on cycle 20. The state is:
PC = 0x18
Register file:
	R0 = 0x0	R1 = 0x0	R2 = 0x0	R3 = 0x0	R4 = 0x0	R5 = 0x0	R6 = 0x0	R7 = 0x0	R8 = 0x0	R9 = 0x0	R10 = 0x1	R11 = 0x0	R12 = 0x0	R13 = 0x0	R14 = 0x0	R15 = 0x0	R16 = 0x0	R17 = 0x0	R18 = 0x0	R19 = 0x0	R20 = 0xFFFFFFE8	R21 = 0x10	R22 = 0x4	R23 = 0x0	R24 = 0x0	R25 = 0x0	R26 = 0x0	R27 = 0x0	R28 = 0x0	R29 = 0x0	R30 = 0x0	R31 = 0x0
Command at each pipe stage:
	IF : BRNEQ $22 , $2(=0x0) , $21(=0x0)
	ID : ADD $2 , $1(=0x0) , $1(=0x0)
	EXE : NOP $0 , $0(=0x0) , $0(=0x0)
	MEM : NOP $0 , $0(=0x0) , $0(=0x0)
	WB : LOAD $1 , $0(=0x0) , 4096(=0x1000)


Simulation on cycle 21. The state is:
PC = 0x18
Register file:
	R0 = 0x0	R1 = 0x1	R2 = 0x0	R3 = 0x0	R4 = 0x0	R5 = 0x0	R6 = 0x0	R7 = 0x0	R8 = 0x0	R9 = 0x0	R10 = 0x1	R11 = 0x0	R12 = 0x0	R13 = 0x0	R14 = 0x0	R15 = 0x0	R16 = 0x0	R17 = 0x0	R18 = 0x0	R19 = 0x0	R20 = 0xFFFFFFE8	R21 = 0x10	R22 = 0x4	R23 = 0x0	R24 = 0x0	R25 = 0x0	R26 = 0x0	R27 = 0x0	R28 = 0x0	R29 = 0x0	R30 = 0x0	R31 = 0x0
Command at each pipe stage:
	IF : BRNEQ $22 , $2(=0x0) , $21(=0x0)
	ID : ADD $2 , $1(=0x1) , $1(=0x1)
	EXE : NOP $0 , $0(=0x0) , $0(=0x0)
	MEM : NOP $0 , $0(=0x0) , $0(=0x0)
	WB : NOP $0 , $0(=0x0) , $0(=0x0)


Simulation on cycle 22. The state is:
PC = 0x1C
Register file:
	R0 = 0x0	R1 = 0x1	R2 = 0x0	R3 = 0x0	R4 = 0x0	R5 = 0x0	R6 = 0x0	R7 = 0x0	R8 = 0x0	R9 = 0x0	R10 = 0x1	R11 = 0x0	R12 = 0x0	R13 = 0x0	R14 = 0x0	R15 = 0x0	R16 = 0x0	R17 = 0x0	R18 = 0x0	R19 = 0x0	R20 = 0xFFFFFFE8	R21 = 0x10	R22 = 0x4	R23 = 0x0	R24 = 0x0	R25 = 0x0	R26 = 0x0	R27 = 0x0	R28 = 0x0	R29 = 0x0	R30 = 0x0	R31 = 0x0
Command at each pipe stage:
	IF : ADD $2 , $0(=0x0) , $10(=0x0)
	ID : BRNEQ $22 , $2(=0x0) , $21(=0x10)
	EXE : ADD $2 , $1(=0x1) , $1(=0x1)
	MEM : NOP $0 , $0(=0x0) , $0(=0x0)
	WB : NOP $0 , $0(=0x0) , $0(=0x0)


Simulation on cycle 23. The state is:
PC = 0x1C
Register file:
	R0 = 0x0	R1 = 0x1	R2 = 0x0	R3 = 0x0	R4 = 0x0	R5 = 0x0	R6 = 0x0	R7 = 0x0	R8 = 0x0	R9 = 0x0	R10 = 0x1	R11 = 0x0	R12 = 0x0	R13 = 0x0	R14 = 0x0	R15 = 0x0	R16 = 0x0	R17 = 0x0	R18 = 0x0	R19 = 0x0	R20 = 0xFFFFFFE8	R21 = 0x10	R22 = 0x4	R23 = 0x0	R24 = 0x0	R25 = 0x0	R26 = 0x0	R27 = 0x0	R28 = 0x0	R29 = 0x0	R30 = 0x0	R31 = 0x0
Command at each pipe stage:
	IF : ADD $2 , $0(=0x0) , $10(=0x0)
	ID : BRNEQ $22 , $2(=0x0) , $21(=0x10)
	EXE : NOP $0 , $0(=0x0) , $0(=0x0)
	MEM : ADD $2 , $1(=0x1) , $1(=0x1)
	WB : NOP $0 , $0(=0x0) , $0(=0x0)


Simulation on cycle 24. The state is:
PC = 0x1C
Register file:
	R0 = 0x0	R1 = 0x1	R2 = 0x0	R3 = 0x0	R4 = 0x0	R5 = 0x0	R6 = 0x0	R7 = 0x0	R8 = 0x0	R9 = 0x0	R10 = 0x1	R11 = 0x0	R12 = 0x0	R13 = 0x0	R14 = 0x0	R15 = 0x0	R16 = 0x0	R17 = 0x0	R18 = 0x0	R19 = 0x0	R20 = 0xFFFFFFE8	R21 = 0x10	R22 = 0x4	R23 = 0x0	R24 = 0x0	R25 = 0x0	R26 = 0x0	R27 = 0x0	R28 = 0x0	R29 = 0x0	R30 = 0x0	R31 = 0x0
Command at each pipe stage:
	IF : ADD $2 , $0(=0x0) , $10(=0x0)
	ID : BRNEQ $22 , $2(=0x0) , $21(=0x10)
	EXE : NOP $0 , $0(=0x0) , $0(=0x0)
	MEM : NOP $0 , $0(=0x0) , $0(=0x0)
	WB : ADD $2 , $1(=0x1) , $1(=0x1)


Simulation on cycle 25. The state is:
PC = 0x1C
Register file:
	R0 = 0x0	R1 = 0x1	R2 = 0x2	R3 = 0x0	R4 = 0x0	R5 = 0x0	R6 = 0x0	R7 = 0x0	R8 = 0x0	R9 = 0x0	R10 = 0x1	R11 = 0x0	R12 = 0x0	R13 = 0x0	R14 = 0x0	R15 = 0x0	R16 = 0x0	R17 = 0x0	R18 = 0x0	R19 = 0x0	R20 = 0xFFFFFFE8	R21 = 0x10	R22 = 0x4	R23 = 0x0	R24 = 0x0	R25 = 0x0	R26 = 0x0	R27 = 0x0	R28 = 0x0	R29 = 0x0	R30 = 0x0	R31 = 0x0
Command at each pipe stage:
	IF : ADD $2 , $0(=0x0) , $10(=0x0)
	ID : BRNEQ $22 , $2(=0x2) , $21(=0x10)
	EXE : NOP $0 , $0(=0x0) , $0(=0x0)
	MEM : NOP $0 , $0(=0x0) , $0(=0x0)
	WB : NOP $0 , $0(=0x0) , $0(=0x0)


Simulation on cycle 26. The state is:
PC = 0x20
Register file:
	R0 = 0x0	R1 = 0x1	R2 = 0x2	R3 = 0x0	R4 = 0x0	R5 = 0x0	R6 = 0x0	R7 = 0x0	R8 = 0x0	R9 = 0x0	R10 = 0x1	R11 = 0x0	R12 = 0x0	R13 = 0x0	R14 = 0x0	R15 = 0x0	R16 = 0x0	R17 = 0x0	R18 = 0x0	R19 = 0x0	R20 = 0xFFFFFFE8	R21 = 0x10	R22 = 0x4	R23 = 0x0	R24 = 0x0	R25 = 0x0	R26 = 0x0	R27 = 0x0	R28 = 0x0	R29 = 0x0	R30 = 0x0	R31 = 0x0
Command at each pipe stage:
	IF : STORE $0 , $2(=0x0) , 4096(=0x0)
	ID : ADD $2 , $0(=0x0) , $10(=0x1)
	EXE : BRNEQ $22 , $2(=0x2) , $21(=0x10)
	MEM : NOP $0 , $0(=0x0) , $0(=0x0)
	WB : NOP $0 , $0(=0x0) , $0(=0x0)


Simulation on cycle 27. The state is:
PC = 0x24
Register file:
	R0 = 0x0	R1 = 0x1	R2 = 0x2	R3 = 0x0	R4 = 0x0	R5 = 0x0	R6 = 0x0	R7 = 0x0	R8 = 0x0	R9 = 0x0	R10 = 0x1	R11 = 0x0	R12 = 0x0	R13 = 0x0	R14 = 0x0	R15 = 0x0	R16 = 0x0	R17 = 0x0	R18 = 0x0	R19 = 0x0	R20 = 0xFFFFFFE8	R21 = 0x10	R22 = 0x4	R23 = 0x0	R24 = 0x0	R25 = 0x0	R26 = 0x0	R27 = 0x0	R28 = 0x0	R29 = 0x0	R30 = 0x0	R31 = 0x0
Command at each pipe stage:
	IF : BR $20 , $0(=0x0) , $0(=0x0)
	ID : STORE $0 , $2(=0x2) , 4096(=0x1000)
	EXE : ADD $2 , $0(=0x0) , $10(=0x1)
	MEM : BRNEQ $22 , $2(=0x2) , $21(=0x10)
	WB : NOP $0 , $0(=0x0) , $0(=0x0)


Simulation on cycle 28. The state is:
PC = 0x20
Register file:
	R0 = 0x0	R1 = 0x1	R2 = 0x2	R3 = 0x0	R4 = 0x0	R5 = 0x0	R6 = 0x0	R7 = 0x0	R8 = 0x0	R9 = 0x0	R10 = 0x1	R11 = 0x0	R12 = 0x0	R13 = 0x0	R14 = 0x0	R15 = 0x0	R16 = 0x0	R17 = 0x0	R18 = 0x0	R19 = 0x0	R20 = 0xFFFFFFE8	R21 = 0x10	R22 = 0x4	R23 = 0x0	R24 = 0x0	R25 = 0x0	R26 = 0x0	R27 = 0x0	R28 = 0x0	R29 = 0x0	R30 = 0x0	R31 = 0x0
Command at each pipe stage:
	IF : STORE $0 , $2(=0x0) , 4096(=0x0)
	ID : NOP $0 , $0(=0x0) , $0(=0x0)
	EXE : NOP $0 , $0(=0x0) , $0(=0x0)
	MEM : NOP $0 , $0(=0x0) , $0(=0x0)
	WB : BRNEQ $22 , $2(=0x2) , $21(=0x10)


Simulation on cycle 29. The state is:
PC = 0x24
Register file:
	R0 = 0x0	R1 = 0x1	R2 = 0x2	R3 = 0x0	R4 = 0x0	R5 = 0x0	R6 = 0x0	R7 = 0x0	R8 = 0x0	R9 = 0x0	R10 = 0x1	R11 = 0x0	R12 = 0x0	R13 = 0x0	R14 = 0x0	R15 = 0x0	R16 = 0x0	R17 = 0x0	R18 = 0x0	R19 = 0x0	R20 = 0xFFFFFFE8	R21 = 0x10	R22 = 0x4	R23 = 0x0	R24 = 0x0	R25 = 0x0	R26 = 0x0	R27 = 0x0	R28 = 0x0	R29 = 0x0	R30 = 0x0	R31 = 0x0
Command at each pipe stage:
	IF : BR $20 , $0(=0x0) , $0(=0x0)
	ID : STORE $0 , $2(=0x2) , 4096(=0x1000)
	EXE : NOP $0 , $0(=0x0) , $0(=0x0)
	MEM : NOP $0 , $0(=0x0) , $0(=0x0)
	WB : NOP $0 , $0(=0x0) , $0(=0x0)


Simulation on cycle 30. The state is:
PC = 0x28
Register file:
	R0 = 0x0	R1 = 0x1	R2 = 0x2	R3 = 0x0	R4 = 0x0	R5 = 0x0	R6 = 0x0	R7 = 0x0	R8 = 0x0	R9 = 0x0	R10 = 0x1	R11 = 0x0	R12 = 0x0	R13 = 0x0	R14 = 0x0	R15 = 0x0	R16 = 0x0	R17 = 0x0	R18 = 0x0	R19 = 0x0	R20 = 0xFFFFFFE8	R21 = 0x10	R22 = 0x4	R23 = 0x0	R24 = 0x0	R25 = 0x0	R26 = 0x0	R27 = 0x0	R28 = 0x0	R29 = 0x0	R30 = 0x0	R31 = 0x0
Command at each pipe stage:
	IF : SUB $3 , $3(=0x0) , $3(=0x0)
	ID : BR $20 , $0(=0x0) , $0(=0x0)
	EXE : STORE $0 , $2(=0x2) , 4096(=0x1000)
	MEM : NOP $0 , $0(=0x0) , $0(=0x0)
	WB : NOP $0 , $0(=0x0) , $0(=0x0)


Simulation on cycle 31. The state is:
PC = 0x2C
Register file:
	R0 = 0x0	R1 = 0x1	R2 = 0x2	R3 = 0x0	R4 = 0x0	R5 = 0x0	R6 = 0x0	R7 = 0x0	R8 = 0x0	R9 = 0x0	R10 = 0x1	R11 = 0x0	R12 = 0x0	R13 = 0x0	R14 = 0x0	R15 = 0x0	R16 = 0x0	R17 = 0x0	R18 = 0x0	R19 = 0x0	R20 = 0xFFFFFFE8	R21 = 0x10	R22 = 0x4	R23 = 0x0	R24 = 0x0	R25 = 0x0	R26 = 0x0	R27 = 0x0	R28 = 0x0	R29 = 0x0	R30 = 0x0	R31 = 0x0
Command at each pipe stage:
	IF : SUB $3 , $3(=0x0) , $3(=0x0)
	ID : SUB $3 , $3(=0x0) , $3(=0x0)
	EXE : BR $20 , $0(=0x0) , $0(=0x0)
	MEM : STORE $0 , $2(=0x2) , 4096(=0x1000)
	WB : NOP $0 , $0(=0x0) , $0(=0x0)


Simulation on cycle 32. The state is:
PC = 0x30
Register file:
	R0 = 0x0	R1 = 0x1	R2 = 0x2	R3 = 0x0	R4 = 0x0	R5 = 0x0	R6 = 0x0	R7 = 0x0	R8 = 0x0	R9 = 0x0	R10 = 0x1	R11 = 0x0	R12 = 0x0	R13 = 0x0	R14 = 0x0	R15 = 0x0	R16 = 0x0	R17 = 0x0	R18 = 0x0	R19 = 0x0	R20 = 0xFFFFFFE8	R21 = 0x10	R22 = 0x4	R23 = 0x0	R24 = 0x0	R25 = 0x0	R26 = 0x0	R27 = 0x0	R28 = 0x0	R29 = 0x0	R30 = 0x0	R31 = 0x0
Command at each pipe stage:
	IF : SUB $3 , $3(=0x0) , $3(=0x0)
	ID : SUB $3 , $3(=0x0) , $3(=0x0)
	EXE : SUB $3 , $3(=0x0) , $3(=0x0)
	MEM : BR $20 , $0(=0x0) , $0(=0x0)
	WB : STORE $0 , $2(=0x2) , 4096(=0x1000)


Simulation on cycle 33. The state is:
PC = 0x10
Register file:
	R0 = 0x0	R1 = 0x1	R2 = 0x2	R3 = 0x0	R4 = 0x0	R5 = 0x0	R6 = 0x0	R7 = 0x0	R8 = 0x0	R9 = 0x0	R10 = 0x1	R11 = 0x0	R12 = 0x0	R13 = 0x0	R14 = 0x0	R15 = 0x0	R16 = 0x0	R17 = 0x0	R18 = 0x0	R19 = 0x0	R20 = 0xFFFFFFE8	R21 = 0x10	R22 = 0x4	R23 = 0x0	R24 = 0x0	R25 = 0x0	R26 = 0x0	R27 = 0x0	R28 = 0x0	R29 = 0x0	R30 = 0x0	R31 = 0x0
Command at each pipe stage:
	IF : LOAD $1 , $0(=0x0) , 4096(=0x0)
	ID : NOP $0 , $0(=0x0) , $0(=0x0)
	EXE : NOP $0 , $0(=0x0) , $0(=0x0)
	MEM : NOP $0 , $0(=0x0) , $0(=0x0)
	WB : BR $20 , $0(=0x0) , $0(=0x0)


Simulation on cycle 34. The state is:
PC = 0x14
Register file:
	R0 = 0x0	R1 = 0x1	R2 = 0x2	R3 = 0x0	R4 = 0x0	R5 = 0x0	R6 = 0x0	R7 = 0x0	R8 = 0x0	R9 = 0x0	R10 = 0x1	R11 = 0x0	R12 = 0x0	R13 = 0x0	R14 = 0x0	R15 = 0x0	R16 = 0x0	R17 = 0x0	R18 = 0x0	R19 = 0x0	R20 = 0xFFFFFFE8	R21 = 0x10	R22 = 0x4	R23 = 0x0	R24 = 0x0	R25 = 0x0	R26 = 0x0	R27 = 0x0	R28 = 0x0	R29 = 0x0	R30 = 0x0	R31 = 0x0
Command at each pipe stage:
	IF : ADD $2 , $1(=0x0) , $1(=0x0)
	ID : LOAD $1 , $0(=0x0) , 4096(=0x1000)
	EXE : NOP $0 , $0(=0x0) , $0(=0x0)
	MEM : NOP $0 , $0(=0x0) , $0(=0x0)
	WB : NOP $0 , $0(=0x0) , $0(=0x0)


Simulation on cycle 35. The state is:
PC = 0x18
Register file:
	R0 = 0x0	R1 = 0x1	R2 = 0x2	R3 = 0x0	R4 = 0x0	R5 = 0x0	R6 = 0x0	R7 = 0x0	R8 = 0x0	R9 = 0x0	R10 = 0x1	R11 = 0x0	R12 = 0x0	R13 = 0x0	R14 = 0x0	R15 = 0x0	R16 = 0x0	R17 = 0x0	R18 = 0x0	R19 = 0x0	R20 = 0xFFFFFFE8	R21 = 0x10	R22 = 0x4	R23 = 0x0	R24 = 0x0	R25 = 0x0	R26 = 0x0	R27 = 0x0	R28 = 0x0	R29 = 0x0	R30 = 0x0	R31 = 0x0
Command at each pipe stage:
	IF : BRNEQ $22 , $2(=0x0) , $21(=0x0)
	ID : ADD $2 , $1(=0x1) , $1(=0x1)
	EXE : LOAD $1 , $0(=0x0) , 4096(=0x1000)
	MEM : NOP $0 , $0(=0x0) , $0(=0x0)
	WB : NOP $0 , $0(=0x0) , $0(=0x0)


Simulation on cycle 36. The state is:
PC = 0x18
Register file:
	R0 = 0x0	R1 = 0x1	R2 = 0x2	R3 = 0x0	R4 = 0x0	R5 = 0x0	R6 = 0x0	R7 = 0x0	R8 = 0x0	R9 = 0x0	R10 = 0x1	R11 = 0x0	R12 = 0x0	R13 = 0x0	R14 = 0x0	R15 = 0x0	R16 = 0x0	R17 = 0x0	R18 = 0x0	R19 = 0x0	R20 = 0xFFFFFFE8	R21 = 0x10	R22 = 0x4	R23 = 0x0	R24 = 0x0	R25 = 0x0	R26 = 0x0	R27 = 0x0	R28 = 0x0	R29 = 0x0	R30 = 0x0	R31 = 0x0
Command at each pipe stage:
	IF : BRNEQ $22 , $2(=0x0) , $21(=0x0)
	ID : ADD $2 , $1(=0x1) , $1(=0x1)
	EXE : NOP $0 , $0(=0x0) , $0(=0x0)
	MEM : LOAD $1 , $0(=0x0) , 4096(=0x1000)
	WB : NOP $0 , $0(=0x0) , $0(=0x0)


Simulation on cycle 37. The state is:
PC = 0x18
Register file:
	R0 = 0x0	R1 = 0x1	R2 = 0x2	R3 = 0x0	R4 = 0x0	R5 = 0x0	R6 = 0x0	R7 = 0x0	R8 = 0x0	R9 = 0x0	R10 = 0x1	R11 = 0x0	R12 = 0x0	R13 = 0x0	R14 = 0x0	R15 = 0x0	R16 = 0x0	R17 = 0x0	R18 = 0x0	R19 = 0x0	R20 = 0xFFFFFFE8	R21 = 0x10	R22 = 0x4	R23 = 0x0	R24 = 0x0	R25 = 0x0	R26 = 0x0	R27 = 0x0	R28 = 0x0	R29 = 0x0	R30 = 0x0	R31 = 0x0
Command at each pipe stage:
	IF : BRNEQ $22 , $2(=0x0) , $21(=0x0)
	ID : ADD $2 , $1(=0x1) , $1(=0x1)
	EXE : NOP $0 , $0(=0x0) , $0(=0x0)
	MEM : NOP $0 , $0(=0x0) , $0(=0x0)
	WB : LOAD $1 , $0(=0x0) , 4096(=0x1000)


Simulation on cycle 38. The state is:
PC = 0x18
Register file:
	R0 = 0x0	R1 = 0x2	R2 = 0x2	R3 = 0x0	R4 = 0x0	R5 = 0x0	R6 = 0x0	R7 = 0x0	R8 = 0x0	R9 = 0x0	R10 = 0x1	R11 = 0x0	R12 = 0x0	R13 = 0x0	R14 = 0x0	R15 = 0x0	R16 = 0x0	R17 = 0x0	R18 = 0x0	R19 = 0x0	R20 = 0xFFFFFFE8	R21 = 0x10	R22 = 0x4	R23 = 0x0	R24 = 0x0	R25 = 0x0	R26 = 0x0	R27 = 0x0	R28 = 0x0	R29 = 0x0	R30 = 0x0	R31 = 0x0
Command at each pipe stage:
	IF : BRNEQ $22 , $2(=0x0) , $21(=0x0)
	ID : ADD $2 , $1(=0x2) , $1(=0x2)
	EXE : NOP $0 , $0(=0x0) , $0(=0x0)
	MEM : NOP $0 , $0(=0x0) , $0(=0x0)
	WB : NOP $0 , $0(=0x0) , $0(=0x0)


Simulation on cycle 39. The state is:
PC = 0x1C
Register file:
	R0 = 0x0	R1 = 0x2	R2 = 0x2	R3 = 0x0	R4 = 0x0	R5 = 0x0	R6 = 0x0	R7 = 0x0	R8 = 0x0	R9 = 0x0	R10 = 0x1	R11 = 0x0	R12 = 0x0	R13 = 0x0	R14 = 0x0	R15 = 0x0	R16 = 0x0	R17 = 0x0	R18 = 0x0	R19 = 0x0	R20 = 0xFFFFFFE8	R21 = 0x10	R22 = 0x4	R23 = 0x0	R24 = 0x0	R25 = 0x0	R26 = 0x0	R27 = 0x0	R28 = 0x0	R29 = 0x0	R30 = 0x0	R31 = 0x0
Command at each pipe stage:
	IF : ADD $2 , $0(=0x0) , $10(=0x0)
	ID : BRNEQ $22 , $2(=0x2) , $21(=0x10)
	EXE : ADD $2 , $1(=0x2) , $1(=0x2)
	MEM : NOP $0 , $0(=0x0) , $0(=0x0)
	WB : NOP $0 , $0(=0x0) , $0(=0x0)


Simulation on cycle 40. The state is:
PC = 0x1C
Register file:
	R0 = 0x0	R1 = 0x2	R2 = 0x2	R3 = 0x0	R4 = 0x0	R5 = 0x0	R6 = 0x0	R7 = 0x0	R8 = 0x0	R9 = 0x0	R10 = 0x1	R11 = 0x0	R12 = 0x0	R13 = 0x0	R14 = 0x0	R15 = 0x0	R16 = 0x0	R17 = 0x0	R18 = 0x0	R19 = 0x0	R20 = 0xFFFFFFE8	R21 = 0x10	R22 = 0x4	R23 = 0x0	R24 = 0x0	R25 = 0x0	R26 = 0x0	R27 = 0x0	R28 = 0x0	R29 = 0x0	R30 = 0x0	R31 = 0x0
Command at each pipe stage:
	IF : ADD $2 , $0(=0x0) , $10(=0x0)
	ID : BRNEQ $22 , $2(=0x2) , $21(=0x10)
	EXE : NOP $0 , $0(=0x0) , $0(=0x0)
	MEM : ADD $2 , $1(=0x2) , $1(=0x2)
	WB : NOP $0 , $0(=0x0) , $0(=0x0)


Simulation on cycle 41. The state is:
PC = 0x1C
Register file:
	R0 = 0x0	R1 = 0x2	R2 = 0x2	R3 = 0x0	R4 = 0x0	R5 = 0x0	R6 = 0x0	R7 = 0x0	R8 = 0x0	R9 = 0x0	R10 = 0x1	R11 = 0x0	R12 = 0x0	R13 = 0x0	R14 = 0x0	R15 = 0x0	R16 = 0x0	R17 = 0x0	R18 = 0x0	R19 = 0x0	R20 = 0xFFFFFFE8	R21 = 0x10	R22 = 0x4	R23 = 0x0	R24 = 0x0	R25 = 0x0	R26 = 0x0	R27 = 0x0	R28 = 0x0	R29 = 0x0	R30 = 0x0	R31 = 0x0
Command at each pipe stage:
	IF : ADD $2 , $0(=0x0) , $10(=0x0)
	ID : BRNEQ $22 , $2(=0x2) , $21(=0x10)
	EXE : NOP $0 , $0(=0x0) , $0(=0x0)
	MEM : NOP $0 , $0(=0x0) , $0(=0x0)
	WB : ADD $2 , $1(=0x2) , $1(=0x2)


Simulation on cycle 42. The state is:
PC = 0x1C
Register file:
	R0 = 0x0	R1 = 0x2	R2 = 0x4	R3 = 0x0	R4 = 0x0	R5 = 0x0	R6 = 0x0	R7 = 0x0	R8 = 0x0	R9 = 0x0	R10 = 0x1	R11 = 0x0	R12 = 0x0	R13 = 0x0	R14 = 0x0	R15 = 0x0	R16 = 0x0	R17 = 0x0	R18 = 0x0	R19 = 0x0	R20 = 0xFFFFFFE8	R21 = 0x10	R22 = 0x4	R23 = 0x0	R24 = 0x0	R25 = 0x0	R26 = 0x0	R27 = 0x0	R28 = 0x0	R29 = 0x0	R30 = 0x0	R31 = 0x0
Command at each pipe stage:
	IF : ADD $2 , $0(=0x0) , $10(=0x0)
	ID : BRNEQ $22 , $2(=0x4) , $21(=0x10)
	EXE : NOP $0 , $0(=0x0) , $0(=0x0)
	MEM : NOP $0 , $0(=0x0) , $0(=0x0)
	WB : NOP $0 , $0(=0x0) , $0(=0x0)


Simulation on cycle 43. The state is:
PC = 0x20
Register file:
	R0 = 0x0	R1 = 0x2	R2 = 0x4	R3 = 0x0	R4 = 0x0	R5 = 0x0	R6 = 0x0	R7 = 0x0	R8 = 0x0	R9 = 0x0	R10 = 0x1	R11 = 0x0	R12 = 0x0	R13 = 0x0	R14 = 0x0	R15 = 0x0	R16 = 0x0	R17 = 0x0	R18 = 0x0	R19 = 0x0	R20 = 0xFFFFFFE8	R21 = 0x10	R22 = 0x4	R23 = 0x0	R24 = 0x0	R25 = 0x0	R26 = 0x0	R27 = 0x0	R28 = 0x0	R29 = 0x0	R30 = 0x0	R31 = 0x0
Command at each pipe stage:
	IF : STORE $0 , $2(=0x0) , 4096(=0x0)
	ID : ADD $2 , $0(=0x0) , $10(=0x1)
	EXE : BRNEQ $22 , $2(=0x4) , $21(=0x10)
	MEM : NOP $0 , $0(=0x0) , $0(=0x0)
	WB : NOP $0 , $0(=0x0) , $0(=0x0)


Simulation on cycle 44. The state is:
PC = 0x24
Register file:
	R0 = 0x0	R1 = 0x2	R2 = 0x4	R3 = 0x0	R4 = 0x0	R5 = 0x0	R6 = 0x0	R7 = 0x0	R8 = 0x0	R9 = 0x0	R10 = 0x1	R11 = 0x0	R12 = 0x0	R13 = 0x0	R14 = 0x0	R15 = 0x0	R16 = 0x0	R17 = 0x0	R18 = 0x0	R19 = 0x0	R20 = 0xFFFFFFE8	R21 = 0x10	R22 = 0x4	R23 = 0x0	R24 = 0x0	R25 = 0x0	R26 = 0x0	R27 = 0x0	R28 = 0x0	R29 = 0x0	R30 = 0x0	R31 = 0x0
Command at each pipe stage:
	IF : BR $20 , $0(=0x0) , $0(=0x0)
	ID : STORE $0 , $2(=0x4) , 4096(=0x1000)
	EXE : ADD $2 , $0(=0x0) , $10(=0x1)
	MEM : BRNEQ $22 , $2(=0x4) , $21(=0x10)
	WB : NOP $0 , $0(=0x0) , $0(=0x0)


Simulation on cycle 45. The state is:
PC = 0x20
Register file:
	R0 = 0x0	R1 = 0x2	R2 = 0x4	R3 = 0x0	R4 = 0x0	R5 = 0x0	R6 = 0x0	R7 = 0x0	R8 = 0x0	R9 = 0x0	R10 = 0x1	R11 = 0x0	R12 = 0x0	R13 = 0x0	R14 = 0x0	R15 = 0x0	R16 = 0x0	R17 = 0x0	R18 = 0x0	R19 = 0x0	R20 = 0xFFFFFFE8	R21 = 0x10	R22 = 0x4	R23 = 0x0	R24 = 0x0	R25 = 0x0	R26 = 0x0	R27 = 0x0	R28 = 0x0	R29 = 0x0	R30 = 0x0	R31 = 0x0
Command at each pipe stage:
	IF : STORE $0 , $2(=0x0) , 4096(=0x0)
	ID : NOP $0 , $0(=0x0) , $0(=0x0)
	EXE : NOP $0 , $0(=0x0) , $0(=0x0)
	MEM : NOP $0 , $0(=0x0) , $0(=0x0)
	WB : BRNEQ $22 , $2(=0x4) , $21(=0x10)


Simulation on cycle 46. The state is:
PC = 0x24
Register file:
	R0 = 0x0	R1 = 0x2	R2 = 0x4	R3 = 0x0	R4 = 0x0	R5 = 0x0	R6 = 0x0	R7 = 0x0	R8 = 0x0	R9 = 0x0	R10 = 0x1	R11 = 0x0	R12 = 0x0	R13 = 0x0	R14 = 0x0	R15 = 0x0	R16 = 0x0	R17 = 0x0	R18 = 0x0	R19 = 0x0	R20 = 0xFFFFFFE8	R21 = 0x10	R22 = 0x4	R23 = 0x0	R24 = 0x0	R25 = 0x0	R26 = 0x0	R27 = 0x0	R28 = 0x0	R29 = 0x0	R30 = 0x0	R31 = 0x0
Command at each pipe stage:
	IF : BR $20 , $0(=0x0) , $0(=0x0)
	ID : STORE $0 , $2(=0x4) , 4096(=0x1000)
	EXE : NOP $0 , $0(=0x0) , $0(=0x0)
	MEM : NOP $0 , $0(=0x0) , $0(=0x0)
	WB : NOP $0 , $0(=0x0) , $0(=0x0)


Simulation on cycle 47. The state is:
PC = 0x28
Register file:
	R0 = 0x0	R1 = 0x2	R2 = 0x4	R3 = 0x0	R4 = 0x0	R5 = 0x0	R6 = 0x0	R7 = 0x0	R8 = 0x0	R9 = 0x0	R10 = 0x1	R11 = 0x0	R12 = 0x0	R13 = 0x0	R14 = 0x0	R15 = 0x0	R16 = 0x0	R17 = 0x0	R18 = 0x0	R19 = 0x0	R20 = 0xFFFFFFE8	R21 = 0x10	R22 = 0x4	R23 = 0x0	R24 = 0x0	R25 = 0x0	R26 = 0x0	R27 = 0x0	R28 = 0x0	R29 = 0x0	R30 = 0x0	R31 = 0x0
Command at each pipe stage:
	IF : SUB $3 , $3(=0x0) , $3(=0x0)
	ID : BR $20 , $0(=0x0) , $0(=0x0)
	EXE : STORE $0 , $2(=0x4) , 4096(=0x1000)
	MEM : NOP $0 , $0(=0x0) , $0(=0x0)
	WB : NOP $0 , $0(=0x0) , $0(=0x0)


Simulation on cycle 48. The state is:
PC = 0x2C
Register file:
	R0 = 0x0	R1 = 0x2	R2 = 0x4	R3 = 0x0	R4 = 0x0	R5 = 0x0	R6 = 0x0	R7 = 0x0	R8 = 0x0	R9 = 0x0	R10 = 0x1	R11 = 0x0	R12 = 0x0	R13 = 0x0	R14 = 0x0	R15 = 0x0	R16 = 0x0	R17 = 0x0	R18 = 0x0	R19 = 0x0	R20 = 0xFFFFFFE8	R21 = 0x10	R22 = 0x4	R23 = 0x0	R24 = 0x0	R25 = 0x0	R26 = 0x0	R27 = 0x0	R28 = 0x0	R29 = 0x0	R30 = 0x0	R31 = 0x0
Command at each pipe stage:
	IF : SUB $3 , $3(=0x0) , $3(=0x0)
	ID : SUB $3 , $3(=0x0) , $3(=0x0)
	EXE : BR $20 , $0(=0x0) , $0(=0x0)
	MEM : STORE $0 , $2(=0x4) , 4096(=0x1000)
	WB : NOP $0 , $0(=0x0) , $0(=0x0)


Simulation on cycle 49. The state is:
PC = 0x30
Register file:
	R0 = 0x0	R1 = 0x2	R2 = 0x4	R3 = 0x0	R4 = 0x0	R5 = 0x0	R6 = 0x0	R7 = 0x0	R8 = 0x0	R9 = 0x0	R10 = 0x1	R11 = 0x0	R12 = 0x0	R13 = 0x0	R14 = 0x0	R15 = 0x0	R16 = 0x0	R17 = 0x0	R18 = 0x0	R19 = 0x0	R20 = 0xFFFFFFE8	R21 = 0x10	R22 = 0x4	R23 = 0x0	R24 = 0x0	R25 = 0x0	R26 = 0x0	R27 = 0x0	R28 = 0x0	R29 = 0x0	R30 = 0x0	R31 = 0x0
Command at each pipe stage:
	IF : SUB $3 , $3(=0x0) , $3(=0x0)
	ID : SUB $3 , $3(=0x0) , $3(=0x0)
	EXE : SUB $3 , $3(=0x0) , $3(=0x0)
	MEM : BR $20 , $0(=0x0) , $0(=0x0)
	WB : STORE $0 , $2(=0x4) , 4096(=0x1000)


Simulation on cycle 50. The state is:
PC = 0x10
Register file:
	R0 = 0x0	R1 = 0x2	R2 = 0x4	R3 = 0x0	R4 = 0x0	R5 = 0x0	R6 = 0x0	R7 = 0x0	R8 = 0x0	R9 = 0x0	R10 = 0x1	R11 = 0x0	R12 = 0x0	R13 = 0x0	R14 = 0x0	R15 = 0x0	R16 = 0x0	R17 = 0x0	R18 = 0x0	R19 = 0x0	R20 = 0xFFFFFFE8	R21 = 0x10	R22 = 0x4	R23 = 0x0	R24 = 0x0	R25 = 0x0	R26 = 0x0	R27 = 0x0	R28 = 0x0	R29 = 0x0	R30 = 0x0	R31 = 0x0
Command at each pipe stage:
	IF : LOAD $1 , $0(=0x0) , 4096(=0x0)
	ID : NOP $0 , $0(=0x0) , $0(=0x0)
	EXE : NOP $0 , $0(=0x0) , $0(=0x0)
	MEM : NOP $0 , $0(=0x0) , $0(=0x0)
	WB : BR $20 , $0(=0x0) , $0(=0x0)


Simulation on cycle 51. The state is:
PC = 0x14
Register file:
	R0 = 0x0	R1 = 0x2	R2 = 0x4	R3 = 0x0	R4 = 0x0	R5 = 0x0	R6 = 0x0	R7 = 0x0	R8 = 0x0	R9 = 0x0	R10 = 0x1	R11 = 0x0	R12 = 0x0	R13 = 0x0	R14 = 0x0	R15 = 0x0	R16 = 0x0	R17 = 0x0	R18 = 0x0	R19 = 0x0	R20 = 0xFFFFFFE8	R21 = 0x10	R22 = 0x4	R23 = 0x0	R24 = 0x0	R25 = 0x0	R26 = 0x0	R27 = 0x0	R28 = 0x0	R29 = 0x0	R30 = 0x0	R31 = 0x0
Command at each pipe stage:
	IF : ADD $2 , $1(=0x0) , $1(=0x0)
	ID : LOAD $1 , $0(=0x0) , 4096(=0x1000)
	EXE : NOP $0 , $0(=0x0) , $0(=0x0)
	MEM : NOP $0 , $0(=0x0) , $0(=0x0)
	WB : NOP $0 , $0(=0x0) , $0(=0x0)


Simulation on cycle 52. The state is:
PC = 0x18
Register file:
	R0 = 0x0	R1 = 0x2	R2 = 0x4	R3 = 0x0	R4 = 0x0	R5 = 0x0	R6 = 0x0	R7 = 0x0	R8 = 0x0	R9 = 0x0	R10 = 0x1	R11 = 0x0	R12 = 0x0	R13 = 0x0	R14 = 0x0	R15 = 0x0	R16 = 0x0	R17 = 0x0	R18 = 0x0	R19 = 0x0	R20 = 0xFFFFFFE8	R21 = 0x10	R22 = 0x4	R23 = 0x0	R24 = 0x0	R25 = 0x0	R26 = 0x0	R27 = 0x0	R28 = 0x0	R29 = 0x0	R30 = 0x0	R31 = 0x0
Command at each pipe stage:
	IF : BRNEQ $22 , $2(=0x0) , $21(=0x0)
	ID : ADD $2 , $1(=0x2) , $1(=0x2)
	EXE : LOAD $1 , $0(=0x0) , 4096(=0x1000)
	MEM : NOP $0 , $0(=0x0) , $0(=0x0)
	WB : NOP $0 , $0(=0x0) , $0(=0x0)


Simulation on cycle 53. The state is:
PC = 0x18
Register file:
	R0 = 0x0	R1 = 0x2	R2 = 0x4	R3 = 0x0	R4 = 0x0	R5 = 0x0	R6 = 0x0	R7 = 0x0	R8 = 0x0	R9 = 0x0	R10 = 0x1	R11 = 0x0	R12 = 0x0	R13 = 0x0	R14 = 0x0	R15 = 0x0	R16 = 0x0	R17 = 0x0	R18 = 0x0	R19 = 0x0	R20 = 0xFFFFFFE8	R21 = 0x10	R22 = 0x4	R23 = 0x0	R24 = 0x0	R25 = 0x0	R26 = 0x0	R27 = 0x0	R28 = 0x0	R29 = 0x0	R30 = 0x0	R31 = 0x0
Command at each pipe stage:
	IF : BRNEQ $22 , $2(=0x0) , $21(=0x0)
	ID : ADD $2 , $1(=0x2) , $1(=0x2)
	EXE : NOP $0 , $0(=0x0) , $0(=0x0)
	MEM : LOAD $1 , $0(=0x0) , 4096(=0x1000)
	WB : NOP $0 , $0(=0x0) , $0(=0x0)


Simulation on cycle 54. The state is:
PC = 0x18
Register file:
	R0 = 0x0	R1 = 0x2	R2 = 0x4	R3 = 0x0	R4 = 0x0	R5 = 0x0	R6 = 0x0	R7 = 0x0	R8 = 0x0	R9 = 0x0	R10 = 0x1	R11 = 0x0	R12 = 0x0	R13 = 0x0	R14 = 0x0	R15 = 0x0	R16 = 0x0	R17 = 0x0	R18 = 0x0	R19 = 0x0	R20 = 0xFFFFFFE8	R21 = 0x10	R22 = 0x4	R23 = 0x0	R24 = 0x0	R25 = 0x0	R26 = 0x0	R27 = 0x0	R28 = 0x0	R29 = 0x0	R30 = 0x0	R31 = 0x0
Command at each pipe stage:
	IF : BRNEQ $22 , $2(=0x0) , $21(=0x0)
	ID : ADD $2 , $1(=0x2) , $1(=0x2)
	EXE : NOP $0 , $0(=0x0) , $0(=0x0)
	MEM : NOP $0 , $0(=0x0) , $0(=0x0)
	WB : LOAD $1 , $0(=0x0) , 4096(=0x1000)


Simulation on cycle 55. The state is:
PC = 0x18
Register file:
	R0 = 0x0	R1 = 0x4	R2 = 0x4	R3 = 0x0	R4 = 0x0	R5 = 0x0	R6 = 0x0	R7 = 0x0	R8 = 0x0	R9 = 0x0	R10 = 0x1	R11 = 0x0	R12 = 0x0	R13 = 0x0	R14 = 0x0	R15 = 0x0	R16 = 0x0	R17 = 0x0	R18 = 0x0	R19 = 0x0	R20 = 0xFFFFFFE8	R21 = 0x10	R22 = 0x4	R23 = 0x0	R24 = 0x0	R25 = 0x0	R26 = 0x0	R27 = 0x0	R28 = 0x0	R29 = 0x0	R30 = 0x0	R31 = 0x0
Command at each pipe stage:
	IF : BRNEQ $22 , $2(=0x0) , $21(=0x0)
	ID : ADD $2 , $1(=0x4) , $1(=0x4)
	EXE : NOP $0 , $0(=0x0) , $0(=0x0)
	MEM : NOP $0 , $0(=0x0) , $0(=0x0)
	WB : NOP $0 , $0(=0x0) , $0(=0x0)


Simulation on cycle 56. The state is:
PC = 0x1C
Register file:
	R0 = 0x0	R1 = 0x4	R2 = 0x4	R3 = 0x0	R4 = 0x0	R5 = 0x0	R6 = 0x0	R7 = 0x0	R8 = 0x0	R9 = 0x0	R10 = 0x1	R11 = 0x0	R12 = 0x0	R13 = 0x0	R14 = 0x0	R15 = 0x0	R16 = 0x0	R17 = 0x0	R18 = 0x0	R19 = 0x0	R20 = 0xFFFFFFE8	R21 = 0x10	R22 = 0x4	R23 = 0x0	R24 = 0x0	R25 = 0x0	R26 = 0x0	R27 = 0x0	R28 = 0x0	R29 = 0x0	R30 = 0x0	R31 = 0x0
Command at each pipe stage:
	IF : ADD $2 , $0(=0x0) , $10(=0x0)
	ID : BRNEQ $22 , $2(=0x4) , $21(=0x10)
	EXE : ADD $2 , $1(=0x4) , $1(=0x4)
	MEM : NOP $0 , $0(=0x0) , $0(=0x0)
	WB : NOP $0 , $0(=0x0) , $0(=0x0)


Simulation on cycle 57. The state is:
PC = 0x1C
Register file:
	R0 = 0x0	R1 = 0x4	R2 = 0x4	R3 = 0x0	R4 = 0x0	R5 = 0x0	R6 = 0x0	R7 = 0x0	R8 = 0x0	R9 = 0x0	R10 = 0x1	R11 = 0x0	R12 = 0x0	R13 = 0x0	R14 = 0x0	R15 = 0x0	R16 = 0x0	R17 = 0x0	R18 = 0x0	R19 = 0x0	R20 = 0xFFFFFFE8	R21 = 0x10	R22 = 0x4	R23 = 0x0	R24 = 0x0	R25 = 0x0	R26 = 0x0	R27 = 0x0	R28 = 0x0	R29 = 0x0	R30 = 0x0	R31 = 0x0
Command at each pipe stage:
	IF : ADD $2 , $0(=0x0) , $10(=0x0)
	ID : BRNEQ $22 , $2(=0x4) , $21(=0x10)
	EXE : NOP $0 , $0(=0x0) , $0(=0x0)
	MEM : ADD $2 , $1(=0x4) , $1(=0x4)
	WB : NOP $0 , $0(=0x0) , $0(=0x0)


Simulation on cycle 58. The state is:
PC = 0x1C
Register file:
	R0 = 0x0	R1 = 0x4	R2 = 0x4	R3 = 0x0	R4 = 0x0	R5 = 0x0	R6 = 0x0	R7 = 0x0	R8 = 0x0	R9 = 0x0	R10 = 0x1	R11 = 0x0	R12 = 0x0	R13 = 0x0	R14 = 0x0	R15 = 0x0	R16 = 0x0	R17 = 0x0	R18 = 0x0	R19 = 0x0	R20 = 0xFFFFFFE8	R21 = 0x10	R22 = 0x4	R23 = 0x0	R24 = 0x0	R25 = 0x0	R26 = 0x0	R27 = 0x0	R28 = 0x0	R29 = 0x0	R30 = 0x0	R31 = 0x0
Command at each pipe stage:
	IF : ADD $2 , $0(=0x0) , $10(=0x0)
	ID : BRNEQ $22 , $2(=0x4) , $21(=0x10)
	EXE : NOP $0 , $0(=0x0) , $0(=0x0)
	MEM : NOP $0 , $0(=0x0) , $0(=0x0)
	WB : ADD $2 , $1(=0x4) , $1(=0x4)


Simulation on cycle 59. The state is:
PC = 0x1C
Register file:
	R0 = 0x0	R1 = 0x4	R2 = 0x8	R3 = 0x0	R4 = 0x0	R5 = 0x0	R6 = 0x0	R7 = 0x0	R8 = 0x0	R9 = 0x0	R10 = 0x1	R11 = 0x0	R12 = 0x0	R13 = 0x0	R14 = 0x0	R15 = 0x0	R16 = 0x0	R17 = 0x0	R18 = 0x0	R19 = 0x0	R20 = 0xFFFFFFE8	R21 = 0x10	R22 = 0x4	R23 = 0x0	R24 = 0x0	R25 = 0x0	R26 = 0x0	R27 = 0x0	R28 = 0x0	R29 = 0x0	R30 = 0x0	R31 = 0x0
Command at each pipe stage:
	IF : ADD $2 , $0(=0x0) , $10(=0x0)
	ID : BRNEQ $22 , $2(=0x8) , $21(=0x10)
	EXE : NOP $0 , $0(=0x0) , $0(=0x0)
	MEM : NOP $0 , $0(=0x0) , $0(=0x0)
	WB : NOP $0 , $0(=0x0) , $0(=0x0)


Simulation on cycle 60. The state is:
PC = 0x20
Register file:
	R0 = 0x0	R1 = 0x4	R2 = 0x8	R3 = 0x0	R4 = 0x0	R5 = 0x0	R6 = 0x0	R7 = 0x0	R8 = 0x0	R9 = 0x0	R10 = 0x1	R11 = 0x0	R12 = 0x0	R13 = 0x0	R14 = 0x0	R15 = 0x0	R16 = 0x0	R17 = 0x0	R18 = 0x0	R19 = 0x0	R20 = 0xFFFFFFE8	R21 = 0x10	R22 = 0x4	R23 = 0x0	R24 = 0x0	R25 = 0x0	R26 = 0x0	R27 = 0x0	R28 = 0x0	R29 = 0x0	R30 = 0x0	R31 = 0x0
Command at each pipe stage:
	IF : STORE $0 , $2(=0x0) , 4096(=0x0)
	ID : ADD $2 , $0(=0x0) , $10(=0x1)
	EXE : BRNEQ $22 , $2(=0x8) , $21(=0x10)
	MEM : NOP $0 , $0(=0x0) , $0(=0x0)
	WB : NOP $0 , $0(=0x0) , $0(=0x0)


Simulation on cycle 61. The state is:
PC = 0x24
Register file:
	R0 = 0x0	R1 = 0x4	R2 = 0x8	R3 = 0x0	R4 = 0x0	R5 = 0x0	R6 = 0x0	R7 = 0x0	R8 = 0x0	R9 = 0x0	R10 = 0x1	R11 = 0x0	R12 = 0x0	R13 = 0x0	R14 = 0x0	R15 = 0x0	R16 = 0x0	R17 = 0x0	R18 = 0x0	R19 = 0x0	R20 = 0xFFFFFFE8	R21 = 0x10	R22 = 0x4	R23 = 0x0	R24 = 0x0	R25 = 0x0	R26 = 0x0	R27 = 0x0	R28 = 0x0	R29 = 0x0	R30 = 0x0	R31 = 0x0
Command at each pipe stage:
	IF : BR $20 , $0(=0x0) , $0(=0x0)
	ID : STORE $0 , $2(=0x8) , 4096(=0x1000)
	EXE : ADD $2 , $0(=0x0) , $10(=0x1)
	MEM : BRNEQ $22 , $2(=0x8) , $21(=0x10)
	WB : NOP $0 , $0(=0x0) , $0(=0x0)


Simulation on cycle 62. The state is:
PC = 0x20
Register file:
	R0 = 0x0	R1 = 0x4	R2 = 0x8	R3 = 0x0	R4 = 0x0	R5 = 0x0	R6 = 0x0	R7 = 0x0	R8 = 0x0	R9 = 0x0	R10 = 0x1	R11 = 0x0	R12 = 0x0	R13 = 0x0	R14 = 0x0	R15 = 0x0	R16 = 0x0	R17 = 0x0	R18 = 0x0	R19 = 0x0	R20 = 0xFFFFFFE8	R21 = 0x10	R22 = 0x4	R23 = 0x0	R24 = 0x0	R25 = 0x0	R26 = 0x0	R27 = 0x0	R28 = 0x0	R29 = 0x0	R30 = 0x0	R31 = 0x0
Command at each pipe stage:
	IF : STORE $0 , $2(=0x0) , 4096(=0x0)
	ID : NOP $0 , $0(=0x0) , $0(=0x0)
	EXE : NOP $0 , $0(=0x0) , $0(=0x0)
	MEM : NOP $0 , $0(=0x0) , $0(=0x0)
	WB : BRNEQ $22 , $2(=0x8) , $21(=0x10)


Simulation on cycle 63. The state is:
PC = 0x24
Register file:
	R0 = 0x0	R1 = 0x4	R2 = 0x8	R3 = 0x0	R4 = 0x0	R5 = 0x0	R6 = 0x0	R7 = 0x0	R8 = 0x0	R9 = 0x0	R10 = 0x1	R11 = 0x0	R12 = 0x0	R13 = 0x0	R14 = 0x0	R15 = 0x0	R16 = 0x0	R17 = 0x0	R18 = 0x0	R19 = 0x0	R20 = 0xFFFFFFE8	R21 = 0x10	R22 = 0x4	R23 = 0x0	R24 = 0x0	R25 = 0x0	R26 = 0x0	R27 = 0x0	R28 = 0x0	R29 = 0x0	R30 = 0x0	R31 = 0x0
Command at each pipe stage:
	IF : BR $20 , $0(=0x0) , $0(=0x0)
	ID : STORE $0 , $2(=0x8) , 4096(=0x1000)
	EXE : NOP $0 , $0(=0x0) , $0(=0x0)
	MEM : NOP $0 , $0(=0x0) , $0(=0x0)
	WB : NOP $0 , $0(=0x0) , $0(=0x0)


Simulation on cycle 64. The state is:
PC = 0x28
Register file:
	R0 = 0x0	R1 = 0x4	R2 = 0x8	R3 = 0x0	R4 = 0x0	R5 = 0x0	R6 = 0x0	R7 = 0x0	R8 = 0x0	R9 = 0x0	R10 = 0x1	R11 = 0x0	R12 = 0x0	R13 = 0x0	R14 = 0x0	R15 = 0x0	R16 = 0x0	R17 = 0x0	R18 = 0x0	R19 = 0x0	R20 = 0xFFFFFFE8	R21 = 0x10	R22 = 0x4	R23 = 0x0	R24 = 0x0	R25 = 0x0	R26 = 0x0	R27 = 0x0	R28 = 0x0	R29 = 0x0	R30 = 0x0	R31 = 0x0
Command at each pipe stage:
	IF : SUB $3 , $3(=0x0) , $3(=0x0)
	ID : BR $20 , $0(=0x0) , $0(=0x0)
	EXE : STORE $0 , $2(=0x8) , 4096(=0x1000)
	MEM : NOP $0 , $0(=0x0) , $0(=0x0)
	WB : NOP $0 , $0(=0x0) , $0(=0x0)


Simulation on cycle 65. The state is:
PC = 0x2C
Register file:
	R0 = 0x0	R1 = 0x4	R2 = 0x8	R3 = 0x0	R4 = 0x0	R5 = 0x0	R6 = 0x0	R7 = 0x0	R8 = 0x0	R9 = 0x0	R10 = 0x1	R11 = 0x0	R12 = 0x0	R13 = 0x0	R14 = 0x0	R15 = 0x0	R16 = 0x0	R17 = 0x0	R18 = 0x0	R19 = 0x0	R20 = 0xFFFFFFE8	R21 = 0x10	R22 = 0x4	R23 = 0x0	R24 = 0x0	R25 = 0x0	R26 = 0x0	R27 = 0x0	R28 = 0x0	R29 = 0x0	R30 = 0x0	R31 = 0x0
Command at each pipe stage:
	IF : SUB $3 , $3(=0x0) , $3(=0x0)
	ID : SUB $3 , $3(=0x0) , $3(=0x0)
	EXE : BR $20 , $0(=0x0) , $0(=0x0)
	MEM : STORE $0 , $2(=0x8) , 4096(=0x1000)
	WB : NOP $0 , $0(=0x0) , $0(=0x0)


Simulation on cycle 66. The state is:
PC = 0x30
Register file:
	R0 = 0x0	R1 = 0x4	R2 = 0x8	R3 = 0x0	R4 = 0x0	R5 = 0x0	R6 = 0x0	R7 = 0x0	R8 = 0x0	R9 = 0x0	R10 = 0x1	R11 = 0x0	R12 = 0x0	R13 = 0x0	R14 = 0x0	R15 = 0x0	R16 = 0x0	R17 = 0x0	R18 = 0x0	R19 = 0x0	R20 = 0xFFFFFFE8	R21 = 0x10	R22 = 0x4	R23 = 0x0	R24 = 0x0	R25 = 0x0	R26 = 0x0	R27 = 0x0	R28 = 0x0	R29 = 0x0	R30 = 0x0	R31 = 0x0
Command at each pipe stage:
	IF : SUB $3 , $3(=0x0) , $3(=0x0)
	ID : SUB $3 , $3(=0x0) , $3(=0x0)
	EXE : SUB $3 , $3(=0x0) , $3(=0x0)
	MEM : BR $20 , $0(=0x0) , $0(=0x0)
	WB : STORE $0 , $2(=0x8) , 4096(=0x1000)


Simulation on cycle 67. The state is:
PC = 0x10
Register file:
	R0 = 0x0	R1 = 0x4	R2 = 0x8	R3 = 0x0	R4 = 0x0	R5 = 0x0	R6 = 0x0	R7 = 0x0	R8 = 0x0	R9 = 0x0	R10 = 0x1	R11 = 0x0	R12 = 0x0	R13 = 0x0	R14 = 0x0	R15 = 0x0	R16 = 0x0	R17 = 0x0	R18 = 0x0	R19 = 0x0	R20 = 0xFFFFFFE8	R21 = 0x10	R22 = 0x4	R23 = 0x0	R24 = 0x0	R25 = 0x0	R26 = 0x0	R27 = 0x0	R28 = 0x0	R29 = 0x0	R30 = 0x0	R31 = 0x0
Command at each pipe stage:
	IF : LOAD $1 , $0(=0x0) , 4096(=0x0)
	ID : NOP $0 , $0(=0x0) , $0(=0x0)
	EXE : NOP $0 , $0(=0x0) , $0(=0x0)
	MEM : NOP $0 , $0(=0x0) , $0(=0x0)
	WB : BR $20 , $0(=0x0) , $0(=0x0)


Simulation on cycle 68. The state is:
PC = 0x14
Register file:
	R0 = 0x0	R1 = 0x4	R2 = 0x8	R3 = 0x0	R4 = 0x0	R5 = 0x0	R6 = 0x0	R7 = 0x0	R8 = 0x0	R9 = 0x0	R10 = 0x1	R11 = 0x0	R12 = 0x0	R13 = 0x0	R14 = 0x0	R15 = 0x0	R16 = 0x0	R17 = 0x0	R18 = 0x0	R19 = 0x0	R20 = 0xFFFFFFE8	R21 = 0x10	R22 = 0x4	R23 = 0x0	R24 = 0x0	R25 = 0x0	R26 = 0x0	R27 = 0x0	R28 = 0x0	R29 = 0x0	R30 = 0x0	R31 = 0x0
Command at each pipe stage:
	IF : ADD $2 , $1(=0x0) , $1(=0x0)
	ID : LOAD $1 , $0(=0x0) , 4096(=0x1000)
	EXE : NOP $0 , $0(=0x0) , $0(=0x0)
	MEM : NOP $0 , $0(=0x0) , $0(=0x0)
	WB : NOP $0 , $0(=0x0) , $0(=0x0)


Simulation on cycle 69. The state is:
PC = 0x18
Register file:
	R0 = 0x0	R1 = 0x4	R2 = 0x8	R3 = 0x0	R4 = 0x0	R5 = 0x0	R6 = 0x0	R7 = 0x0	R8 = 0x0	R9 = 0x0	R10 = 0x1	R11 = 0x0	R12 = 0x0	R13 = 0x0	R14 = 0x0	R15 = 0x0	R16 = 0x0	R17 = 0x0	R18 = 0x0	R19 = 0x0	R20 = 0xFFFFFFE8	R21 = 0x10	R22 = 0x4	R23 = 0x0	R24 = 0x0	R25 = 0x0	R26 = 0x0	R27 = 0x0	R28 = 0x0	R29 = 0x0	R30 = 0x0	R31 = 0x0
Command at each pipe stage:
	IF : BRNEQ $22 , $2(=0x0) , $21(=0x0)
	ID : ADD $2 , $1(=0x4) , $1(=0x4)
	EXE : LOAD $1 , $0(=0x0) , 4096(=0x1000)
	MEM : NOP $0 , $0(=0x0) , $0(=0x0)
	WB : NOP $0 , $0(=0x0) , $0(=0x0)


Simulation on cycle 70. The state is:
PC = 0x18
Register file:
	R0 = 0x0	R1 = 0x4	R2 = 0x8	R3 = 0x0	R4 = 0x0	R5 = 0x0	R6 = 0x0	R7 = 0x0	R8 = 0x0	R9 = 0x0	R10 = 0x1	R11 = 0x0	R12 = 0x0	R13 = 0x0	R14 = 0x0	R15 = 0x0	R16 = 0x0	R17 = 0x0	R18 = 0x0	R19 = 0x0	R20 = 0xFFFFFFE8	R21 = 0x10	R22 = 0x4	R23 = 0x0	R24 = 0x0	R25 = 0x0	R26 = 0x0	R27 = 0x0	R28 = 0x0	R29 = 0x0	R30 = 0x0	R31 = 0x0
Command at each pipe stage:
	IF : BRNEQ $22 , $2(=0x0) , $21(=0x0)
	ID : ADD $2 , $1(=0x4) , $1(=0x4)
	EXE : NOP $0 , $0(=0x0) , $0(=0x0)
	MEM : LOAD $1 , $0(=0x0) , 4096(=0x1000)
	WB : NOP $0 , $0(=0x0) , $0(=0x0)


Simulation on cycle 71. The state is:
PC = 0x18
Register file:
	R0 = 0x0	R1 = 0x4	R2 = 0x8	R3 = 0x0	R4 = 0x0	R5 = 0x0	R6 = 0x0	R7 = 0x0	R8 = 0x0	R9 = 0x0	R10 = 0x1	R11 = 0x0	R12 = 0x0	R13 = 0x0	R14 = 0x0	R15 = 0x0	R16 = 0x0	R17 = 0x0	R18 = 0x0	R19 = 0x0	R20 = 0xFFFFFFE8	R21 = 0x10	R22 = 0x4	R23 = 0x0	R24 = 0x0	R25 = 0x0	R26 = 0x0	R27 = 0x0	R28 = 0x0	R29 = 0x0	R30 = 0x0	R31 = 0x0
Command at each pipe stage:
	IF : BRNEQ $22 , $2(=0x0) , $21(=0x0)
	ID : ADD $2 , $1(=0x4) , $1(=0x4)
	EXE : NOP $0 , $0(=0x0) , $0(=0x0)
	MEM : NOP $0 , $0(=0x0) , $0(=0x0)
	WB : LOAD $1 , $0(=0x0) , 4096(=0x1000)


Simulation on cycle 72. The state is:
PC = 0x18
Register file:
	R0 = 0x0	R1 = 0x8	R2 = 0x8	R3 = 0x0	R4 = 0x0	R5 = 0x0	R6 = 0x0	R7 = 0x0	R8 = 0x0	R9 = 0x0	R10 = 0x1	R11 = 0x0	R12 = 0x0	R13 = 0x0	R14 = 0x0	R15 = 0x0	R16 = 0x0	R17 = 0x0	R18 = 0x0	R19 = 0x0	R20 = 0xFFFFFFE8	R21 = 0x10	R22 = 0x4	R23 = 0x0	R24 = 0x0	R25 = 0x0	R26 = 0x0	R27 = 0x0	R28 = 0x0	R29 = 0x0	R30 = 0x0	R31 = 0x0
Command at each pipe stage:
	IF : BRNEQ $22 , $2(=0x0) , $21(=0x0)
	ID : ADD $2 , $1(=0x8) , $1(=0x8)
	EXE : NOP $0 , $0(=0x0) , $0(=0x0)
	MEM : NOP $0 , $0(=0x0) , $0(=0x0)
	WB : NOP $0 , $0(=0x0) , $0(=0x0)


Simulation on cycle 73. The state is:
PC = 0x1C
Register file:
	R0 = 0x0	R1 = 0x8	R2 = 0x8	R3 = 0x0	R4 = 0x0	R5 = 0x0	R6 = 0x0	R7 = 0x0	R8 = 0x0	R9 = 0x0	R10 = 0x1	R11 = 0x0	R12 = 0x0	R13 = 0x0	R14 = 0x0	R15 = 0x0	R16 = 0x0	R17 = 0x0	R18 = 0x0	R19 = 0x0	R20 = 0xFFFFFFE8	R21 = 0x10	R22 = 0x4	R23 = 0x0	R24 = 0x0	R25 = 0x0	R26 = 0x0	R27 = 0x0	R28 = 0x0	R29 = 0x0	R30 = 0x0	R31 = 0x0
Command at each pipe stage:
	IF : ADD $2 , $0(=0x0) , $10(=0x0)
	ID : BRNEQ $22 , $2(=0x8) , $21(=0x10)
	EXE : ADD $2 , $1(=0x8) , $1(=0x8)
	MEM : NOP $0 , $0(=0x0) , $0(=0x0)
	WB : NOP $0 , $0(=0x0) , $0(=0x0)


Simulation on cycle 74. The state is:
PC = 0x1C
Register file:
	R0 = 0x0	R1 = 0x8	R2 = 0x8	R3 = 0x0	R4 = 0x0	R5 = 0x0	R6 = 0x0	R7 = 0x0	R8 = 0x0	R9 = 0x0	R10 = 0x1	R11 = 0x0	R12 = 0x0	R13 = 0x0	R14 = 0x0	R15 = 0x0	R16 = 0x0	R17 = 0x0	R18 = 0x0	R19 = 0x0	R20 = 0xFFFFFFE8	R21 = 0x10	R22 = 0x4	R23 = 0x0	R24 = 0x0	R25 = 0x0	R26 = 0x0	R27 = 0x0	R28 = 0x0	R29 = 0x0	R30 = 0x0	R31 = 0x0
Command at each pipe stage:
	IF : ADD $2 , $0(=0x0) , $10(=0x0)
	ID : BRNEQ $22 , $2(=0x8) , $21(=0x10)
	EXE : NOP $0 , $0(=0x0) , $0(=0x0)
	MEM : ADD $2 , $1(=0x8) , $1(=0x8)
	WB : NOP $0 , $0(=0x0) , $0(=0x0)


Simulation on cycle 75. The state is:
PC = 0x1C
Register file:
	R0 = 0x0	R1 = 0x8	R2 = 0x8	R3 = 0x0	R4 = 0x0	R5 = 0x0	R6 = 0x0	R7 = 0x0	R8 = 0x0	R9 = 0x0	R10 = 0x1	R11 = 0x0	R12 = 0x0	R13 = 0x0	R14 = 0x0	R15 = 0x0	R16 = 0x0	R17 = 0x0	R18 = 0x0	R19 = 0x0	R20 = 0xFFFFFFE8	R21 = 0x10	R22 = 0x4	R23 = 0x0	R24 = 0x0	R25 = 0x0	R26 = 0x0	R27 = 0x0	R28 = 0x0	R29 = 0x0	R30 = 0x0	R31 = 0x0
Command at each pipe stage:
	IF : ADD $2 , $0(=0x0) , $10(=0x0)
	ID : BRNEQ $22 , $2(=0x8) , $21(=0x10)
	EXE : NOP $0 , $0(=0x0) , $0(=0x0)
	MEM : NOP $0 , $0(=0x0) , $0(=0x0)
	WB : ADD $2 , $1(=0x8) , $1(=0x8)


Simulation on cycle 76. The state is:
PC = 0x1C
Register file:
	R0 = 0x0	R1 = 0x8	R2 = 0x10	R3 = 0x0	R4 = 0x0	R5 = 0x0	R6 = 0x0	R7 = 0x0	R8 = 0x0	R9 = 0x0	R10 = 0x1	R11 = 0x0	R12 = 0x0	R13 = 0x0	R14 = 0x0	R15 = 0x0	R16 = 0x0	R17 = 0x0	R18 = 0x0	R19 = 0x0	R20 = 0xFFFFFFE8	R21 = 0x10	R22 = 0x4	R23 = 0x0	R24 = 0x0	R25 = 0x0	R26 = 0x0	R27 = 0x0	R28 = 0x0	R29 = 0x0	R30 = 0x0	R31 = 0x0
Command at each pipe stage:
	IF : ADD $2 , $0(=0x0) , $10(=0x0)
	ID : BRNEQ $22 , $2(=0x10) , $21(=0x10)
	EXE : NOP $0 , $0(=0x0) , $0(=0x0)
	MEM : NOP $0 , $0(=0x0) , $0(=0x0)
	WB : NOP $0 , $0(=0x0) , $0(=0x0)


Simulation on cycle 77. The state is:
PC = 0x20
Register file:
	R0 = 0x0	R1 = 0x8	R2 = 0x10	R3 = 0x0	R4 = 0x0	R5 = 0x0	R6 = 0x0	R7 = 0x0	R8 = 0x0	R9 = 0x0	R10 = 0x1	R11 = 0x0	R12 = 0x0	R13 = 0x0	R14 = 0x0	R15 = 0x0	R16 = 0x0	R17 = 0x0	R18 = 0x0	R19 = 0x0	R20 = 0xFFFFFFE8	R21 = 0x10	R22 = 0x4	R23 = 0x0	R24 = 0x0	R25 = 0x0	R26 = 0x0	R27 = 0x0	R28 = 0x0	R29 = 0x0	R30 = 0x0	R31 = 0x0
Command at each pipe stage:
	IF : STORE $0 , $2(=0x0) , 4096(=0x0)
	ID : ADD $2 , $0(=0x0) , $10(=0x1)
	EXE : BRNEQ $22 , $2(=0x10) , $21(=0x10)
	MEM : NOP $0 , $0(=0x0) , $0(=0x0)
	WB : NOP $0 , $0(=0x0) , $0(=0x0)


Simulation on cycle 78. The state is:
PC = 0x24
Register file:
	R0 = 0x0	R1 = 0x8	R2 = 0x10	R3 = 0x0	R4 = 0x0	R5 = 0x0	R6 = 0x0	R7 = 0x0	R8 = 0x0	R9 = 0x0	R10 = 0x1	R11 = 0x0	R12 = 0x0	R13 = 0x0	R14 = 0x0	R15 = 0x0	R16 = 0x0	R17 = 0x0	R18 = 0x0	R19 = 0x0	R20 = 0xFFFFFFE8	R21 = 0x10	R22 = 0x4	R23 = 0x0	R24 = 0x0	R25 = 0x0	R26 = 0x0	R27 = 0x0	R28 = 0x0	R29 = 0x0	R30 = 0x0	R31 = 0x0
Command at each pipe stage:
	IF : BR $20 , $0(=0x0) , $0(=0x0)
	ID : STORE $0 , $2(=0x10) , 4096(=0x1000)
	EXE : ADD $2 , $0(=0x0) , $10(=0x1)
	MEM : BRNEQ $22 , $2(=0x10) , $21(=0x10)
	WB : NOP $0 , $0(=0x0) , $0(=0x0)


Simulation on cycle 79. The state is:
PC = 0x24
Register file:
	R0 = 0x0	R1 = 0x8	R2 = 0x10	R3 = 0x0	R4 = 0x0	R5 = 0x0	R6 = 0x0	R7 = 0x0	R8 = 0x0	R9 = 0x0	R10 = 0x1	R11 = 0x0	R12 = 0x0	R13 = 0x0	R14 = 0x0	R15 = 0x0	R16 = 0x0	R17 = 0x0	R18 = 0x0	R19 = 0x0	R20 = 0xFFFFFFE8	R21 = 0x10	R22 = 0x4	R23 = 0x0	R24 = 0x0	R25 = 0x0	R26 = 0x0	R27 = 0x0	R28 = 0x0	R29 = 0x0	R30 = 0x0	R31 = 0x0
Command at each pipe stage:
	IF : BR $20 , $0(=0x0) , $0(=0x0)
	ID : STORE $0 , $2(=0x10) , 4096(=0x1000)
	EXE : NOP $0 , $0(=0x0) , $0(=0x0)
	MEM : ADD $2 , $0(=0x0) , $10(=0x1)
	WB : BRNEQ $22 , $2(=0x10) , $21(=0x10)


Simulation on cycle 80. The state is:
PC = 0x24
Register file:
	R0 = 0x0	R1 = 0x8	R2 = 0x10	R3 = 0x0	R4 = 0x0	R5 = 0x0	R6 = 0x0	R7 = 0x0	R8 = 0x0	R9 = 0x0	R10 = 0x1	R11 = 0x0	R12 = 0x0	R13 = 0x0	R14 = 0x0	R15 = 0x0	R16 = 0x0	R17 = 0x0	R18 = 0x0	R19 = 0x0	R20 = 0xFFFFFFE8	R21 = 0x10	R22 = 0x4	R23 = 0x0	R24 = 0x0	R25 = 0x0	R26 = 0x0	R27 = 0x0	R28 = 0x0	R29 = 0x0	R30 = 0x0	R31 = 0x0
Command at each pipe stage:
	IF : BR $20 , $0(=0x0) , $0(=0x0)
	ID : STORE $0 , $2(=0x10) , 4096(=0x1000)
	EXE : NOP $0 , $0(=0x0) , $0(=0x0)
	MEM : NOP $0 , $0(=0x0) , $0(=0x0)
	WB : ADD $2 , $0(=0x0) , $10(=0x1)
