Split RegFile enabled
Forwarding enabled
Loading memory image file: tests/example12.img
Resetting core...
Running simulation for 300 cycles
Simulation on cycle 0. The state is:
PC = 0x0
Register file:
	R0 = 0x0	R1 = 0x0	R2 = 0x0	R3 = 0x0	R4 = 0x0	R5 = 0x0	R6 = 0x0	R7 = 0x0	R8 = 0x0	R9 = 0x0	R10 = 0x0	R11 = 0x0	R12 = 0x0	R13 = 0x0	R14 = 0x0	R15 = 0x0	R16 = 0x0	R17 = 0x0	R18 = 0x0	R19 = 0x0	R20 = 0x0	R21 = 0x0	R22 = 0x0	R23 = 0x0	R24 = 0x0	R25 = 0x0	R26 = 0x0	R27 = 0x0	R28 = 0x0	R29 = 0x0	R30 = 0x0	R31 = 0x0
Command at each pipe stage:
	IF : LOAD $1 , $0(=0x0) , 12960(=0x0)
	ID : NOP $0 , $0(=0x0) , $0(=0x0)
	EXE : NOP $0 , $0(=0x0) , $0(=0x0)
	MEM : NOP $0 , $0(=0x0) , $0(=0x0)
	WB : NOP $0 , $0(=0x0) , $0(=0x0)


Simulation on cycle 1. The state is:
PC = 0x4
Register file:
	R0 = 0x0	R1 = 0x0	R2 = 0x0	R3 = 0x0	R4 = 0x0	R5 = 0x0	R6 = 0x0	R7 = 0x0	R8 = 0x0	R9 = 0x0	R10 = 0x0	R11 = 0x0	R12 = 0x0	R13 = 0x0	R14 = 0x0	R15 = 0x0	R16 = 0x0	R17 = 0x0	R18 = 0x0	R19 = 0x0	R20 = 0x0	R21 = 0x0	R22 = 0x0	R23 = 0x0	R24 = 0x0	R25 = 0x0	R26 = 0x0	R27 = 0x0	R28 = 0x0	R29 = 0x0	R30 = 0x0	R31 = 0x0
Command at each pipe stage:
	IF : ADD $2 , $1(=0x0) , $0(=0x0)
	ID : LOAD $1 , $0(=0x0) , 12960(=0x32A0)
	EXE : NOP $0 , $0(=0x0) , $0(=0x0)
	MEM : NOP $0 , $0(=0x0) , $0(=0x0)
	WB : NOP $0 , $0(=0x0) , $0(=0x0)


Simulation on cycle 2. The state is:
PC = 0x8
Register file:
	R0 = 0x0	R1 = 0x0	R2 = 0x0	R3 = 0x0	R4 = 0x0	R5 = 0x0	R6 = 0x0	R7 = 0x0	R8 = 0x0	R9 = 0x0	R10 = 0x0	R11 = 0x0	R12 = 0x0	R13 = 0x0	R14 = 0x0	R15 = 0x0	R16 = 0x0	R17 = 0x0	R18 = 0x0	R19 = 0x0	R20 = 0x0	R21 = 0x0	R22 = 0x0	R23 = 0x0	R24 = 0x0	R25 = 0x0	R26 = 0x0	R27 = 0x0	R28 = 0x0	R29 = 0x0	R30 = 0x0	R31 = 0x0
Command at each pipe stage:
	IF : ADD $3 , $2(=0x0) , $1(=0x0)
	ID : ADD $2 , $1(=0x0) , $0(=0x0)
	EXE : LOAD $1 , $0(=0x0) , 12960(=0x32A0)
	MEM : NOP $0 , $0(=0x0) , $0(=0x0)
	WB : NOP $0 , $0(=0x0) , $0(=0x0)


Simulation on cycle 3. The state is:
PC = 0x8
Register file:
	R0 = 0x0	R1 = 0x0	R2 = 0x0	R3 = 0x0	R4 = 0x0	R5 = 0x0	R6 = 0x0	R7 = 0x0	R8 = 0x0	R9 = 0x0	R10 = 0x0	R11 = 0x0	R12 = 0x0	R13 = 0x0	R14 = 0x0	R15 = 0x0	R16 = 0x0	R17 = 0x0	R18 = 0x0	R19 = 0x0	R20 = 0x0	R21 = 0x0	R22 = 0x0	R23 = 0x0	R24 = 0x0	R25 = 0x0	R26 = 0x0	R27 = 0x0	R28 = 0x0	R29 = 0x0	R30 = 0x0	R31 = 0x0
Command at each pipe stage:
	IF : ADD $3 , $2(=0x0) , $1(=0x0)
	ID : ADD $2 , $1(=0x0) , $0(=0x0)
	EXE : NOP $0 , $0(=0x0) , $0(=0x0)
	MEM : LOAD $1 , $0(=0x0) , 12960(=0x32A0)
	WB : NOP $0 , $0(=0x0) , $0(=0x0)


Simulation on cycle 4. The state is:
PC = 0x8
Register file:
	R0 = 0x0	R1 = 0x0	R2 = 0x0	R3 = 0x0	R4 = 0x0	R5 = 0x0	R6 = 0x0	R7 = 0x0	R8 = 0x0	R9 = 0x0	R10 = 0x0	R11 = 0x0	R12 = 0x0	R13 = 0x0	R14 = 0x0	R15 = 0x0	R16 = 0x0	R17 = 0x0	R18 = 0x0	R19 = 0x0	R20 = 0x0	R21 = 0x0	R22 = 0x0	R23 = 0x0	R24 = 0x0	R25 = 0x0	R26 = 0x0	R27 = 0x0	R28 = 0x0	R29 = 0x0	R30 = 0x0	R31 = 0x0
Command at each pipe stage:
	IF : ADD $3 , $2(=0x0) , $1(=0x0)
	ID : ADD $2 , $1(=0x0) , $0(=0x0)
	EXE : NOP $0 , $0(=0x0) , $0(=0x0)
	MEM : LOAD $1 , $0(=0x0) , 12960(=0x32A0)
	WB : NOP $0 , $0(=0x0) , $0(=0x0)


Simulation on cycle 5. The state is:
PC = 0x8
Register file:
	R0 = 0x0	R1 = 0x0	R2 = 0x0	R3 = 0x0	R4 = 0x0	R5 = 0x0	R6 = 0x0	R7 = 0x0	R8 = 0x0	R9 = 0x0	R10 = 0x0	R11 = 0x0	R12 = 0x0	R13 = 0x0	R14 = 0x0	R15 = 0x0	R16 = 0x0	R17 = 0x0	R18 = 0x0	R19 = 0x0	R20 = 0x0	R21 = 0x0	R22 = 0x0	R23 = 0x0	R24 = 0x0	R25 = 0x0	R26 = 0x0	R27 = 0x0	R28 = 0x0	R29 = 0x0	R30 = 0x0	R31 = 0x0
Command at each pipe stage:
	IF : ADD $3 , $2(=0x0) , $1(=0x0)
	ID : ADD $2 , $1(=0x0) , $0(=0x0)
	EXE : NOP $0 , $0(=0x0) , $0(=0x0)
	MEM : LOAD $1 , $0(=0x0) , 12960(=0x32A0)
	WB : NOP $0 , $0(=0x0) , $0(=0x0)


Simulation on cycle 6. The state is:
PC = 0x8
Register file:
	R0 = 0x0	R1 = 0x0	R2 = 0x0	R3 = 0x0	R4 = 0x0	R5 = 0x0	R6 = 0x0	R7 = 0x0	R8 = 0x0	R9 = 0x0	R10 = 0x0	R11 = 0x0	R12 = 0x0	R13 = 0x0	R14 = 0x0	R15 = 0x0	R16 = 0x0	R17 = 0x0	R18 = 0x0	R19 = 0x0	R20 = 0x0	R21 = 0x0	R22 = 0x0	R23 = 0x0	R24 = 0x0	R25 = 0x0	R26 = 0x0	R27 = 0x0	R28 = 0x0	R29 = 0x0	R30 = 0x0	R31 = 0x0
Command at each pipe stage:
	IF : ADD $3 , $2(=0x0) , $1(=0x0)
	ID : ADD $2 , $1(=0x0) , $0(=0x0)
	EXE : NOP $0 , $0(=0x0) , $0(=0x0)
	MEM : LOAD $1 , $0(=0x0) , 12960(=0x32A0)
	WB : NOP $0 , $0(=0x0) , $0(=0x0)


Simulation on cycle 7. The state is:
PC = 0xC
Register file:
	R0 = 0x0	R1 = 0x1	R2 = 0x0	R3 = 0x0	R4 = 0x0	R5 = 0x0	R6 = 0x0	R7 = 0x0	R8 = 0x0	R9 = 0x0	R10 = 0x0	R11 = 0x0	R12 = 0x0	R13 = 0x0	R14 = 0x0	R15 = 0x0	R16 = 0x0	R17 = 0x0	R18 = 0x0	R19 = 0x0	R20 = 0x0	R21 = 0x0	R22 = 0x0	R23 = 0x0	R24 = 0x0	R25 = 0x0	R26 = 0x0	R27 = 0x0	R28 = 0x0	R29 = 0x0	R30 = 0x0	R31 = 0x0
Command at each pipe stage:
	IF : ADD $4 , $3(=0x0) , $2(=0x0)
	ID : ADD $3 , $2(=0x0) , $1(=0x1)
	EXE : ADD $2 , $1(=0x1) , $0(=0x0)
	MEM : NOP $0 , $0(=0x0) , $0(=0x0)
	WB : LOAD $1 , $0(=0x0) , 12960(=0x32A0)


Simulation on cycle 8. The state is:
PC = 0x10
Register file:
	R0 = 0x0	R1 = 0x1	R2 = 0x0	R3 = 0x0	R4 = 0x0	R5 = 0x0	R6 = 0x0	R7 = 0x0	R8 = 0x0	R9 = 0x0	R10 = 0x0	R11 = 0x0	R12 = 0x0	R13 = 0x0	R14 = 0x0	R15 = 0x0	R16 = 0x0	R17 = 0x0	R18 = 0x0	R19 = 0x0	R20 = 0x0	R21 = 0x0	R22 = 0x0	R23 = 0x0	R24 = 0x0	R25 = 0x0	R26 = 0x0	R27 = 0x0	R28 = 0x0	R29 = 0x0	R30 = 0x0	R31 = 0x0
Command at each pipe stage:
	IF : ADD $5 , $4(=0x0) , $3(=0x0)
	ID : ADD $4 , $3(=0x0) , $2(=0x0)
	EXE : ADD $3 , $2(=0x1) , $1(=0x1)
	MEM : ADD $2 , $1(=0x1) , $0(=0x0)
	WB : NOP $0 , $0(=0x0) , $0(=0x0)


Simulation on cycle 9. The state is:
PC = 0x14
Register file:
	R0 = 0x0	R1 = 0x1	R2 = 0x1	R3 = 0x0	R4 = 0x0	R5 = 0x0	R6 = 0x0	R7 = 0x0	R8 = 0x0	R9 = 0x0	R10 = 0x0	R11 = 0x0	R12 = 0x0	R13 = 0x0	R14 = 0x0	R15 = 0x0	R16 = 0x0	R17 = 0x0	R18 = 0x0	R19 = 0x0	R20 = 0x0	R21 = 0x0	R22 = 0x0	R23 = 0x0	R24 = 0x0	R25 = 0x0	R26 = 0x0	R27 = 0x0	R28 = 0x0	R29 = 0x0	R30 = 0x0	R31 = 0x0
Command at each pipe stage:
	IF : ADD $6 , $5(=0x0) , $4(=0x0)
	ID : ADD $5 , $4(=0x0) , $3(=0x0)
	EXE : ADD $4 , $3(=0x2) , $2(=0x1)
	MEM : ADD $3 , $2(=0x1) , $1(=0x1)
	WB : ADD $2 , $1(=0x1) , $0(=0x0)


Simulation on cycle 10. The state is:
PC = 0x18
Register file:
	R0 = 0x0	R1 = 0x1	R2 = 0x1	R3 = 0x2	R4 = 0x0	R5 = 0x0	R6 = 0x0	R7 = 0x0	R8 = 0x0	R9 = 0x0	R10 = 0x0	R11 = 0x0	R12 = 0x0	R13 = 0x0	R14 = 0x0	R15 = 0x0	R16 = 0x0	R17 = 0x0	R18 = 0x0	R19 = 0x0	R20 = 0x0	R21 = 0x0	R22 = 0x0	R23 = 0x0	R24 = 0x0	R25 = 0x0	R26 = 0x0	R27 = 0x0	R28 = 0x0	R29 = 0x0	R30 = 0x0	R31 = 0x0
Command at each pipe stage:
	IF : ADD $7 , $6(=0x0) , $5(=0x0)
	ID : ADD $6 , $5(=0x0) , $4(=0x0)
	EXE : ADD $5 , $4(=0x3) , $3(=0x2)
	MEM : ADD $4 , $3(=0x2) , $2(=0x1)
	WB : ADD $3 , $2(=0x1) , $1(=0x1)


Simulation on cycle 11. The state is:
PC = 0x1C
Register file:
	R0 = 0x0	R1 = 0x1	R2 = 0x1	R3 = 0x2	R4 = 0x3	R5 = 0x0	R6 = 0x0	R7 = 0x0	R8 = 0x0	R9 = 0x0	R10 = 0x0	R11 = 0x0	R12 = 0x0	R13 = 0x0	R14 = 0x0	R15 = 0x0	R16 = 0x0	R17 = 0x0	R18 = 0x0	R19 = 0x0	R20 = 0x0	R21 = 0x0	R22 = 0x0	R23 = 0x0	R24 = 0x0	R25 = 0x0	R26 = 0x0	R27 = 0x0	R28 = 0x0	R29 = 0x0	R30 = 0x0	R31 = 0x0
Command at each pipe stage:
	IF : ADD $8 , $7(=0x0) , $6(=0x0)
	ID : ADD $7 , $6(=0x0) , $5(=0x0)
	EXE : ADD $6 , $5(=0x5) , $4(=0x3)
	MEM : ADD $5 , $4(=0x3) , $3(=0x2)
	WB : ADD $4 , $3(=0x2) , $2(=0x1)


Simulation on cycle 12. The state is:
PC = 0x20
Register file:
	R0 = 0x0	R1 = 0x1	R2 = 0x1	R3 = 0x2	R4 = 0x3	R5 = 0x5	R6 = 0x0	R7 = 0x0	R8 = 0x0	R9 = 0x0	R10 = 0x0	R11 = 0x0	R12 = 0x0	R13 = 0x0	R14 = 0x0	R15 = 0x0	R16 = 0x0	R17 = 0x0	R18 = 0x0	R19 = 0x0	R20 = 0x0	R21 = 0x0	R22 = 0x0	R23 = 0x0	R24 = 0x0	R25 = 0x0	R26 = 0x0	R27 = 0x0	R28 = 0x0	R29 = 0x0	R30 = 0x0	R31 = 0x0
Command at each pipe stage:
	IF : ADD $9 , $8(=0x0) , $7(=0x0)
	ID : ADD $8 , $7(=0x0) , $6(=0x0)
	EXE : ADD $7 , $6(=0x8) , $5(=0x5)
	MEM : ADD $6 , $5(=0x5) , $4(=0x3)
	WB : ADD $5 , $4(=0x3) , $3(=0x2)


Simulation on cycle 13. The state is:
PC = 0x24
Register file:
	R0 = 0x0	R1 = 0x1	R2 = 0x1	R3 = 0x2	R4 = 0x3	R5 = 0x5	R6 = 0x8	R7 = 0x0	R8 = 0x0	R9 = 0x0	R10 = 0x0	R11 = 0x0	R12 = 0x0	R13 = 0x0	R14 = 0x0	R15 = 0x0	R16 = 0x0	R17 = 0x0	R18 = 0x0	R19 = 0x0	R20 = 0x0	R21 = 0x0	R22 = 0x0	R23 = 0x0	R24 = 0x0	R25 = 0x0	R26 = 0x0	R27 = 0x0	R28 = 0x0	R29 = 0x0	R30 = 0x0	R31 = 0x0
Command at each pipe stage:
	IF : ADD $10 , $9(=0x0) , $8(=0x0)
	ID : ADD $9 , $8(=0x0) , $7(=0x0)
	EXE : ADD $8 , $7(=0xD) , $6(=0x8)
	MEM : ADD $7 , $6(=0x8) , $5(=0x5)
	WB : ADD $6 , $5(=0x5) , $4(=0x3)


Simulation on cycle 14. The state is:
PC = 0x28
Register file:
	R0 = 0x0	R1 = 0x1	R2 = 0x1	R3 = 0x2	R4 = 0x3	R5 = 0x5	R6 = 0x8	R7 = 0xD	R8 = 0x0	R9 = 0x0	R10 = 0x0	R11 = 0x0	R12 = 0x0	R13 = 0x0	R14 = 0x0	R15 = 0x0	R16 = 0x0	R17 = 0x0	R18 = 0x0	R19 = 0x0	R20 = 0x0	R21 = 0x0	R22 = 0x0	R23 = 0x0	R24 = 0x0	R25 = 0x0	R26 = 0x0	R27 = 0x0	R28 = 0x0	R29 = 0x0	R30 = 0x0	R31 = 0x0
Command at each pipe stage:
	IF : ADD $11 , $10(=0x0) , $9(=0x0)
	ID : ADD $10 , $9(=0x0) , $8(=0x0)
	EXE : ADD $9 , $8(=0x15) , $7(=0xD)
	MEM : ADD $8 , $7(=0xD) , $6(=0x8)
	WB : ADD $7 , $6(=0x8) , $5(=0x5)


Simulation on cycle 15. The state is:
PC = 0x2C
Register file:
	R0 = 0x0	R1 = 0x1	R2 = 0x1	R3 = 0x2	R4 = 0x3	R5 = 0x5	R6 = 0x8	R7 = 0xD	R8 = 0x15	R9 = 0x0	R10 = 0x0	R11 = 0x0	R12 = 0x0	R13 = 0x0	R14 = 0x0	R15 = 0x0	R16 = 0x0	R17 = 0x0	R18 = 0x0	R19 = 0x0	R20 = 0x0	R21 = 0x0	R22 = 0x0	R23 = 0x0	R24 = 0x0	R25 = 0x0	R26 = 0x0	R27 = 0x0	R28 = 0x0	R29 = 0x0	R30 = 0x0	R31 = 0x0
Command at each pipe stage:
	IF : ADD $12 , $11(=0x0) , $10(=0x0)
	ID : ADD $11 , $10(=0x0) , $9(=0x0)
	EXE : ADD $10 , $9(=0x22) , $8(=0x15)
	MEM : ADD $9 , $8(=0x15) , $7(=0xD)
	WB : ADD $8 , $7(=0xD) , $6(=0x8)


Simulation on cycle 16. The state is:
PC = 0x30
Register file:
	R0 = 0x0	R1 = 0x1	R2 = 0x1	R3 = 0x2	R4 = 0x3	R5 = 0x5	R6 = 0x8	R7 = 0xD	R8 = 0x15	R9 = 0x22	R10 = 0x0	R11 = 0x0	R12 = 0x0	R13 = 0x0	R14 = 0x0	R15 = 0x0	R16 = 0x0	R17 = 0x0	R18 = 0x0	R19 = 0x0	R20 = 0x0	R21 = 0x0	R22 = 0x0	R23 = 0x0	R24 = 0x0	R25 = 0x0	R26 = 0x0	R27 = 0x0	R28 = 0x0	R29 = 0x0	R30 = 0x0	R31 = 0x0
Command at each pipe stage:
	IF : ADD $13 , $12(=0x0) , $11(=0x0)
	ID : ADD $12 , $11(=0x0) , $10(=0x0)
	EXE : ADD $11 , $10(=0x37) , $9(=0x22)
	MEM : ADD $10 , $9(=0x22) , $8(=0x15)
	WB : ADD $9 , $8(=0x15) , $7(=0xD)


Simulation on cycle 17. The state is:
PC = 0x34
Register file:
	R0 = 0x0	R1 = 0x1	R2 = 0x1	R3 = 0x2	R4 = 0x3	R5 = 0x5	R6 = 0x8	R7 = 0xD	R8 = 0x15	R9 = 0x22	R10 = 0x37	R11 = 0x0	R12 = 0x0	R13 = 0x0	R14 = 0x0	R15 = 0x0	R16 = 0x0	R17 = 0x0	R18 = 0x0	R19 = 0x0	R20 = 0x0	R21 = 0x0	R22 = 0x0	R23 = 0x0	R24 = 0x0	R25 = 0x0	R26 = 0x0	R27 = 0x0	R28 = 0x0	R29 = 0x0	R30 = 0x0	R31 = 0x0
Command at each pipe stage:
	IF : ADD $14 , $13(=0x0) , $12(=0x0)
	ID : ADD $13 , $12(=0x0) , $11(=0x0)
	EXE : ADD $12 , $11(=0x59) , $10(=0x37)
	MEM : ADD $11 , $10(=0x37) , $9(=0x22)
	WB : ADD $10 , $9(=0x22) , $8(=0x15)


Simulation on cycle 18. The state is:
PC = 0x38
Register file:
	R0 = 0x0	R1 = 0x1	R2 = 0x1	R3 = 0x2	R4 = 0x3	R5 = 0x5	R6 = 0x8	R7 = 0xD	R8 = 0x15	R9 = 0x22	R10 = 0x37	R11 = 0x59	R12 = 0x0	R13 = 0x0	R14 = 0x0	R15 = 0x0	R16 = 0x0	R17 = 0x0	R18 = 0x0	R19 = 0x0	R20 = 0x0	R21 = 0x0	R22 = 0x0	R23 = 0x0	R24 = 0x0	R25 = 0x0	R26 = 0x0	R27 = 0x0	R28 = 0x0	R29 = 0x0	R30 = 0x0	R31 = 0x0
Command at each pipe stage:
	IF : ADD $15 , $14(=0x0) , $13(=0x0)
	ID : ADD $14 , $13(=0x0) , $12(=0x0)
	EXE : ADD $13 , $12(=0x90) , $11(=0x59)
	MEM : ADD $12 , $11(=0x59) , $10(=0x37)
	WB : ADD $11 , $10(=0x37) , $9(=0x22)


Simulation on cycle 19. The state is:
PC = 0x3C
Register file:
	R0 = 0x0	R1 = 0x1	R2 = 0x1	R3 = 0x2	R4 = 0x3	R5 = 0x5	R6 = 0x8	R7 = 0xD	R8 = 0x15	R9 = 0x22	R10 = 0x37	R11 = 0x59	R12 = 0x90	R13 = 0x0	R14 = 0x0	R15 = 0x0	R16 = 0x0	R17 = 0x0	R18 = 0x0	R19 = 0x0	R20 = 0x0	R21 = 0x0	R22 = 0x0	R23 = 0x0	R24 = 0x0	R25 = 0x0	R26 = 0x0	R27 = 0x0	R28 = 0x0	R29 = 0x0	R30 = 0x0	R31 = 0x0
Command at each pipe stage:
	IF : ADD $16 , $15(=0x0) , $14(=0x0)
	ID : ADD $15 , $14(=0x0) , $13(=0x0)
	EXE : ADD $14 , $13(=0xE9) , $12(=0x90)
	MEM : ADD $13 , $12(=0x90) , $11(=0x59)
	WB : ADD $12 , $11(=0x59) , $10(=0x37)


Simulation on cycle 20. The state is:
PC = 0x40
Register file:
	R0 = 0x0	R1 = 0x1	R2 = 0x1	R3 = 0x2	R4 = 0x3	R5 = 0x5	R6 = 0x8	R7 = 0xD	R8 = 0x15	R9 = 0x22	R10 = 0x37	R11 = 0x59	R12 = 0x90	R13 = 0xE9	R14 = 0x0	R15 = 0x0	R16 = 0x0	R17 = 0x0	R18 = 0x0	R19 = 0x0	R20 = 0x0	R21 = 0x0	R22 = 0x0	R23 = 0x0	R24 = 0x0	R25 = 0x0	R26 = 0x0	R27 = 0x0	R28 = 0x0	R29 = 0x0	R30 = 0x0	R31 = 0x0
Command at each pipe stage:
	IF : ADD $17 , $16(=0x0) , $15(=0x0)
	ID : ADD $16 , $15(=0x0) , $14(=0x0)
	EXE : ADD $15 , $14(=0x179) , $13(=0xE9)
	MEM : ADD $14 , $13(=0xE9) , $12(=0x90)
	WB : ADD $13 , $12(=0x90) , $11(=0x59)


Simulation on cycle 21. The state is:
PC = 0x44
Register file:
	R0 = 0x0	R1 = 0x1	R2 = 0x1	R3 = 0x2	R4 = 0x3	R5 = 0x5	R6 = 0x8	R7 = 0xD	R8 = 0x15	R9 = 0x22	R10 = 0x37	R11 = 0x59	R12 = 0x90	R13 = 0xE9	R14 = 0x179	R15 = 0x0	R16 = 0x0	R17 = 0x0	R18 = 0x0	R19 = 0x0	R20 = 0x0	R21 = 0x0	R22 = 0x0	R23 = 0x0	R24 = 0x0	R25 = 0x0	R26 = 0x0	R27 = 0x0	R28 = 0x0	R29 = 0x0	R30 = 0x0	R31 = 0x0
Command at each pipe stage:
	IF : ADD $18 , $17(=0x0) , $16(=0x0)
	ID : ADD $17 , $16(=0x0) , $15(=0x0)
	EXE : ADD $16 , $15(=0x262) , $14(=0x179)
	MEM : ADD $15 , $14(=0x179) , $13(=0xE9)
	WB : ADD $14 , $13(=0xE9) , $12(=0x90)


Simulation on cycle 22. The state is:
PC = 0x48
Register file:
	R0 = 0x0	R1 = 0x1	R2 = 0x1	R3 = 0x2	R4 = 0x3	R5 = 0x5	R6 = 0x8	R7 = 0xD	R8 = 0x15	R9 = 0x22	R10 = 0x37	R11 = 0x59	R12 = 0x90	R13 = 0xE9	R14 = 0x179	R15 = 0x262	R16 = 0x0	R17 = 0x0	R18 = 0x0	R19 = 0x0	R20 = 0x0	R21 = 0x0	R22 = 0x0	R23 = 0x0	R24 = 0x0	R25 = 0x0	R26 = 0x0	R27 = 0x0	R28 = 0x0	R29 = 0x0	R30 = 0x0	R31 = 0x0
Command at each pipe stage:
	IF : ADD $19 , $18(=0x0) , $17(=0x0)
	ID : ADD $18 , $17(=0x0) , $16(=0x0)
	EXE : ADD $17 , $16(=0x3DB) , $15(=0x262)
	MEM : ADD $16 , $15(=0x262) , $14(=0x179)
	WB : ADD $15 , $14(=0x179) , $13(=0xE9)


Simulation on cycle 23. The state is:
PC = 0x4C
Register file:
	R0 = 0x0	R1 = 0x1	R2 = 0x1	R3 = 0x2	R4 = 0x3	R5 = 0x5	R6 = 0x8	R7 = 0xD	R8 = 0x15	R9 = 0x22	R10 = 0x37	R11 = 0x59	R12 = 0x90	R13 = 0xE9	R14 = 0x179	R15 = 0x262	R16 = 0x3DB	R17 = 0x0	R18 = 0x0	R19 = 0x0	R20 = 0x0	R21 = 0x0	R22 = 0x0	R23 = 0x0	R24 = 0x0	R25 = 0x0	R26 = 0x0	R27 = 0x0	R28 = 0x0	R29 = 0x0	R30 = 0x0	R31 = 0x0
Command at each pipe stage:
	IF : ADD $20 , $19(=0x0) , $18(=0x0)
	ID : ADD $19 , $18(=0x0) , $17(=0x0)
	EXE : ADD $18 , $17(=0x63D) , $16(=0x3DB)
	MEM : ADD $17 , $16(=0x3DB) , $15(=0x262)
	WB : ADD $16 , $15(=0x262) , $14(=0x179)


Simulation on cycle 24. The state is:
PC = 0x50
Register file:
	R0 = 0x0	R1 = 0x1	R2 = 0x1	R3 = 0x2	R4 = 0x3	R5 = 0x5	R6 = 0x8	R7 = 0xD	R8 = 0x15	R9 = 0x22	R10 = 0x37	R11 = 0x59	R12 = 0x90	R13 = 0xE9	R14 = 0x179	R15 = 0x262	R16 = 0x3DB	R17 = 0x63D	R18 = 0x0	R19 = 0x0	R20 = 0x0	R21 = 0x0	R22 = 0x0	R23 = 0x0	R24 = 0x0	R25 = 0x0	R26 = 0x0	R27 = 0x0	R28 = 0x0	R29 = 0x0	R30 = 0x0	R31 = 0x0
Command at each pipe stage:
	IF : ADD $21 , $20(=0x0) , $19(=0x0)
	ID : ADD $20 , $19(=0x0) , $18(=0x0)
	EXE : ADD $19 , $18(=0xA18) , $17(=0x63D)
	MEM : ADD $18 , $17(=0x63D) , $16(=0x3DB)
	WB : ADD $17 , $16(=0x3DB) , $15(=0x262)


Simulation on cycle 25. The state is:
PC = 0x54
Register file:
	R0 = 0x0	R1 = 0x1	R2 = 0x1	R3 = 0x2	R4 = 0x3	R5 = 0x5	R6 = 0x8	R7 = 0xD	R8 = 0x15	R9 = 0x22	R10 = 0x37	R11 = 0x59	R12 = 0x90	R13 = 0xE9	R14 = 0x179	R15 = 0x262	R16 = 0x3DB	R17 = 0x63D	R18 = 0xA18	R19 = 0x0	R20 = 0x0	R21 = 0x0	R22 = 0x0	R23 = 0x0	R24 = 0x0	R25 = 0x0	R26 = 0x0	R27 = 0x0	R28 = 0x0	R29 = 0x0	R30 = 0x0	R31 = 0x0
Command at each pipe stage:
	IF : ADD $22 , $21(=0x0) , $20(=0x0)
	ID : ADD $21 , $20(=0x0) , $19(=0x0)
	EXE : ADD $20 , $19(=0x1055) , $18(=0xA18)
	MEM : ADD $19 , $18(=0xA18) , $17(=0x63D)
	WB : ADD $18 , $17(=0x63D) , $16(=0x3DB)


Simulation on cycle 26. The state is:
PC = 0x58
Register file:
	R0 = 0x0	R1 = 0x1	R2 = 0x1	R3 = 0x2	R4 = 0x3	R5 = 0x5	R6 = 0x8	R7 = 0xD	R8 = 0x15	R9 = 0x22	R10 = 0x37	R11 = 0x59	R12 = 0x90	R13 = 0xE9	R14 = 0x179	R15 = 0x262	R16 = 0x3DB	R17 = 0x63D	R18 = 0xA18	R19 = 0x1055	R20 = 0x0	R21 = 0x0	R22 = 0x0	R23 = 0x0	R24 = 0x0	R25 = 0x0	R26 = 0x0	R27 = 0x0	R28 = 0x0	R29 = 0x0	R30 = 0x0	R31 = 0x0
Command at each pipe stage:
	IF : ADD $23 , $22(=0x0) , $21(=0x0)
	ID : ADD $22 , $21(=0x0) , $20(=0x0)
	EXE : ADD $21 , $20(=0x1A6D) , $19(=0x1055)
	MEM : ADD $20 , $19(=0x1055) , $18(=0xA18)
	WB : ADD $19 , $18(=0xA18) , $17(=0x63D)


Simulation on cycle 27. The state is:
PC = 0x5C
Register file:
	R0 = 0x0	R1 = 0x1	R2 = 0x1	R3 = 0x2	R4 = 0x3	R5 = 0x5	R6 = 0x8	R7 = 0xD	R8 = 0x15	R9 = 0x22	R10 = 0x37	R11 = 0x59	R12 = 0x90	R13 = 0xE9	R14 = 0x179	R15 = 0x262	R16 = 0x3DB	R17 = 0x63D	R18 = 0xA18	R19 = 0x1055	R20 = 0x1A6D	R21 = 0x0	R22 = 0x0	R23 = 0x0	R24 = 0x0	R25 = 0x0	R26 = 0x0	R27 = 0x0	R28 = 0x0	R29 = 0x0	R30 = 0x0	R31 = 0x0
Command at each pipe stage:
	IF : ADD $24 , $23(=0x0) , $22(=0x0)
	ID : ADD $23 , $22(=0x0) , $21(=0x0)
	EXE : ADD $22 , $21(=0x2AC2) , $20(=0x1A6D)
	MEM : ADD $21 , $20(=0x1A6D) , $19(=0x1055)
	WB : ADD $20 , $19(=0x1055) , $18(=0xA18)


Simulation on cycle 28. The state is:
PC = 0x60
Register file:
	R0 = 0x0	R1 = 0x1	R2 = 0x1	R3 = 0x2	R4 = 0x3	R5 = 0x5	R6 = 0x8	R7 = 0xD	R8 = 0x15	R9 = 0x22	R10 = 0x37	R11 = 0x59	R12 = 0x90	R13 = 0xE9	R14 = 0x179	R15 = 0x262	R16 = 0x3DB	R17 = 0x63D	R18 = 0xA18	R19 = 0x1055	R20 = 0x1A6D	R21 = 0x2AC2	R22 = 0x0	R23 = 0x0	R24 = 0x0	R25 = 0x0	R26 = 0x0	R27 = 0x0	R28 = 0x0	R29 = 0x0	R30 = 0x0	R31 = 0x0
Command at each pipe stage:
	IF : ADD $25 , $24(=0x0) , $23(=0x0)
	ID : ADD $24 , $23(=0x0) , $22(=0x0)
	EXE : ADD $23 , $22(=0x452F) , $21(=0x2AC2)
	MEM : ADD $22 , $21(=0x2AC2) , $20(=0x1A6D)
	WB : ADD $21 , $20(=0x1A6D) , $19(=0x1055)


Simulation on cycle 29. The state is:
PC = 0x64
Register file:
	R0 = 0x0	R1 = 0x1	R2 = 0x1	R3 = 0x2	R4 = 0x3	R5 = 0x5	R6 = 0x8	R7 = 0xD	R8 = 0x15	R9 = 0x22	R10 = 0x37	R11 = 0x59	R12 = 0x90	R13 = 0xE9	R14 = 0x179	R15 = 0x262	R16 = 0x3DB	R17 = 0x63D	R18 = 0xA18	R19 = 0x1055	R20 = 0x1A6D	R21 = 0x2AC2	R22 = 0x452F	R23 = 0x0	R24 = 0x0	R25 = 0x0	R26 = 0x0	R27 = 0x0	R28 = 0x0	R29 = 0x0	R30 = 0x0	R31 = 0x0
Command at each pipe stage:
	IF : ADD $26 , $25(=0x0) , $24(=0x0)
	ID : ADD $25 , $24(=0x0) , $23(=0x0)
	EXE : ADD $24 , $23(=0x6FF1) , $22(=0x452F)
	MEM : ADD $23 , $22(=0x452F) , $21(=0x2AC2)
	WB : ADD $22 , $21(=0x2AC2) , $20(=0x1A6D)


Simulation on cycle 30. The state is:
PC = 0x68
Register file:
	R0 = 0x0	R1 = 0x1	R2 = 0x1	R3 = 0x2	R4 = 0x3	R5 = 0x5	R6 = 0x8	R7 = 0xD	R8 = 0x15	R9 = 0x22	R10 = 0x37	R11 = 0x59	R12 = 0x90	R13 = 0xE9	R14 = 0x179	R15 = 0x262	R16 = 0x3DB	R17 = 0x63D	R18 = 0xA18	R19 = 0x1055	R20 = 0x1A6D	R21 = 0x2AC2	R22 = 0x452F	R23 = 0x6FF1	R24 = 0x0	R25 = 0x0	R26 = 0x0	R27 = 0x0	R28 = 0x0	R29 = 0x0	R30 = 0x0	R31 = 0x0
Command at each pipe stage:
	IF : ADD $27 , $26(=0x0) , $25(=0x0)
	ID : ADD $26 , $25(=0x0) , $24(=0x0)
	EXE : ADD $25 , $24(=0xB520) , $23(=0x6FF1)
	MEM : ADD $24 , $23(=0x6FF1) , $22(=0x452F)
	WB : ADD $23 , $22(=0x452F) , $21(=0x2AC2)


Simulation on cycle 31. The state is:
PC = 0x6C
Register file:
	R0 = 0x0	R1 = 0x1	R2 = 0x1	R3 = 0x2	R4 = 0x3	R5 = 0x5	R6 = 0x8	R7 = 0xD	R8 = 0x15	R9 = 0x22	R10 = 0x37	R11 = 0x59	R12 = 0x90	R13 = 0xE9	R14 = 0x179	R15 = 0x262	R16 = 0x3DB	R17 = 0x63D	R18 = 0xA18	R19 = 0x1055	R20 = 0x1A6D	R21 = 0x2AC2	R22 = 0x452F	R23 = 0x6FF1	R24 = 0xB520	R25 = 0x0	R26 = 0x0	R27 = 0x0	R28 = 0x0	R29 = 0x0	R30 = 0x0	R31 = 0x0
Command at each pipe stage:
	IF : ADD $28 , $27(=0x0) , $26(=0x0)
	ID : ADD $27 , $26(=0x0) , $25(=0x0)
	EXE : ADD $26 , $25(=0x12511) , $24(=0xB520)
	MEM : ADD $25 , $24(=0xB520) , $23(=0x6FF1)
	WB : ADD $24 , $23(=0x6FF1) , $22(=0x452F)


Simulation on cycle 32. The state is:
PC = 0x70
Register file:
	R0 = 0x0	R1 = 0x1	R2 = 0x1	R3 = 0x2	R4 = 0x3	R5 = 0x5	R6 = 0x8	R7 = 0xD	R8 = 0x15	R9 = 0x22	R10 = 0x37	R11 = 0x59	R12 = 0x90	R13 = 0xE9	R14 = 0x179	R15 = 0x262	R16 = 0x3DB	R17 = 0x63D	R18 = 0xA18	R19 = 0x1055	R20 = 0x1A6D	R21 = 0x2AC2	R22 = 0x452F	R23 = 0x6FF1	R24 = 0xB520	R25 = 0x12511	R26 = 0x0	R27 = 0x0	R28 = 0x0	R29 = 0x0	R30 = 0x0	R31 = 0x0
Command at each pipe stage:
	IF : ADD $29 , $28(=0x0) , $27(=0x0)
	ID : ADD $28 , $27(=0x0) , $26(=0x0)
	EXE : ADD $27 , $26(=0x1DA31) , $25(=0x12511)
	MEM : ADD $26 , $25(=0x12511) , $24(=0xB520)
	WB : ADD $25 , $24(=0xB520) , $23(=0x6FF1)


Simulation on cycle 33. The state is:
PC = 0x74
Register file:
	R0 = 0x0	R1 = 0x1	R2 = 0x1	R3 = 0x2	R4 = 0x3	R5 = 0x5	R6 = 0x8	R7 = 0xD	R8 = 0x15	R9 = 0x22	R10 = 0x37	R11 = 0x59	R12 = 0x90	R13 = 0xE9	R14 = 0x179	R15 = 0x262	R16 = 0x3DB	R17 = 0x63D	R18 = 0xA18	R19 = 0x1055	R20 = 0x1A6D	R21 = 0x2AC2	R22 = 0x452F	R23 = 0x6FF1	R24 = 0xB520	R25 = 0x12511	R26 = 0x1DA31	R27 = 0x0	R28 = 0x0	R29 = 0x0	R30 = 0x0	R31 = 0x0
Command at each pipe stage:
	IF : ADD $30 , $29(=0x0) , $28(=0x0)
	ID : ADD $29 , $28(=0x0) , $27(=0x0)
	EXE : ADD $28 , $27(=0x2FF42) , $26(=0x1DA31)
	MEM : ADD $27 , $26(=0x1DA31) , $25(=0x12511)
	WB : ADD $26 , $25(=0x12511) , $24(=0xB520)


Simulation on cycle 34. The state is:
PC = 0x78
Register file:
	R0 = 0x0	R1 = 0x1	R2 = 0x1	R3 = 0x2	R4 = 0x3	R5 = 0x5	R6 = 0x8	R7 = 0xD	R8 = 0x15	R9 = 0x22	R10 = 0x37	R11 = 0x59	R12 = 0x90	R13 = 0xE9	R14 = 0x179	R15 = 0x262	R16 = 0x3DB	R17 = 0x63D	R18 = 0xA18	R19 = 0x1055	R20 = 0x1A6D	R21 = 0x2AC2	R22 = 0x452F	R23 = 0x6FF1	R24 = 0xB520	R25 = 0x12511	R26 = 0x1DA31	R27 = 0x2FF42	R28 = 0x0	R29 = 0x0	R30 = 0x0	R31 = 0x0
Command at each pipe stage:
	IF : HALT $0 , $0(=0x0) , $0(=0x0)
	ID : ADD $30 , $29(=0x0) , $28(=0x0)
	EXE : ADD $29 , $28(=0x4D973) , $27(=0x2FF42)
	MEM : ADD $28 , $27(=0x2FF42) , $26(=0x1DA31)
	WB : ADD $27 , $26(=0x1DA31) , $25(=0x12511)


Simulation on cycle 35. The state is:
PC = 0x7C
Register file:
	R0 = 0x0	R1 = 0x1	R2 = 0x1	R3 = 0x2	R4 = 0x3	R5 = 0x5	R6 = 0x8	R7 = 0xD	R8 = 0x15	R9 = 0x22	R10 = 0x37	R11 = 0x59	R12 = 0x90	R13 = 0xE9	R14 = 0x179	R15 = 0x262	R16 = 0x3DB	R17 = 0x63D	R18 = 0xA18	R19 = 0x1055	R20 = 0x1A6D	R21 = 0x2AC2	R22 = 0x452F	R23 = 0x6FF1	R24 = 0xB520	R25 = 0x12511	R26 = 0x1DA31	R27 = 0x2FF42	R28 = 0x4D973	R29 = 0x0	R30 = 0x0	R31 = 0x0
Command at each pipe stage:
	IF : NOP $0 , $0(=0x0) , $0(=0x0)
	ID : HALT $0 , $0(=0x0) , $0(=0x0)
	EXE : ADD $30 , $29(=0x7D8B5) , $28(=0x4D973)
	MEM : ADD $29 , $28(=0x4D973) , $27(=0x2FF42)
	WB : ADD $28 , $27(=0x2FF42) , $26(=0x1DA31)


Simulation on cycle 36. The state is:
PC = 0x80
Register file:
	R0 = 0x0	R1 = 0x1	R2 = 0x1	R3 = 0x2	R4 = 0x3	R5 = 0x5	R6 = 0x8	R7 = 0xD	R8 = 0x15	R9 = 0x22	R10 = 0x37	R11 = 0x59	R12 = 0x90	R13 = 0xE9	R14 = 0x179	R15 = 0x262	R16 = 0x3DB	R17 = 0x63D	R18 = 0xA18	R19 = 0x1055	R20 = 0x1A6D	R21 = 0x2AC2	R22 = 0x452F	R23 = 0x6FF1	R24 = 0xB520	R25 = 0x12511	R26 = 0x1DA31	R27 = 0x2FF42	R28 = 0x4D973	R29 = 0x7D8B5	R30 = 0x0	R31 = 0x0
Command at each pipe stage:
	IF : NOP $0 , $0(=0x0) , $0(=0x0)
	ID : NOP $0 , $0(=0x0) , $0(=0x0)
	EXE : HALT $0 , $0(=0x0) , $0(=0x0)
	MEM : ADD $30 , $29(=0x7D8B5) , $28(=0x4D973)
	WB : ADD $29 , $28(=0x4D973) , $27(=0x2FF42)


Simulation on cycle 37. The state is:
PC = 0x84
Register file:
	R0 = 0x0	R1 = 0x1	R2 = 0x1	R3 = 0x2	R4 = 0x3	R5 = 0x5	R6 = 0x8	R7 = 0xD	R8 = 0x15	R9 = 0x22	R10 = 0x37	R11 = 0x59	R12 = 0x90	R13 = 0xE9	R14 = 0x179	R15 = 0x262	R16 = 0x3DB	R17 = 0x63D	R18 = 0xA18	R19 = 0x1055	R20 = 0x1A6D	R21 = 0x2AC2	R22 = 0x452F	R23 = 0x6FF1	R24 = 0xB520	R25 = 0x12511	R26 = 0x1DA31	R27 = 0x2FF42	R28 = 0x4D973	R29 = 0x7D8B5	R30 = 0xCB228	R31 = 0x0
Command at each pipe stage:
	IF : NOP $0 , $0(=0x0) , $0(=0x0)
	ID : NOP $0 , $0(=0x0) , $0(=0x0)
	EXE : NOP $0 , $0(=0x0) , $0(=0x0)
	MEM : HALT $0 , $0(=0x0) , $0(=0x0)
	WB : ADD $30 , $29(=0x7D8B5) , $28(=0x4D973)


Simulation on cycle 38. The state is:
PC = 0x88
Register file:
	R0 = 0x0	R1 = 0x1	R2 = 0x1	R3 = 0x2	R4 = 0x3	R5 = 0x5	R6 = 0x8	R7 = 0xD	R8 = 0x15	R9 = 0x22	R10 = 0x37	R11 = 0x59	R12 = 0x90	R13 = 0xE9	R14 = 0x179	R15 = 0x262	R16 = 0x3DB	R17 = 0x63D	R18 = 0xA18	R19 = 0x1055	R20 = 0x1A6D	R21 = 0x2AC2	R22 = 0x452F	R23 = 0x6FF1	R24 = 0xB520	R25 = 0x12511	R26 = 0x1DA31	R27 = 0x2FF42	R28 = 0x4D973	R29 = 0x7D8B5	R30 = 0xCB228	R31 = 0x0
Command at each pipe stage:
	IF : NOP $0 , $0(=0x0) , $0(=0x0)
	ID : NOP $0 , $0(=0x0) , $0(=0x0)
	EXE : NOP $0 , $0(=0x0) , $0(=0x0)
	MEM : NOP $0 , $0(=0x0) , $0(=0x0)
	WB : HALT $0 , $0(=0x0) , $0(=0x0)
Program successfully ran for 38 cycles
